<?xml version="1.0" encoding="UTF-8"?>
<testsuite xmlns:xsi="http://www.w3.org/2001/XMLSchema-instance" xsi:noNamespaceSchemaLocation="https://maven.apache.org/surefire/maven-surefire-plugin/xsd/surefire-test-report-3.0.xsd" version="3.0" name="com.safetynet.SafetyNetAlerts.SafetyNetAlertsControllerTest" time="13.931" tests="44" errors="0" skipped="0" failures="0">
  <properties>
    <property name="java.specification.version" value="17"/>
    <property name="sun.cpu.isalist" value="amd64"/>
    <property name="sun.jnu.encoding" value="Cp1252"/>
    <property name="java.class.path" value="C:\Users\indov\git\SafetyNetAlerts\SafetyNetAlerts\target\test-classes;C:\Users\indov\git\SafetyNetAlerts\SafetyNetAlerts\target\classes;C:\Users\indov\.m2\repository\org\springframework\boot\spring-boot-starter-web\3.1.1\spring-boot-starter-web-3.1.1.jar;C:\Users\indov\.m2\repository\org\springframework\boot\spring-boot-starter\3.1.1\spring-boot-starter-3.1.1.jar;C:\Users\indov\.m2\repository\org\springframework\boot\spring-boot\3.1.1\spring-boot-3.1.1.jar;C:\Users\indov\.m2\repository\org\springframework\boot\spring-boot-autoconfigure\3.1.1\spring-boot-autoconfigure-3.1.1.jar;C:\Users\indov\.m2\repository\org\springframework\boot\spring-boot-starter-logging\3.1.1\spring-boot-starter-logging-3.1.1.jar;C:\Users\indov\.m2\repository\ch\qos\logback\logback-classic\1.4.8\logback-classic-1.4.8.jar;C:\Users\indov\.m2\repository\ch\qos\logback\logback-core\1.4.8\logback-core-1.4.8.jar;C:\Users\indov\.m2\repository\org\apache\logging\log4j\log4j-to-slf4j\2.20.0\log4j-to-slf4j-2.20.0.jar;C:\Users\indov\.m2\repository\org\slf4j\jul-to-slf4j\2.0.7\jul-to-slf4j-2.0.7.jar;C:\Users\indov\.m2\repository\jakarta\annotation\jakarta.annotation-api\2.1.1\jakarta.annotation-api-2.1.1.jar;C:\Users\indov\.m2\repository\org\yaml\snakeyaml\1.33\snakeyaml-1.33.jar;C:\Users\indov\.m2\repository\org\springframework\boot\spring-boot-starter-json\3.1.1\spring-boot-starter-json-3.1.1.jar;C:\Users\indov\.m2\repository\com\fasterxml\jackson\core\jackson-databind\2.15.2\jackson-databind-2.15.2.jar;C:\Users\indov\.m2\repository\com\fasterxml\jackson\core\jackson-core\2.15.2\jackson-core-2.15.2.jar;C:\Users\indov\.m2\repository\com\fasterxml\jackson\datatype\jackson-datatype-jdk8\2.15.2\jackson-datatype-jdk8-2.15.2.jar;C:\Users\indov\.m2\repository\com\fasterxml\jackson\datatype\jackson-datatype-jsr310\2.15.2\jackson-datatype-jsr310-2.15.2.jar;C:\Users\indov\.m2\repository\com\fasterxml\jackson\module\jackson-module-parameter-names\2.15.2\jackson-module-parameter-names-2.15.2.jar;C:\Users\indov\.m2\repository\org\springframework\boot\spring-boot-starter-tomcat\3.1.1\spring-boot-starter-tomcat-3.1.1.jar;C:\Users\indov\.m2\repository\org\apache\tomcat\embed\tomcat-embed-core\10.1.10\tomcat-embed-core-10.1.10.jar;C:\Users\indov\.m2\repository\org\apache\tomcat\embed\tomcat-embed-el\10.1.10\tomcat-embed-el-10.1.10.jar;C:\Users\indov\.m2\repository\org\apache\tomcat\embed\tomcat-embed-websocket\10.1.10\tomcat-embed-websocket-10.1.10.jar;C:\Users\indov\.m2\repository\org\springframework\spring-web\6.0.10\spring-web-6.0.10.jar;C:\Users\indov\.m2\repository\org\springframework\spring-beans\6.0.10\spring-beans-6.0.10.jar;C:\Users\indov\.m2\repository\io\micrometer\micrometer-observation\1.11.1\micrometer-observation-1.11.1.jar;C:\Users\indov\.m2\repository\io\micrometer\micrometer-commons\1.11.1\micrometer-commons-1.11.1.jar;C:\Users\indov\.m2\repository\org\springframework\spring-webmvc\6.0.10\spring-webmvc-6.0.10.jar;C:\Users\indov\.m2\repository\org\springframework\spring-aop\6.0.10\spring-aop-6.0.10.jar;C:\Users\indov\.m2\repository\org\springframework\spring-context\6.0.10\spring-context-6.0.10.jar;C:\Users\indov\.m2\repository\org\springframework\spring-expression\6.0.10\spring-expression-6.0.10.jar;C:\Users\indov\.m2\repository\org\mockito\mockito-junit-jupiter\2.23.4\mockito-junit-jupiter-2.23.4.jar;C:\Users\indov\.m2\repository\org\mockito\mockito-core\5.3.1\mockito-core-5.3.1.jar;C:\Users\indov\.m2\repository\net\bytebuddy\byte-buddy\1.14.5\byte-buddy-1.14.5.jar;C:\Users\indov\.m2\repository\net\bytebuddy\byte-buddy-agent\1.14.5\byte-buddy-agent-1.14.5.jar;C:\Users\indov\.m2\repository\org\objenesis\objenesis\3.3\objenesis-3.3.jar;C:\Users\indov\.m2\repository\org\junit\jupiter\junit-jupiter-api\5.9.3\junit-jupiter-api-5.9.3.jar;C:\Users\indov\.m2\repository\org\opentest4j\opentest4j\1.2.0\opentest4j-1.2.0.jar;C:\Users\indov\.m2\repository\org\junit\platform\junit-platform-commons\1.9.3\junit-platform-commons-1.9.3.jar;C:\Users\indov\.m2\repository\org\apiguardian\apiguardian-api\1.1.2\apiguardian-api-1.1.2.jar;C:\Users\indov\.m2\repository\org\json\json\20140107\json-20140107.jar;C:\Users\indov\.m2\repository\org\apache\logging\log4j\log4j-api\2.19.0\log4j-api-2.19.0.jar;C:\Users\indov\.m2\repository\org\apache\logging\log4j\log4j-core\2.19.0\log4j-core-2.19.0.jar;C:\Users\indov\.m2\repository\org\springdoc\springdoc-openapi-starter-webmvc-ui\2.1.0\springdoc-openapi-starter-webmvc-ui-2.1.0.jar;C:\Users\indov\.m2\repository\org\springdoc\springdoc-openapi-starter-webmvc-api\2.1.0\springdoc-openapi-starter-webmvc-api-2.1.0.jar;C:\Users\indov\.m2\repository\org\springdoc\springdoc-openapi-starter-common\2.1.0\springdoc-openapi-starter-common-2.1.0.jar;C:\Users\indov\.m2\repository\io\swagger\core\v3\swagger-core-jakarta\2.2.9\swagger-core-jakarta-2.2.9.jar;C:\Users\indov\.m2\repository\io\swagger\core\v3\swagger-annotations-jakarta\2.2.9\swagger-annotations-jakarta-2.2.9.jar;C:\Users\indov\.m2\repository\io\swagger\core\v3\swagger-models-jakarta\2.2.9\swagger-models-jakarta-2.2.9.jar;C:\Users\indov\.m2\repository\jakarta\validation\jakarta.validation-api\3.0.2\jakarta.validation-api-3.0.2.jar;C:\Users\indov\.m2\repository\com\fasterxml\jackson\dataformat\jackson-dataformat-yaml\2.15.2\jackson-dataformat-yaml-2.15.2.jar;C:\Users\indov\.m2\repository\org\webjars\swagger-ui\4.18.2\swagger-ui-4.18.2.jar;C:\Users\indov\.m2\repository\org\springframework\boot\spring-boot-starter-test\3.1.1\spring-boot-starter-test-3.1.1.jar;C:\Users\indov\.m2\repository\org\springframework\boot\spring-boot-test\3.1.1\spring-boot-test-3.1.1.jar;C:\Users\indov\.m2\repository\org\springframework\boot\spring-boot-test-autoconfigure\3.1.1\spring-boot-test-autoconfigure-3.1.1.jar;C:\Users\indov\.m2\repository\com\jayway\jsonpath\json-path\2.8.0\json-path-2.8.0.jar;C:\Users\indov\.m2\repository\jakarta\xml\bind\jakarta.xml.bind-api\4.0.0\jakarta.xml.bind-api-4.0.0.jar;C:\Users\indov\.m2\repository\jakarta\activation\jakarta.activation-api\2.1.2\jakarta.activation-api-2.1.2.jar;C:\Users\indov\.m2\repository\org\assertj\assertj-core\3.24.2\assertj-core-3.24.2.jar;C:\Users\indov\.m2\repository\org\hamcrest\hamcrest\2.2\hamcrest-2.2.jar;C:\Users\indov\.m2\repository\org\junit\jupiter\junit-jupiter\5.9.3\junit-jupiter-5.9.3.jar;C:\Users\indov\.m2\repository\org\junit\jupiter\junit-jupiter-params\5.9.3\junit-jupiter-params-5.9.3.jar;C:\Users\indov\.m2\repository\org\junit\jupiter\junit-jupiter-engine\5.9.3\junit-jupiter-engine-5.9.3.jar;C:\Users\indov\.m2\repository\org\junit\platform\junit-platform-engine\1.9.3\junit-platform-engine-1.9.3.jar;C:\Users\indov\.m2\repository\org\skyscreamer\jsonassert\1.5.1\jsonassert-1.5.1.jar;C:\Users\indov\.m2\repository\com\vaadin\external\google\android-json\0.0.20131108.vaadin1\android-json-0.0.20131108.vaadin1.jar;C:\Users\indov\.m2\repository\org\springframework\spring-core\6.0.10\spring-core-6.0.10.jar;C:\Users\indov\.m2\repository\org\springframework\spring-jcl\6.0.10\spring-jcl-6.0.10.jar;C:\Users\indov\.m2\repository\org\springframework\spring-test\6.0.10\spring-test-6.0.10.jar;C:\Users\indov\.m2\repository\org\xmlunit\xmlunit-core\2.9.1\xmlunit-core-2.9.1.jar;C:\Users\indov\.m2\repository\net\minidev\json-smart\2.4.11\json-smart-2.4.11.jar;C:\Users\indov\.m2\repository\net\minidev\accessors-smart\2.4.11\accessors-smart-2.4.11.jar;C:\Users\indov\.m2\repository\org\ow2\asm\asm\9.3\asm-9.3.jar;C:\Users\indov\.m2\repository\org\projectlombok\lombok\1.18.28\lombok-1.18.28.jar;C:\Users\indov\.m2\repository\io\springfox\springfox-swagger2\2.7.0\springfox-swagger2-2.7.0.jar;C:\Users\indov\.m2\repository\io\swagger\swagger-annotations\1.5.13\swagger-annotations-1.5.13.jar;C:\Users\indov\.m2\repository\io\swagger\swagger-models\1.5.13\swagger-models-1.5.13.jar;C:\Users\indov\.m2\repository\com\fasterxml\jackson\core\jackson-annotations\2.15.2\jackson-annotations-2.15.2.jar;C:\Users\indov\.m2\repository\io\springfox\springfox-spi\2.7.0\springfox-spi-2.7.0.jar;C:\Users\indov\.m2\repository\io\springfox\springfox-core\2.7.0\springfox-core-2.7.0.jar;C:\Users\indov\.m2\repository\io\springfox\springfox-schema\2.7.0\springfox-schema-2.7.0.jar;C:\Users\indov\.m2\repository\io\springfox\springfox-swagger-common\2.7.0\springfox-swagger-common-2.7.0.jar;C:\Users\indov\.m2\repository\io\springfox\springfox-spring-web\2.7.0\springfox-spring-web-2.7.0.jar;C:\Users\indov\.m2\repository\org\reflections\reflections\0.9.11\reflections-0.9.11.jar;C:\Users\indov\.m2\repository\org\javassist\javassist\3.21.0-GA\javassist-3.21.0-GA.jar;C:\Users\indov\.m2\repository\com\google\guava\guava\18.0\guava-18.0.jar;C:\Users\indov\.m2\repository\com\fasterxml\classmate\1.5.1\classmate-1.5.1.jar;C:\Users\indov\.m2\repository\org\slf4j\slf4j-api\2.0.7\slf4j-api-2.0.7.jar;C:\Users\indov\.m2\repository\org\springframework\plugin\spring-plugin-core\1.2.0.RELEASE\spring-plugin-core-1.2.0.RELEASE.jar;C:\Users\indov\.m2\repository\org\springframework\plugin\spring-plugin-metadata\1.2.0.RELEASE\spring-plugin-metadata-1.2.0.RELEASE.jar;C:\Users\indov\.m2\repository\org\mapstruct\mapstruct\1.1.0.Final\mapstruct-1.1.0.Final.jar;C:\Users\indov\.m2\repository\org\apache\maven\plugins\maven-javadoc-plugin\3.5.0\maven-javadoc-plugin-3.5.0.jar;C:\Users\indov\.m2\repository\javax\inject\javax.inject\1\javax.inject-1.jar;C:\Users\indov\.m2\repository\org\apache\maven\reporting\maven-reporting-api\3.1.1\maven-reporting-api-3.1.1.jar;C:\Users\indov\.m2\repository\org\apache\maven\maven-archiver\3.6.0\maven-archiver-3.6.0.jar;C:\Users\indov\.m2\repository\org\codehaus\plexus\plexus-io\3.4.0\plexus-io-3.4.0.jar;C:\Users\indov\.m2\repository\org\codehaus\plexus\plexus-archiver\4.4.0\plexus-archiver-4.4.0.jar;C:\Users\indov\.m2\repository\org\apache\commons\commons-compress\1.21\commons-compress-1.21.jar;C:\Users\indov\.m2\repository\org\iq80\snappy\snappy\0.4\snappy-0.4.jar;C:\Users\indov\.m2\repository\org\tukaani\xz\1.9\xz-1.9.jar;C:\Users\indov\.m2\repository\org\codehaus\plexus\plexus-interpolation\1.26\plexus-interpolation-1.26.jar;C:\Users\indov\.m2\repository\org\apache\maven\shared\maven-invoker\3.2.0\maven-invoker-3.2.0.jar;C:\Users\indov\.m2\repository\org\apache\maven\shared\maven-shared-utils\3.3.4\maven-shared-utils-3.3.4.jar;C:\Users\indov\.m2\repository\org\apache\maven\shared\maven-common-artifact-filters\3.2.0\maven-common-artifact-filters-3.2.0.jar;C:\Users\indov\.m2\repository\org\apache\maven\maven-artifact\3.1.1\maven-artifact-3.1.1.jar;C:\Users\indov\.m2\repository\org\apache\maven\maven-model\3.1.1\maven-model-3.1.1.jar;C:\Users\indov\.m2\repository\org\apache\maven\maven-core\3.1.1\maven-core-3.1.1.jar;C:\Users\indov\.m2\repository\org\apache\maven\maven-settings\3.1.1\maven-settings-3.1.1.jar;C:\Users\indov\.m2\repository\org\apache\maven\maven-settings-builder\3.1.1\maven-settings-builder-3.1.1.jar;C:\Users\indov\.m2\repository\org\apache\maven\maven-repository-metadata\3.1.1\maven-repository-metadata-3.1.1.jar;C:\Users\indov\.m2\repository\org\apache\maven\maven-model-builder\3.1.1\maven-model-builder-3.1.1.jar;C:\Users\indov\.m2\repository\org\apache\maven\maven-aether-provider\3.1.1\maven-aether-provider-3.1.1.jar;C:\Users\indov\.m2\repository\org\eclipse\aether\aether-spi\0.9.0.M2\aether-spi-0.9.0.M2.jar;C:\Users\indov\.m2\repository\org\eclipse\aether\aether-impl\0.9.0.M2\aether-impl-0.9.0.M2.jar;C:\Users\indov\.m2\repository\org\codehaus\plexus\plexus-classworlds\2.5.1\plexus-classworlds-2.5.1.jar;C:\Users\indov\.m2\repository\org\sonatype\plexus\plexus-sec-dispatcher\1.3\plexus-sec-dispatcher-1.3.jar;C:\Users\indov\.m2\repository\org\sonatype\plexus\plexus-cipher\1.4\plexus-cipher-1.4.jar;C:\Users\indov\.m2\repository\org\apache\maven\maven-plugin-api\3.1.1\maven-plugin-api-3.1.1.jar;C:\Users\indov\.m2\repository\org\eclipse\aether\aether-api\0.9.0.M2\aether-api-0.9.0.M2.jar;C:\Users\indov\.m2\repository\org\eclipse\aether\aether-util\0.9.0.M2\aether-util-0.9.0.M2.jar;C:\Users\indov\.m2\repository\org\eclipse\sisu\org.eclipse.sisu.plexus\0.0.0.M5\org.eclipse.sisu.plexus-0.0.0.M5.jar;C:\Users\indov\.m2\repository\javax\enterprise\cdi-api\1.0\cdi-api-1.0.jar;C:\Users\indov\.m2\repository\javax\annotation\jsr250-api\1.0\jsr250-api-1.0.jar;C:\Users\indov\.m2\repository\org\sonatype\sisu\sisu-guice\3.1.0\sisu-guice-3.1.0-no_aop.jar;C:\Users\indov\.m2\repository\aopalliance\aopalliance\1.0\aopalliance-1.0.jar;C:\Users\indov\.m2\repository\org\eclipse\sisu\org.eclipse.sisu.inject\0.0.0.M5\org.eclipse.sisu.inject-0.0.0.M5.jar;C:\Users\indov\.m2\repository\org\apache\maven\doxia\doxia-sink-api\1.11.1\doxia-sink-api-1.11.1.jar;C:\Users\indov\.m2\repository\org\apache\maven\doxia\doxia-logging-api\1.11.1\doxia-logging-api-1.11.1.jar;C:\Users\indov\.m2\repository\org\apache\maven\doxia\doxia-site-renderer\1.11.1\doxia-site-renderer-1.11.1.jar;C:\Users\indov\.m2\repository\org\apache\maven\doxia\doxia-core\1.11.1\doxia-core-1.11.1.jar;C:\Users\indov\.m2\repository\org\apache\maven\doxia\doxia-decoration-model\1.11.1\doxia-decoration-model-1.11.1.jar;C:\Users\indov\.m2\repository\org\apache\maven\doxia\doxia-skin-model\1.11.1\doxia-skin-model-1.11.1.jar;C:\Users\indov\.m2\repository\org\apache\maven\doxia\doxia-module-xhtml\1.11.1\doxia-module-xhtml-1.11.1.jar;C:\Users\indov\.m2\repository\org\apache\maven\doxia\doxia-module-xhtml5\1.11.1\doxia-module-xhtml5-1.11.1.jar;C:\Users\indov\.m2\repository\org\codehaus\plexus\plexus-component-annotations\2.0.0\plexus-component-annotations-2.0.0.jar;C:\Users\indov\.m2\repository\org\codehaus\plexus\plexus-i18n\1.0-beta-10\plexus-i18n-1.0-beta-10.jar;C:\Users\indov\.m2\repository\org\codehaus\plexus\plexus-container-default\1.0-alpha-30\plexus-container-default-1.0-alpha-30.jar;C:\Users\indov\.m2\repository\junit\junit\4.13.2\junit-4.13.2.jar;C:\Users\indov\.m2\repository\org\hamcrest\hamcrest-core\2.2\hamcrest-core-2.2.jar;C:\Users\indov\.m2\repository\org\codehaus\plexus\plexus-velocity\1.2\plexus-velocity-1.2.jar;C:\Users\indov\.m2\repository\org\apache\velocity\velocity\1.7\velocity-1.7.jar;C:\Users\indov\.m2\repository\commons-lang\commons-lang\2.4\commons-lang-2.4.jar;C:\Users\indov\.m2\repository\org\apache\velocity\velocity-tools\2.0\velocity-tools-2.0.jar;C:\Users\indov\.m2\repository\commons-beanutils\commons-beanutils\1.7.0\commons-beanutils-1.7.0.jar;C:\Users\indov\.m2\repository\commons-digester\commons-digester\1.8\commons-digester-1.8.jar;C:\Users\indov\.m2\repository\commons-chain\commons-chain\1.1\commons-chain-1.1.jar;C:\Users\indov\.m2\repository\dom4j\dom4j\1.1\dom4j-1.1.jar;C:\Users\indov\.m2\repository\oro\oro\2.0.8\oro-2.0.8.jar;C:\Users\indov\.m2\repository\commons-collections\commons-collections\3.2.2\commons-collections-3.2.2.jar;C:\Users\indov\.m2\repository\org\apache\maven\wagon\wagon-provider-api\2.4\wagon-provider-api-2.4.jar;C:\Users\indov\.m2\repository\org\apache\commons\commons-lang3\3.12.0\commons-lang3-3.12.0.jar;C:\Users\indov\.m2\repository\org\apache\commons\commons-text\1.10.0\commons-text-1.10.0.jar;C:\Users\indov\.m2\repository\org\apache\httpcomponents\httpclient\4.5.14\httpclient-4.5.14.jar;C:\Users\indov\.m2\repository\commons-logging\commons-logging\1.2\commons-logging-1.2.jar;C:\Users\indov\.m2\repository\commons-codec\commons-codec\1.15\commons-codec-1.15.jar;C:\Users\indov\.m2\repository\org\apache\httpcomponents\httpcore\4.4.16\httpcore-4.4.16.jar;C:\Users\indov\.m2\repository\com\thoughtworks\qdox\qdox\2.0.3\qdox-2.0.3.jar;C:\Users\indov\.m2\repository\org\codehaus\plexus\plexus-java\1.1.2\plexus-java-1.1.2.jar;C:\Users\indov\.m2\repository\org\codehaus\plexus\plexus-utils\3.5.0\plexus-utils-3.5.0.jar;C:\Users\indov\.m2\repository\commons-io\commons-io\2.11.0\commons-io-2.11.0.jar;C:\Users\indov\.m2\repository\org\codehaus\plexus\plexus-interactivity-api\1.1\plexus-interactivity-api-1.1.jar;"/>
    <property name="java.vm.vendor" value="Eclipse Adoptium"/>
    <property name="sun.arch.data.model" value="64"/>
    <property name="user.variant" value=""/>
    <property name="java.vendor.url" value="https://adoptium.net/"/>
    <property name="user.timezone" value="Europe/Paris"/>
    <property name="os.name" value="Windows 11"/>
    <property name="java.vm.specification.version" value="17"/>
    <property name="sun.java.launcher" value="SUN_STANDARD"/>
    <property name="user.country" value="FR"/>
    <property name="sun.boot.library.path" value="C:\Program Files\Eclipse Adoptium\jdk-17.0.6.10-hotspot\bin"/>
    <property name="sun.java.command" value="C:\Users\indov\AppData\Local\Temp\surefire11705271472347080504\surefirebooter-20230807151344418_3.jar C:\Users\indov\AppData\Local\Temp\surefire11705271472347080504 2023-08-07T15-13-44_312-jvmRun1 surefire-20230807151344418_1tmp surefire_0-20230807151344418_2tmp"/>
    <property name="jdk.debug" value="release"/>
    <property name="surefire.test.class.path" value="C:\Users\indov\git\SafetyNetAlerts\SafetyNetAlerts\target\test-classes;C:\Users\indov\git\SafetyNetAlerts\SafetyNetAlerts\target\classes;C:\Users\indov\.m2\repository\org\springframework\boot\spring-boot-starter-web\3.1.1\spring-boot-starter-web-3.1.1.jar;C:\Users\indov\.m2\repository\org\springframework\boot\spring-boot-starter\3.1.1\spring-boot-starter-3.1.1.jar;C:\Users\indov\.m2\repository\org\springframework\boot\spring-boot\3.1.1\spring-boot-3.1.1.jar;C:\Users\indov\.m2\repository\org\springframework\boot\spring-boot-autoconfigure\3.1.1\spring-boot-autoconfigure-3.1.1.jar;C:\Users\indov\.m2\repository\org\springframework\boot\spring-boot-starter-logging\3.1.1\spring-boot-starter-logging-3.1.1.jar;C:\Users\indov\.m2\repository\ch\qos\logback\logback-classic\1.4.8\logback-classic-1.4.8.jar;C:\Users\indov\.m2\repository\ch\qos\logback\logback-core\1.4.8\logback-core-1.4.8.jar;C:\Users\indov\.m2\repository\org\apache\logging\log4j\log4j-to-slf4j\2.20.0\log4j-to-slf4j-2.20.0.jar;C:\Users\indov\.m2\repository\org\slf4j\jul-to-slf4j\2.0.7\jul-to-slf4j-2.0.7.jar;C:\Users\indov\.m2\repository\jakarta\annotation\jakarta.annotation-api\2.1.1\jakarta.annotation-api-2.1.1.jar;C:\Users\indov\.m2\repository\org\yaml\snakeyaml\1.33\snakeyaml-1.33.jar;C:\Users\indov\.m2\repository\org\springframework\boot\spring-boot-starter-json\3.1.1\spring-boot-starter-json-3.1.1.jar;C:\Users\indov\.m2\repository\com\fasterxml\jackson\core\jackson-databind\2.15.2\jackson-databind-2.15.2.jar;C:\Users\indov\.m2\repository\com\fasterxml\jackson\core\jackson-core\2.15.2\jackson-core-2.15.2.jar;C:\Users\indov\.m2\repository\com\fasterxml\jackson\datatype\jackson-datatype-jdk8\2.15.2\jackson-datatype-jdk8-2.15.2.jar;C:\Users\indov\.m2\repository\com\fasterxml\jackson\datatype\jackson-datatype-jsr310\2.15.2\jackson-datatype-jsr310-2.15.2.jar;C:\Users\indov\.m2\repository\com\fasterxml\jackson\module\jackson-module-parameter-names\2.15.2\jackson-module-parameter-names-2.15.2.jar;C:\Users\indov\.m2\repository\org\springframework\boot\spring-boot-starter-tomcat\3.1.1\spring-boot-starter-tomcat-3.1.1.jar;C:\Users\indov\.m2\repository\org\apache\tomcat\embed\tomcat-embed-core\10.1.10\tomcat-embed-core-10.1.10.jar;C:\Users\indov\.m2\repository\org\apache\tomcat\embed\tomcat-embed-el\10.1.10\tomcat-embed-el-10.1.10.jar;C:\Users\indov\.m2\repository\org\apache\tomcat\embed\tomcat-embed-websocket\10.1.10\tomcat-embed-websocket-10.1.10.jar;C:\Users\indov\.m2\repository\org\springframework\spring-web\6.0.10\spring-web-6.0.10.jar;C:\Users\indov\.m2\repository\org\springframework\spring-beans\6.0.10\spring-beans-6.0.10.jar;C:\Users\indov\.m2\repository\io\micrometer\micrometer-observation\1.11.1\micrometer-observation-1.11.1.jar;C:\Users\indov\.m2\repository\io\micrometer\micrometer-commons\1.11.1\micrometer-commons-1.11.1.jar;C:\Users\indov\.m2\repository\org\springframework\spring-webmvc\6.0.10\spring-webmvc-6.0.10.jar;C:\Users\indov\.m2\repository\org\springframework\spring-aop\6.0.10\spring-aop-6.0.10.jar;C:\Users\indov\.m2\repository\org\springframework\spring-context\6.0.10\spring-context-6.0.10.jar;C:\Users\indov\.m2\repository\org\springframework\spring-expression\6.0.10\spring-expression-6.0.10.jar;C:\Users\indov\.m2\repository\org\mockito\mockito-junit-jupiter\2.23.4\mockito-junit-jupiter-2.23.4.jar;C:\Users\indov\.m2\repository\org\mockito\mockito-core\5.3.1\mockito-core-5.3.1.jar;C:\Users\indov\.m2\repository\net\bytebuddy\byte-buddy\1.14.5\byte-buddy-1.14.5.jar;C:\Users\indov\.m2\repository\net\bytebuddy\byte-buddy-agent\1.14.5\byte-buddy-agent-1.14.5.jar;C:\Users\indov\.m2\repository\org\objenesis\objenesis\3.3\objenesis-3.3.jar;C:\Users\indov\.m2\repository\org\junit\jupiter\junit-jupiter-api\5.9.3\junit-jupiter-api-5.9.3.jar;C:\Users\indov\.m2\repository\org\opentest4j\opentest4j\1.2.0\opentest4j-1.2.0.jar;C:\Users\indov\.m2\repository\org\junit\platform\junit-platform-commons\1.9.3\junit-platform-commons-1.9.3.jar;C:\Users\indov\.m2\repository\org\apiguardian\apiguardian-api\1.1.2\apiguardian-api-1.1.2.jar;C:\Users\indov\.m2\repository\org\json\json\20140107\json-20140107.jar;C:\Users\indov\.m2\repository\org\apache\logging\log4j\log4j-api\2.19.0\log4j-api-2.19.0.jar;C:\Users\indov\.m2\repository\org\apache\logging\log4j\log4j-core\2.19.0\log4j-core-2.19.0.jar;C:\Users\indov\.m2\repository\org\springdoc\springdoc-openapi-starter-webmvc-ui\2.1.0\springdoc-openapi-starter-webmvc-ui-2.1.0.jar;C:\Users\indov\.m2\repository\org\springdoc\springdoc-openapi-starter-webmvc-api\2.1.0\springdoc-openapi-starter-webmvc-api-2.1.0.jar;C:\Users\indov\.m2\repository\org\springdoc\springdoc-openapi-starter-common\2.1.0\springdoc-openapi-starter-common-2.1.0.jar;C:\Users\indov\.m2\repository\io\swagger\core\v3\swagger-core-jakarta\2.2.9\swagger-core-jakarta-2.2.9.jar;C:\Users\indov\.m2\repository\io\swagger\core\v3\swagger-annotations-jakarta\2.2.9\swagger-annotations-jakarta-2.2.9.jar;C:\Users\indov\.m2\repository\io\swagger\core\v3\swagger-models-jakarta\2.2.9\swagger-models-jakarta-2.2.9.jar;C:\Users\indov\.m2\repository\jakarta\validation\jakarta.validation-api\3.0.2\jakarta.validation-api-3.0.2.jar;C:\Users\indov\.m2\repository\com\fasterxml\jackson\dataformat\jackson-dataformat-yaml\2.15.2\jackson-dataformat-yaml-2.15.2.jar;C:\Users\indov\.m2\repository\org\webjars\swagger-ui\4.18.2\swagger-ui-4.18.2.jar;C:\Users\indov\.m2\repository\org\springframework\boot\spring-boot-starter-test\3.1.1\spring-boot-starter-test-3.1.1.jar;C:\Users\indov\.m2\repository\org\springframework\boot\spring-boot-test\3.1.1\spring-boot-test-3.1.1.jar;C:\Users\indov\.m2\repository\org\springframework\boot\spring-boot-test-autoconfigure\3.1.1\spring-boot-test-autoconfigure-3.1.1.jar;C:\Users\indov\.m2\repository\com\jayway\jsonpath\json-path\2.8.0\json-path-2.8.0.jar;C:\Users\indov\.m2\repository\jakarta\xml\bind\jakarta.xml.bind-api\4.0.0\jakarta.xml.bind-api-4.0.0.jar;C:\Users\indov\.m2\repository\jakarta\activation\jakarta.activation-api\2.1.2\jakarta.activation-api-2.1.2.jar;C:\Users\indov\.m2\repository\org\assertj\assertj-core\3.24.2\assertj-core-3.24.2.jar;C:\Users\indov\.m2\repository\org\hamcrest\hamcrest\2.2\hamcrest-2.2.jar;C:\Users\indov\.m2\repository\org\junit\jupiter\junit-jupiter\5.9.3\junit-jupiter-5.9.3.jar;C:\Users\indov\.m2\repository\org\junit\jupiter\junit-jupiter-params\5.9.3\junit-jupiter-params-5.9.3.jar;C:\Users\indov\.m2\repository\org\junit\jupiter\junit-jupiter-engine\5.9.3\junit-jupiter-engine-5.9.3.jar;C:\Users\indov\.m2\repository\org\junit\platform\junit-platform-engine\1.9.3\junit-platform-engine-1.9.3.jar;C:\Users\indov\.m2\repository\org\skyscreamer\jsonassert\1.5.1\jsonassert-1.5.1.jar;C:\Users\indov\.m2\repository\com\vaadin\external\google\android-json\0.0.20131108.vaadin1\android-json-0.0.20131108.vaadin1.jar;C:\Users\indov\.m2\repository\org\springframework\spring-core\6.0.10\spring-core-6.0.10.jar;C:\Users\indov\.m2\repository\org\springframework\spring-jcl\6.0.10\spring-jcl-6.0.10.jar;C:\Users\indov\.m2\repository\org\springframework\spring-test\6.0.10\spring-test-6.0.10.jar;C:\Users\indov\.m2\repository\org\xmlunit\xmlunit-core\2.9.1\xmlunit-core-2.9.1.jar;C:\Users\indov\.m2\repository\net\minidev\json-smart\2.4.11\json-smart-2.4.11.jar;C:\Users\indov\.m2\repository\net\minidev\accessors-smart\2.4.11\accessors-smart-2.4.11.jar;C:\Users\indov\.m2\repository\org\ow2\asm\asm\9.3\asm-9.3.jar;C:\Users\indov\.m2\repository\org\projectlombok\lombok\1.18.28\lombok-1.18.28.jar;C:\Users\indov\.m2\repository\io\springfox\springfox-swagger2\2.7.0\springfox-swagger2-2.7.0.jar;C:\Users\indov\.m2\repository\io\swagger\swagger-annotations\1.5.13\swagger-annotations-1.5.13.jar;C:\Users\indov\.m2\repository\io\swagger\swagger-models\1.5.13\swagger-models-1.5.13.jar;C:\Users\indov\.m2\repository\com\fasterxml\jackson\core\jackson-annotations\2.15.2\jackson-annotations-2.15.2.jar;C:\Users\indov\.m2\repository\io\springfox\springfox-spi\2.7.0\springfox-spi-2.7.0.jar;C:\Users\indov\.m2\repository\io\springfox\springfox-core\2.7.0\springfox-core-2.7.0.jar;C:\Users\indov\.m2\repository\io\springfox\springfox-schema\2.7.0\springfox-schema-2.7.0.jar;C:\Users\indov\.m2\repository\io\springfox\springfox-swagger-common\2.7.0\springfox-swagger-common-2.7.0.jar;C:\Users\indov\.m2\repository\io\springfox\springfox-spring-web\2.7.0\springfox-spring-web-2.7.0.jar;C:\Users\indov\.m2\repository\org\reflections\reflections\0.9.11\reflections-0.9.11.jar;C:\Users\indov\.m2\repository\org\javassist\javassist\3.21.0-GA\javassist-3.21.0-GA.jar;C:\Users\indov\.m2\repository\com\google\guava\guava\18.0\guava-18.0.jar;C:\Users\indov\.m2\repository\com\fasterxml\classmate\1.5.1\classmate-1.5.1.jar;C:\Users\indov\.m2\repository\org\slf4j\slf4j-api\2.0.7\slf4j-api-2.0.7.jar;C:\Users\indov\.m2\repository\org\springframework\plugin\spring-plugin-core\1.2.0.RELEASE\spring-plugin-core-1.2.0.RELEASE.jar;C:\Users\indov\.m2\repository\org\springframework\plugin\spring-plugin-metadata\1.2.0.RELEASE\spring-plugin-metadata-1.2.0.RELEASE.jar;C:\Users\indov\.m2\repository\org\mapstruct\mapstruct\1.1.0.Final\mapstruct-1.1.0.Final.jar;C:\Users\indov\.m2\repository\org\apache\maven\plugins\maven-javadoc-plugin\3.5.0\maven-javadoc-plugin-3.5.0.jar;C:\Users\indov\.m2\repository\javax\inject\javax.inject\1\javax.inject-1.jar;C:\Users\indov\.m2\repository\org\apache\maven\reporting\maven-reporting-api\3.1.1\maven-reporting-api-3.1.1.jar;C:\Users\indov\.m2\repository\org\apache\maven\maven-archiver\3.6.0\maven-archiver-3.6.0.jar;C:\Users\indov\.m2\repository\org\codehaus\plexus\plexus-io\3.4.0\plexus-io-3.4.0.jar;C:\Users\indov\.m2\repository\org\codehaus\plexus\plexus-archiver\4.4.0\plexus-archiver-4.4.0.jar;C:\Users\indov\.m2\repository\org\apache\commons\commons-compress\1.21\commons-compress-1.21.jar;C:\Users\indov\.m2\repository\org\iq80\snappy\snappy\0.4\snappy-0.4.jar;C:\Users\indov\.m2\repository\org\tukaani\xz\1.9\xz-1.9.jar;C:\Users\indov\.m2\repository\org\codehaus\plexus\plexus-interpolation\1.26\plexus-interpolation-1.26.jar;C:\Users\indov\.m2\repository\org\apache\maven\shared\maven-invoker\3.2.0\maven-invoker-3.2.0.jar;C:\Users\indov\.m2\repository\org\apache\maven\shared\maven-shared-utils\3.3.4\maven-shared-utils-3.3.4.jar;C:\Users\indov\.m2\repository\org\apache\maven\shared\maven-common-artifact-filters\3.2.0\maven-common-artifact-filters-3.2.0.jar;C:\Users\indov\.m2\repository\org\apache\maven\maven-artifact\3.1.1\maven-artifact-3.1.1.jar;C:\Users\indov\.m2\repository\org\apache\maven\maven-model\3.1.1\maven-model-3.1.1.jar;C:\Users\indov\.m2\repository\org\apache\maven\maven-core\3.1.1\maven-core-3.1.1.jar;C:\Users\indov\.m2\repository\org\apache\maven\maven-settings\3.1.1\maven-settings-3.1.1.jar;C:\Users\indov\.m2\repository\org\apache\maven\maven-settings-builder\3.1.1\maven-settings-builder-3.1.1.jar;C:\Users\indov\.m2\repository\org\apache\maven\maven-repository-metadata\3.1.1\maven-repository-metadata-3.1.1.jar;C:\Users\indov\.m2\repository\org\apache\maven\maven-model-builder\3.1.1\maven-model-builder-3.1.1.jar;C:\Users\indov\.m2\repository\org\apache\maven\maven-aether-provider\3.1.1\maven-aether-provider-3.1.1.jar;C:\Users\indov\.m2\repository\org\eclipse\aether\aether-spi\0.9.0.M2\aether-spi-0.9.0.M2.jar;C:\Users\indov\.m2\repository\org\eclipse\aether\aether-impl\0.9.0.M2\aether-impl-0.9.0.M2.jar;C:\Users\indov\.m2\repository\org\codehaus\plexus\plexus-classworlds\2.5.1\plexus-classworlds-2.5.1.jar;C:\Users\indov\.m2\repository\org\sonatype\plexus\plexus-sec-dispatcher\1.3\plexus-sec-dispatcher-1.3.jar;C:\Users\indov\.m2\repository\org\sonatype\plexus\plexus-cipher\1.4\plexus-cipher-1.4.jar;C:\Users\indov\.m2\repository\org\apache\maven\maven-plugin-api\3.1.1\maven-plugin-api-3.1.1.jar;C:\Users\indov\.m2\repository\org\eclipse\aether\aether-api\0.9.0.M2\aether-api-0.9.0.M2.jar;C:\Users\indov\.m2\repository\org\eclipse\aether\aether-util\0.9.0.M2\aether-util-0.9.0.M2.jar;C:\Users\indov\.m2\repository\org\eclipse\sisu\org.eclipse.sisu.plexus\0.0.0.M5\org.eclipse.sisu.plexus-0.0.0.M5.jar;C:\Users\indov\.m2\repository\javax\enterprise\cdi-api\1.0\cdi-api-1.0.jar;C:\Users\indov\.m2\repository\javax\annotation\jsr250-api\1.0\jsr250-api-1.0.jar;C:\Users\indov\.m2\repository\org\sonatype\sisu\sisu-guice\3.1.0\sisu-guice-3.1.0-no_aop.jar;C:\Users\indov\.m2\repository\aopalliance\aopalliance\1.0\aopalliance-1.0.jar;C:\Users\indov\.m2\repository\org\eclipse\sisu\org.eclipse.sisu.inject\0.0.0.M5\org.eclipse.sisu.inject-0.0.0.M5.jar;C:\Users\indov\.m2\repository\org\apache\maven\doxia\doxia-sink-api\1.11.1\doxia-sink-api-1.11.1.jar;C:\Users\indov\.m2\repository\org\apache\maven\doxia\doxia-logging-api\1.11.1\doxia-logging-api-1.11.1.jar;C:\Users\indov\.m2\repository\org\apache\maven\doxia\doxia-site-renderer\1.11.1\doxia-site-renderer-1.11.1.jar;C:\Users\indov\.m2\repository\org\apache\maven\doxia\doxia-core\1.11.1\doxia-core-1.11.1.jar;C:\Users\indov\.m2\repository\org\apache\maven\doxia\doxia-decoration-model\1.11.1\doxia-decoration-model-1.11.1.jar;C:\Users\indov\.m2\repository\org\apache\maven\doxia\doxia-skin-model\1.11.1\doxia-skin-model-1.11.1.jar;C:\Users\indov\.m2\repository\org\apache\maven\doxia\doxia-module-xhtml\1.11.1\doxia-module-xhtml-1.11.1.jar;C:\Users\indov\.m2\repository\org\apache\maven\doxia\doxia-module-xhtml5\1.11.1\doxia-module-xhtml5-1.11.1.jar;C:\Users\indov\.m2\repository\org\codehaus\plexus\plexus-component-annotations\2.0.0\plexus-component-annotations-2.0.0.jar;C:\Users\indov\.m2\repository\org\codehaus\plexus\plexus-i18n\1.0-beta-10\plexus-i18n-1.0-beta-10.jar;C:\Users\indov\.m2\repository\org\codehaus\plexus\plexus-container-default\1.0-alpha-30\plexus-container-default-1.0-alpha-30.jar;C:\Users\indov\.m2\repository\junit\junit\4.13.2\junit-4.13.2.jar;C:\Users\indov\.m2\repository\org\hamcrest\hamcrest-core\2.2\hamcrest-core-2.2.jar;C:\Users\indov\.m2\repository\org\codehaus\plexus\plexus-velocity\1.2\plexus-velocity-1.2.jar;C:\Users\indov\.m2\repository\org\apache\velocity\velocity\1.7\velocity-1.7.jar;C:\Users\indov\.m2\repository\commons-lang\commons-lang\2.4\commons-lang-2.4.jar;C:\Users\indov\.m2\repository\org\apache\velocity\velocity-tools\2.0\velocity-tools-2.0.jar;C:\Users\indov\.m2\repository\commons-beanutils\commons-beanutils\1.7.0\commons-beanutils-1.7.0.jar;C:\Users\indov\.m2\repository\commons-digester\commons-digester\1.8\commons-digester-1.8.jar;C:\Users\indov\.m2\repository\commons-chain\commons-chain\1.1\commons-chain-1.1.jar;C:\Users\indov\.m2\repository\dom4j\dom4j\1.1\dom4j-1.1.jar;C:\Users\indov\.m2\repository\oro\oro\2.0.8\oro-2.0.8.jar;C:\Users\indov\.m2\repository\commons-collections\commons-collections\3.2.2\commons-collections-3.2.2.jar;C:\Users\indov\.m2\repository\org\apache\maven\wagon\wagon-provider-api\2.4\wagon-provider-api-2.4.jar;C:\Users\indov\.m2\repository\org\apache\commons\commons-lang3\3.12.0\commons-lang3-3.12.0.jar;C:\Users\indov\.m2\repository\org\apache\commons\commons-text\1.10.0\commons-text-1.10.0.jar;C:\Users\indov\.m2\repository\org\apache\httpcomponents\httpclient\4.5.14\httpclient-4.5.14.jar;C:\Users\indov\.m2\repository\commons-logging\commons-logging\1.2\commons-logging-1.2.jar;C:\Users\indov\.m2\repository\commons-codec\commons-codec\1.15\commons-codec-1.15.jar;C:\Users\indov\.m2\repository\org\apache\httpcomponents\httpcore\4.4.16\httpcore-4.4.16.jar;C:\Users\indov\.m2\repository\com\thoughtworks\qdox\qdox\2.0.3\qdox-2.0.3.jar;C:\Users\indov\.m2\repository\org\codehaus\plexus\plexus-java\1.1.2\plexus-java-1.1.2.jar;C:\Users\indov\.m2\repository\org\codehaus\plexus\plexus-utils\3.5.0\plexus-utils-3.5.0.jar;C:\Users\indov\.m2\repository\commons-io\commons-io\2.11.0\commons-io-2.11.0.jar;C:\Users\indov\.m2\repository\org\codehaus\plexus\plexus-interactivity-api\1.1\plexus-interactivity-api-1.1.jar;"/>
    <property name="sun.cpu.endian" value="little"/>
    <property name="user.home" value="C:\Users\indov"/>
    <property name="user.language" value="fr"/>
    <property name="java.specification.vendor" value="Oracle Corporation"/>
    <property name="java.version.date" value="2023-01-17"/>
    <property name="java.home" value="C:\Program Files\Eclipse Adoptium\jdk-17.0.6.10-hotspot"/>
    <property name="file.separator" value="\"/>
    <property name="basedir" value="C:\Users\indov\git\SafetyNetAlerts\SafetyNetAlerts"/>
    <property name="java.vm.compressedOopsMode" value="Zero based"/>
    <property name="line.separator" value="&#10;"/>
    <property name="java.vm.specification.vendor" value="Oracle Corporation"/>
    <property name="java.specification.name" value="Java Platform API Specification"/>
    <property name="FILE_LOG_CHARSET" value="windows-1252"/>
    <property name="java.awt.headless" value="true"/>
    <property name="surefire.real.class.path" value="C:\Users\indov\AppData\Local\Temp\surefire11705271472347080504\surefirebooter-20230807151344418_3.jar"/>
    <property name="user.script" value=""/>
    <property name="sun.management.compiler" value="HotSpot 64-Bit Tiered Compilers"/>
    <property name="java.runtime.version" value="17.0.6+10"/>
    <property name="user.name" value="indov"/>
    <property name="path.separator" value=";"/>
    <property name="os.version" value="10.0"/>
    <property name="java.runtime.name" value="OpenJDK Runtime Environment"/>
    <property name="file.encoding" value="Cp1252"/>
    <property name="java.vm.name" value="OpenJDK 64-Bit Server VM"/>
    <property name="java.vendor.version" value="Temurin-17.0.6+10"/>
    <property name="LOG_FILE" value="SafetynetAlertsApplication.log"/>
    <property name="localRepository" value="C:\Users\indov\.m2\repository"/>
    <property name="java.vendor.url.bug" value="https://github.com/adoptium/adoptium-support/issues"/>
    <property name="java.io.tmpdir" value="C:\Users\indov\AppData\Local\Temp\"/>
    <property name="java.version" value="17.0.6"/>
    <property name="user.dir" value="C:\Users\indov\git\SafetyNetAlerts\SafetyNetAlerts"/>
    <property name="os.arch" value="amd64"/>
    <property name="java.vm.specification.name" value="Java Virtual Machine Specification"/>
    <property name="PID" value="14184"/>
    <property name="sun.os.patch.level" value=""/>
    <property name="CONSOLE_LOG_CHARSET" value="windows-1252"/>
    <property name="native.encoding" value="Cp1252"/>
    <property name="java.library.path" value="C:\Program Files\Eclipse Adoptium\jdk-17.0.6.10-hotspot\bin;C:\WINDOWS\Sun\Java\bin;C:\WINDOWS\system32;C:\WINDOWS;C:\Program Files\Eclipse Adoptium\jdk-17.0.6.10-hotspot\bin;C:\WINDOWS\system32;C:\WINDOWS;C:\WINDOWS\System32\Wbem;C:\WINDOWS\System32\WindowsPowerShell\v1.0\;C:\WINDOWS\System32\OpenSSH\;C:\Program Files\Git\cmd;C:\Users\indov\AppData\Roaming\nvm;C:\Program Files\nodejs;C:\Program Files\Docker\Docker\resources\bin;C:\Users\indov\AppData\Local\Microsoft\WindowsApps;C:\Users\indov\AppData\Local\Programs\Microsoft VS Code\bin;C:\Users\indov\AppData\Roaming\nvm;C:\Program Files\nodejs;C:\maven\apache-maven-3.9.2\bin;;."/>
    <property name="java.vm.info" value="mixed mode, sharing"/>
    <property name="java.vendor" value="Eclipse Adoptium"/>
    <property name="java.vm.version" value="17.0.6+10"/>
    <property name="sun.io.unicode.encoding" value="UnicodeLittle"/>
    <property name="java.class.version" value="61.0"/>
  </properties>
  <testcase name="testGetChildrenFromAddressShouldPass" classname="com.safetynet.SafetyNetAlerts.SafetyNetAlertsControllerTest" time="0.232">
    <system-out><![CDATA[
  .   ____          _            __ _ _
 /\\ / ___'_ __ _ _(_)_ __  __ _ \ \ \ \
( ( )\___ | '_ | '_| | '_ \/ _` | \ \ \ \
 \\/  ___)| |_)| | | | | || (_| |  ) ) ) )
  '  |____| .__|_| |_|_| |_\__, | / / / /
 =========|_|==============|___/=/_/_/_/
 :: Spring Boot ::                (v3.1.1)

2023-08-07T15:13:59.275+02:00  INFO 14184 --- [           main] c.s.S.SafetyNetAlertsControllerTest      : Starting SafetyNetAlertsControllerTest using Java 17.0.6 with PID 14184 (started by indov in C:\Users\indov\git\SafetyNetAlerts\SafetyNetAlerts)
2023-08-07T15:13:59.275+02:00 DEBUG 14184 --- [           main] c.s.S.SafetyNetAlertsControllerTest      : Running with Spring Boot v3.1.1, Spring v6.0.10
2023-08-07T15:13:59.276+02:00  INFO 14184 --- [           main] c.s.S.SafetyNetAlertsControllerTest      : No active profile set, falling back to 1 default profile: "default"
2023-08-07T15:13:59.632+02:00 DEBUG 14184 --- [           main] c.s.S.SafetyNetAlertsApplication         : copy the data file
2023-08-07T15:13:59.634+02:00 DEBUG 14184 --- [           main] c.s.S.SafetyNetAlertsApplication         : create a list of persons
2023-08-07T15:13:59.639+02:00 DEBUG 14184 --- [           main] c.s.S.SafetyNetAlertsApplication         : create a list of fire stations
2023-08-07T15:13:59.644+02:00 DEBUG 14184 --- [           main] c.s.S.SafetyNetAlertsApplication         : create a list of medical records
2023-08-07T15:13:59.646+02:00 DEBUG 14184 --- [           main] c.s.S.SafetyNetAlertsApplication         : the constructor SafetyNetAlertsCatalog succeeded
2023-08-07T15:13:59.889+02:00  INFO 14184 --- [           main] c.s.S.SafetyNetAlertsControllerTest      : Started SafetyNetAlertsControllerTest in 0.642 seconds (process running for 15.253)
2023-08-07T15:14:00.038+02:00  INFO 14184 --- [           main] c.s.S.SafetyNetAlertsApplication         : request the list of children living at 1509 Culver St
2023-08-07T15:14:00.039+02:00 DEBUG 14184 --- [           main] c.s.S.SafetyNetAlertsApplication         : get the list of persons
2023-08-07T15:14:00.039+02:00 DEBUG 14184 --- [           main] c.s.S.SafetyNetAlertsApplication         : get the list of persons living at 1509 Culver St
2023-08-07T15:14:00.039+02:00 DEBUG 14184 --- [           main] c.s.S.SafetyNetAlertsApplication         : get the list of medical records
2023-08-07T15:14:00.040+02:00 DEBUG 14184 --- [           main] c.s.S.SafetyNetAlertsApplication         : the person named John Boyd is 39 years old
2023-08-07T15:14:00.040+02:00 DEBUG 14184 --- [           main] c.s.S.SafetyNetAlertsApplication         : the person named John Boyd is allergic to [nillacilan]
2023-08-07T15:14:00.041+02:00 DEBUG 14184 --- [           main] c.s.S.SafetyNetAlertsApplication         : the person named John Boyd is taking the following medications [aznol:350mg, hydrapermazol:100mg]
2023-08-07T15:14:00.041+02:00 DEBUG 14184 --- [           main] c.s.S.SafetyNetAlertsApplication         : get the list of medical records
2023-08-07T15:14:00.041+02:00 DEBUG 14184 --- [           main] c.s.S.SafetyNetAlertsApplication         : the person named Jacob Boyd is 34 years old
2023-08-07T15:14:00.041+02:00 DEBUG 14184 --- [           main] c.s.S.SafetyNetAlertsApplication         : the person named Jacob Boyd is allergic to []
2023-08-07T15:14:00.042+02:00 DEBUG 14184 --- [           main] c.s.S.SafetyNetAlertsApplication         : the person named Jacob Boyd is taking the following medications [pharmacol:5000mg, terazine:10mg, noznazol:250mg]
2023-08-07T15:14:00.042+02:00 DEBUG 14184 --- [           main] c.s.S.SafetyNetAlertsApplication         : get the list of medical records
2023-08-07T15:14:00.043+02:00 DEBUG 14184 --- [           main] c.s.S.SafetyNetAlertsApplication         : the person named Tenley Boyd is 11 years old
2023-08-07T15:14:00.044+02:00 DEBUG 14184 --- [           main] c.s.S.SafetyNetAlertsApplication         : the person named Tenley Boyd is allergic to [peanut]
2023-08-07T15:14:00.044+02:00 DEBUG 14184 --- [           main] c.s.S.SafetyNetAlertsApplication         : the person named Tenley Boyd is taking the following medications []
2023-08-07T15:14:00.044+02:00 DEBUG 14184 --- [           main] c.s.S.SafetyNetAlertsApplication         : get the list of medical records
2023-08-07T15:14:00.044+02:00 DEBUG 14184 --- [           main] c.s.S.SafetyNetAlertsApplication         : the person named Roger Boyd is 5 years old
2023-08-07T15:14:00.045+02:00 DEBUG 14184 --- [           main] c.s.S.SafetyNetAlertsApplication         : the person named Roger Boyd is allergic to []
2023-08-07T15:14:00.045+02:00 DEBUG 14184 --- [           main] c.s.S.SafetyNetAlertsApplication         : the person named Roger Boyd is taking the following medications []
2023-08-07T15:14:00.045+02:00 DEBUG 14184 --- [           main] c.s.S.SafetyNetAlertsApplication         : get the list of medical records
2023-08-07T15:14:00.045+02:00 DEBUG 14184 --- [           main] c.s.S.SafetyNetAlertsApplication         : the person named Felicia Boyd is 37 years old
2023-08-07T15:14:00.046+02:00 DEBUG 14184 --- [           main] c.s.S.SafetyNetAlertsApplication         : the person named Felicia Boyd is allergic to [xilliathal]
2023-08-07T15:14:00.046+02:00 DEBUG 14184 --- [           main] c.s.S.SafetyNetAlertsApplication         : the person named Felicia Boyd is taking the following medications [tetracyclaz:650mg]
2023-08-07T15:14:00.046+02:00  INFO 14184 --- [           main] c.s.S.SafetyNetAlertsApplication         : response with 2 child(ren) from persons living at 1509 Culver St
]]></system-out>
  </testcase>
  <testcase name="testGetInformationFromNameShouldPass" classname="com.safetynet.SafetyNetAlerts.SafetyNetAlertsControllerTest" time="0.037">
    <system-out><![CDATA[
  .   ____          _            __ _ _
 /\\ / ___'_ __ _ _(_)_ __  __ _ \ \ \ \
( ( )\___ | '_ | '_| | '_ \/ _` | \ \ \ \
 \\/  ___)| |_)| | | | | || (_| |  ) ) ) )
  '  |____| .__|_| |_|_| |_\__, | / / / /
 =========|_|==============|___/=/_/_/_/
 :: Spring Boot ::                (v3.1.1)

2023-08-07T15:14:00.197+02:00  INFO 14184 --- [           main] c.s.S.SafetyNetAlertsControllerTest      : Starting SafetyNetAlertsControllerTest using Java 17.0.6 with PID 14184 (started by indov in C:\Users\indov\git\SafetyNetAlerts\SafetyNetAlerts)
2023-08-07T15:14:00.197+02:00 DEBUG 14184 --- [           main] c.s.S.SafetyNetAlertsControllerTest      : Running with Spring Boot v3.1.1, Spring v6.0.10
2023-08-07T15:14:00.198+02:00  INFO 14184 --- [           main] c.s.S.SafetyNetAlertsControllerTest      : No active profile set, falling back to 1 default profile: "default"
2023-08-07T15:14:00.503+02:00 DEBUG 14184 --- [           main] c.s.S.SafetyNetAlertsApplication         : copy the data file
2023-08-07T15:14:00.503+02:00 DEBUG 14184 --- [           main] c.s.S.SafetyNetAlertsApplication         : create a list of persons
2023-08-07T15:14:00.505+02:00 DEBUG 14184 --- [           main] c.s.S.SafetyNetAlertsApplication         : create a list of fire stations
2023-08-07T15:14:00.507+02:00 DEBUG 14184 --- [           main] c.s.S.SafetyNetAlertsApplication         : create a list of medical records
2023-08-07T15:14:00.508+02:00 DEBUG 14184 --- [           main] c.s.S.SafetyNetAlertsApplication         : the constructor SafetyNetAlertsCatalog succeeded
2023-08-07T15:14:00.721+02:00  INFO 14184 --- [           main] c.s.S.SafetyNetAlertsControllerTest      : Started SafetyNetAlertsControllerTest in 0.593 seconds (process running for 16.085)
2023-08-07T15:14:00.741+02:00  INFO 14184 --- [           main] c.s.S.SafetyNetAlertsApplication         : request the information about the persons named john boyd
2023-08-07T15:14:00.742+02:00 DEBUG 14184 --- [           main] c.s.S.SafetyNetAlertsApplication         : get the list of persons
2023-08-07T15:14:00.742+02:00 DEBUG 14184 --- [           main] c.s.S.SafetyNetAlertsApplication         : get the list of medical records
2023-08-07T15:14:00.743+02:00 DEBUG 14184 --- [           main] c.s.S.SafetyNetAlertsApplication         : the person named john boyd is 39 years old
2023-08-07T15:14:00.744+02:00 DEBUG 14184 --- [           main] c.s.S.SafetyNetAlertsApplication         : the person named john boyd is allergic to [nillacilan]
2023-08-07T15:14:00.744+02:00 DEBUG 14184 --- [           main] c.s.S.SafetyNetAlertsApplication         : the person named john boyd is taking the following medications [aznol:350mg, hydrapermazol:100mg]
2023-08-07T15:14:00.745+02:00  INFO 14184 --- [           main] c.s.S.SafetyNetAlertsApplication         : response with the information about 1 person(s) named john boyd
]]></system-out>
  </testcase>
  <testcase name="testUpdateMedicalRecordWithPersonUnknownShouldFail" classname="com.safetynet.SafetyNetAlerts.SafetyNetAlertsControllerTest" time="0.073">
    <system-out><![CDATA[
  .   ____          _            __ _ _
 /\\ / ___'_ __ _ _(_)_ __  __ _ \ \ \ \
( ( )\___ | '_ | '_| | '_ \/ _` | \ \ \ \
 \\/  ___)| |_)| | | | | || (_| |  ) ) ) )
  '  |____| .__|_| |_|_| |_\__, | / / / /
 =========|_|==============|___/=/_/_/_/
 :: Spring Boot ::                (v3.1.1)

2023-08-07T15:14:00.806+02:00  INFO 14184 --- [           main] c.s.S.SafetyNetAlertsControllerTest      : Starting SafetyNetAlertsControllerTest using Java 17.0.6 with PID 14184 (started by indov in C:\Users\indov\git\SafetyNetAlerts\SafetyNetAlerts)
2023-08-07T15:14:00.806+02:00 DEBUG 14184 --- [           main] c.s.S.SafetyNetAlertsControllerTest      : Running with Spring Boot v3.1.1, Spring v6.0.10
2023-08-07T15:14:00.806+02:00  INFO 14184 --- [           main] c.s.S.SafetyNetAlertsControllerTest      : No active profile set, falling back to 1 default profile: "default"
2023-08-07T15:14:01.107+02:00 DEBUG 14184 --- [           main] c.s.S.SafetyNetAlertsApplication         : copy the data file
2023-08-07T15:14:01.108+02:00 DEBUG 14184 --- [           main] c.s.S.SafetyNetAlertsApplication         : create a list of persons
2023-08-07T15:14:01.110+02:00 DEBUG 14184 --- [           main] c.s.S.SafetyNetAlertsApplication         : create a list of fire stations
2023-08-07T15:14:01.113+02:00 DEBUG 14184 --- [           main] c.s.S.SafetyNetAlertsApplication         : create a list of medical records
2023-08-07T15:14:01.115+02:00 DEBUG 14184 --- [           main] c.s.S.SafetyNetAlertsApplication         : the constructor SafetyNetAlertsCatalog succeeded
2023-08-07T15:14:01.322+02:00  INFO 14184 --- [           main] c.s.S.SafetyNetAlertsControllerTest      : Started SafetyNetAlertsControllerTest in 0.559 seconds (process running for 16.687)
2023-08-07T15:14:01.378+02:00  INFO 14184 --- [           main] c.s.S.SafetyNetAlertsApplication         : request an update for the medical record about the person named firstNameUnknown lastNameUnknown
2023-08-07T15:14:01.380+02:00 ERROR 14184 --- [           main] c.s.S.SafetyNetAlertsApplication         : the person named firstNameUnknown lastNameUnknown hasn't a medical record in our system
]]></system-out>
  </testcase>
  <testcase name="testCreateFirestationShouldPass" classname="com.safetynet.SafetyNetAlerts.SafetyNetAlertsControllerTest" time="0.021">
    <system-out><![CDATA[
  .   ____          _            __ _ _
 /\\ / ___'_ __ _ _(_)_ __  __ _ \ \ \ \
( ( )\___ | '_ | '_| | '_ \/ _` | \ \ \ \
 \\/  ___)| |_)| | | | | || (_| |  ) ) ) )
  '  |____| .__|_| |_|_| |_\__, | / / / /
 =========|_|==============|___/=/_/_/_/
 :: Spring Boot ::                (v3.1.1)

2023-08-07T15:14:01.429+02:00  INFO 14184 --- [           main] c.s.S.SafetyNetAlertsControllerTest      : Starting SafetyNetAlertsControllerTest using Java 17.0.6 with PID 14184 (started by indov in C:\Users\indov\git\SafetyNetAlerts\SafetyNetAlerts)
2023-08-07T15:14:01.429+02:00 DEBUG 14184 --- [           main] c.s.S.SafetyNetAlertsControllerTest      : Running with Spring Boot v3.1.1, Spring v6.0.10
2023-08-07T15:14:01.429+02:00  INFO 14184 --- [           main] c.s.S.SafetyNetAlertsControllerTest      : No active profile set, falling back to 1 default profile: "default"
2023-08-07T15:14:01.742+02:00 DEBUG 14184 --- [           main] c.s.S.SafetyNetAlertsApplication         : copy the data file
2023-08-07T15:14:01.744+02:00 DEBUG 14184 --- [           main] c.s.S.SafetyNetAlertsApplication         : create a list of persons
2023-08-07T15:14:01.749+02:00 DEBUG 14184 --- [           main] c.s.S.SafetyNetAlertsApplication         : create a list of fire stations
2023-08-07T15:14:01.752+02:00 DEBUG 14184 --- [           main] c.s.S.SafetyNetAlertsApplication         : create a list of medical records
2023-08-07T15:14:01.758+02:00 DEBUG 14184 --- [           main] c.s.S.SafetyNetAlertsApplication         : the constructor SafetyNetAlertsCatalog succeeded
2023-08-07T15:14:01.950+02:00  INFO 14184 --- [           main] c.s.S.SafetyNetAlertsControllerTest      : Started SafetyNetAlertsControllerTest in 0.55 seconds (process running for 17.314)
2023-08-07T15:14:01.971+02:00  INFO 14184 --- [           main] c.s.S.SafetyNetAlertsApplication         : creating for the mapping firestation/address about the following address "addressTest" has been posted
2023-08-07T15:14:01.973+02:00  INFO 14184 --- [           main] c.s.S.SafetyNetAlertsApplication         : The new mapping firestation/address about the following address "addressTest" has been created correctly
]]></system-out>
  </testcase>
  <testcase name="testGetEmailsFromCityShouldPass" classname="com.safetynet.SafetyNetAlerts.SafetyNetAlertsControllerTest" time="0.014">
    <system-out><![CDATA[
  .   ____          _            __ _ _
 /\\ / ___'_ __ _ _(_)_ __  __ _ \ \ \ \
( ( )\___ | '_ | '_| | '_ \/ _` | \ \ \ \
 \\/  ___)| |_)| | | | | || (_| |  ) ) ) )
  '  |____| .__|_| |_|_| |_\__, | / / / /
 =========|_|==============|___/=/_/_/_/
 :: Spring Boot ::                (v3.1.1)

2023-08-07T15:14:02.013+02:00  INFO 14184 --- [           main] c.s.S.SafetyNetAlertsControllerTest      : Starting SafetyNetAlertsControllerTest using Java 17.0.6 with PID 14184 (started by indov in C:\Users\indov\git\SafetyNetAlerts\SafetyNetAlerts)
2023-08-07T15:14:02.013+02:00 DEBUG 14184 --- [           main] c.s.S.SafetyNetAlertsControllerTest      : Running with Spring Boot v3.1.1, Spring v6.0.10
2023-08-07T15:14:02.014+02:00  INFO 14184 --- [           main] c.s.S.SafetyNetAlertsControllerTest      : No active profile set, falling back to 1 default profile: "default"
2023-08-07T15:14:02.261+02:00 DEBUG 14184 --- [           main] c.s.S.SafetyNetAlertsApplication         : copy the data file
2023-08-07T15:14:02.262+02:00 DEBUG 14184 --- [           main] c.s.S.SafetyNetAlertsApplication         : create a list of persons
2023-08-07T15:14:02.263+02:00 DEBUG 14184 --- [           main] c.s.S.SafetyNetAlertsApplication         : create a list of fire stations
2023-08-07T15:14:02.264+02:00 DEBUG 14184 --- [           main] c.s.S.SafetyNetAlertsApplication         : create a list of medical records
2023-08-07T15:14:02.266+02:00 DEBUG 14184 --- [           main] c.s.S.SafetyNetAlertsApplication         : the constructor SafetyNetAlertsCatalog succeeded
2023-08-07T15:14:02.401+02:00  INFO 14184 --- [           main] c.s.S.SafetyNetAlertsControllerTest      : Started SafetyNetAlertsControllerTest in 0.42 seconds (process running for 17.765)
2023-08-07T15:14:02.410+02:00  INFO 14184 --- [           main] c.s.S.SafetyNetAlertsApplication         : request the list of emails from persons living in Culver
2023-08-07T15:14:02.410+02:00 DEBUG 14184 --- [           main] c.s.S.SafetyNetAlertsApplication         : get the list of persons
2023-08-07T15:14:02.410+02:00  INFO 14184 --- [           main] c.s.S.SafetyNetAlertsApplication         : response with 15 email(s) from persons living in Culver
]]></system-out>
  </testcase>
  <testcase name="testGetPersonsWithFireStationFromAddressWithoutParameterShouldFail" classname="com.safetynet.SafetyNetAlerts.SafetyNetAlertsControllerTest" time="0.024">
    <system-out><![CDATA[
  .   ____          _            __ _ _
 /\\ / ___'_ __ _ _(_)_ __  __ _ \ \ \ \
( ( )\___ | '_ | '_| | '_ \/ _` | \ \ \ \
 \\/  ___)| |_)| | | | | || (_| |  ) ) ) )
  '  |____| .__|_| |_|_| |_\__, | / / / /
 =========|_|==============|___/=/_/_/_/
 :: Spring Boot ::                (v3.1.1)

2023-08-07T15:14:02.458+02:00  INFO 14184 --- [           main] c.s.S.SafetyNetAlertsControllerTest      : Starting SafetyNetAlertsControllerTest using Java 17.0.6 with PID 14184 (started by indov in C:\Users\indov\git\SafetyNetAlerts\SafetyNetAlerts)
2023-08-07T15:14:02.459+02:00 DEBUG 14184 --- [           main] c.s.S.SafetyNetAlertsControllerTest      : Running with Spring Boot v3.1.1, Spring v6.0.10
2023-08-07T15:14:02.459+02:00  INFO 14184 --- [           main] c.s.S.SafetyNetAlertsControllerTest      : No active profile set, falling back to 1 default profile: "default"
2023-08-07T15:14:02.666+02:00 DEBUG 14184 --- [           main] c.s.S.SafetyNetAlertsApplication         : copy the data file
2023-08-07T15:14:02.667+02:00 DEBUG 14184 --- [           main] c.s.S.SafetyNetAlertsApplication         : create a list of persons
2023-08-07T15:14:02.670+02:00 DEBUG 14184 --- [           main] c.s.S.SafetyNetAlertsApplication         : create a list of fire stations
2023-08-07T15:14:02.671+02:00 DEBUG 14184 --- [           main] c.s.S.SafetyNetAlertsApplication         : create a list of medical records
2023-08-07T15:14:02.673+02:00 DEBUG 14184 --- [           main] c.s.S.SafetyNetAlertsApplication         : the constructor SafetyNetAlertsCatalog succeeded
2023-08-07T15:14:02.827+02:00  INFO 14184 --- [           main] c.s.S.SafetyNetAlertsControllerTest      : Started SafetyNetAlertsControllerTest in 0.405 seconds (process running for 18.191)
]]></system-out>
  </testcase>
  <testcase name="testDeletePersonShouldPass" classname="com.safetynet.SafetyNetAlerts.SafetyNetAlertsControllerTest" time="0.013">
    <system-out><![CDATA[
  .   ____          _            __ _ _
 /\\ / ___'_ __ _ _(_)_ __  __ _ \ \ \ \
( ( )\___ | '_ | '_| | '_ \/ _` | \ \ \ \
 \\/  ___)| |_)| | | | | || (_| |  ) ) ) )
  '  |____| .__|_| |_|_| |_\__, | / / / /
 =========|_|==============|___/=/_/_/_/
 :: Spring Boot ::                (v3.1.1)

2023-08-07T15:14:02.882+02:00  INFO 14184 --- [           main] c.s.S.SafetyNetAlertsControllerTest      : Starting SafetyNetAlertsControllerTest using Java 17.0.6 with PID 14184 (started by indov in C:\Users\indov\git\SafetyNetAlerts\SafetyNetAlerts)
2023-08-07T15:14:02.883+02:00 DEBUG 14184 --- [           main] c.s.S.SafetyNetAlertsControllerTest      : Running with Spring Boot v3.1.1, Spring v6.0.10
2023-08-07T15:14:02.883+02:00  INFO 14184 --- [           main] c.s.S.SafetyNetAlertsControllerTest      : No active profile set, falling back to 1 default profile: "default"
2023-08-07T15:14:03.114+02:00 DEBUG 14184 --- [           main] c.s.S.SafetyNetAlertsApplication         : copy the data file
2023-08-07T15:14:03.116+02:00 DEBUG 14184 --- [           main] c.s.S.SafetyNetAlertsApplication         : create a list of persons
2023-08-07T15:14:03.118+02:00 DEBUG 14184 --- [           main] c.s.S.SafetyNetAlertsApplication         : create a list of fire stations
2023-08-07T15:14:03.120+02:00 DEBUG 14184 --- [           main] c.s.S.SafetyNetAlertsApplication         : create a list of medical records
2023-08-07T15:14:03.122+02:00 DEBUG 14184 --- [           main] c.s.S.SafetyNetAlertsApplication         : the constructor SafetyNetAlertsCatalog succeeded
2023-08-07T15:14:03.253+02:00  INFO 14184 --- [           main] c.s.S.SafetyNetAlertsControllerTest      : Started SafetyNetAlertsControllerTest in 0.395 seconds (process running for 18.617)
2023-08-07T15:14:03.263+02:00  INFO 14184 --- [           main] c.s.S.SafetyNetAlertsApplication         : request a deletion for the person named John Boyd
2023-08-07T15:14:03.264+02:00  INFO 14184 --- [           main] c.s.S.SafetyNetAlertsApplication         : The person named John Boyd has been deleted correctly
]]></system-out>
  </testcase>
  <testcase name="testUpdateFirestationWithAddressUnknownShouldFail" classname="com.safetynet.SafetyNetAlerts.SafetyNetAlertsControllerTest" time="0.016">
    <system-out><![CDATA[
  .   ____          _            __ _ _
 /\\ / ___'_ __ _ _(_)_ __  __ _ \ \ \ \
( ( )\___ | '_ | '_| | '_ \/ _` | \ \ \ \
 \\/  ___)| |_)| | | | | || (_| |  ) ) ) )
  '  |____| .__|_| |_|_| |_\__, | / / / /
 =========|_|==============|___/=/_/_/_/
 :: Spring Boot ::                (v3.1.1)

2023-08-07T15:14:03.305+02:00  INFO 14184 --- [           main] c.s.S.SafetyNetAlertsControllerTest      : Starting SafetyNetAlertsControllerTest using Java 17.0.6 with PID 14184 (started by indov in C:\Users\indov\git\SafetyNetAlerts\SafetyNetAlerts)
2023-08-07T15:14:03.306+02:00 DEBUG 14184 --- [           main] c.s.S.SafetyNetAlertsControllerTest      : Running with Spring Boot v3.1.1, Spring v6.0.10
2023-08-07T15:14:03.307+02:00  INFO 14184 --- [           main] c.s.S.SafetyNetAlertsControllerTest      : No active profile set, falling back to 1 default profile: "default"
2023-08-07T15:14:03.500+02:00 DEBUG 14184 --- [           main] c.s.S.SafetyNetAlertsApplication         : copy the data file
2023-08-07T15:14:03.500+02:00 DEBUG 14184 --- [           main] c.s.S.SafetyNetAlertsApplication         : create a list of persons
2023-08-07T15:14:03.502+02:00 DEBUG 14184 --- [           main] c.s.S.SafetyNetAlertsApplication         : create a list of fire stations
2023-08-07T15:14:03.504+02:00 DEBUG 14184 --- [           main] c.s.S.SafetyNetAlertsApplication         : create a list of medical records
2023-08-07T15:14:03.506+02:00 DEBUG 14184 --- [           main] c.s.S.SafetyNetAlertsApplication         : the constructor SafetyNetAlertsCatalog succeeded
2023-08-07T15:14:03.649+02:00  INFO 14184 --- [           main] c.s.S.SafetyNetAlertsControllerTest      : Started SafetyNetAlertsControllerTest in 0.377 seconds (process running for 19.013)
2023-08-07T15:14:03.658+02:00  INFO 14184 --- [           main] c.s.S.SafetyNetAlertsApplication         : request an update for the mapping firestation/address about the following address "addressUnknown"
2023-08-07T15:14:03.662+02:00 ERROR 14184 --- [           main] c.s.S.SafetyNetAlertsApplication         : the following address "addressUnknown" about this mapping doesn't exist in our system
]]></system-out>
  </testcase>
  <testcase name="testDeleteFirestationWithoutBodyShouldFail" classname="com.safetynet.SafetyNetAlerts.SafetyNetAlertsControllerTest" time="0.01">
    <system-out><![CDATA[
  .   ____          _            __ _ _
 /\\ / ___'_ __ _ _(_)_ __  __ _ \ \ \ \
( ( )\___ | '_ | '_| | '_ \/ _` | \ \ \ \
 \\/  ___)| |_)| | | | | || (_| |  ) ) ) )
  '  |____| .__|_| |_|_| |_\__, | / / / /
 =========|_|==============|___/=/_/_/_/
 :: Spring Boot ::                (v3.1.1)

2023-08-07T15:14:03.709+02:00  INFO 14184 --- [           main] c.s.S.SafetyNetAlertsControllerTest      : Starting SafetyNetAlertsControllerTest using Java 17.0.6 with PID 14184 (started by indov in C:\Users\indov\git\SafetyNetAlerts\SafetyNetAlerts)
2023-08-07T15:14:03.710+02:00 DEBUG 14184 --- [           main] c.s.S.SafetyNetAlertsControllerTest      : Running with Spring Boot v3.1.1, Spring v6.0.10
2023-08-07T15:14:03.711+02:00  INFO 14184 --- [           main] c.s.S.SafetyNetAlertsControllerTest      : No active profile set, falling back to 1 default profile: "default"
2023-08-07T15:14:03.945+02:00 DEBUG 14184 --- [           main] c.s.S.SafetyNetAlertsApplication         : copy the data file
2023-08-07T15:14:03.946+02:00 DEBUG 14184 --- [           main] c.s.S.SafetyNetAlertsApplication         : create a list of persons
2023-08-07T15:14:03.948+02:00 DEBUG 14184 --- [           main] c.s.S.SafetyNetAlertsApplication         : create a list of fire stations
2023-08-07T15:14:03.951+02:00 DEBUG 14184 --- [           main] c.s.S.SafetyNetAlertsApplication         : create a list of medical records
2023-08-07T15:14:03.953+02:00 DEBUG 14184 --- [           main] c.s.S.SafetyNetAlertsApplication         : the constructor SafetyNetAlertsCatalog succeeded
2023-08-07T15:14:04.079+02:00  INFO 14184 --- [           main] c.s.S.SafetyNetAlertsControllerTest      : Started SafetyNetAlertsControllerTest in 0.409 seconds (process running for 19.443)
]]></system-out>
  </testcase>
  <testcase name="testGetPersonsWithCounterFromStationShouldPass" classname="com.safetynet.SafetyNetAlerts.SafetyNetAlertsControllerTest" time="0.03">
    <system-out><![CDATA[
  .   ____          _            __ _ _
 /\\ / ___'_ __ _ _(_)_ __  __ _ \ \ \ \
( ( )\___ | '_ | '_| | '_ \/ _` | \ \ \ \
 \\/  ___)| |_)| | | | | || (_| |  ) ) ) )
  '  |____| .__|_| |_|_| |_\__, | / / / /
 =========|_|==============|___/=/_/_/_/
 :: Spring Boot ::                (v3.1.1)

2023-08-07T15:14:04.119+02:00  INFO 14184 --- [           main] c.s.S.SafetyNetAlertsControllerTest      : Starting SafetyNetAlertsControllerTest using Java 17.0.6 with PID 14184 (started by indov in C:\Users\indov\git\SafetyNetAlerts\SafetyNetAlerts)
2023-08-07T15:14:04.120+02:00 DEBUG 14184 --- [           main] c.s.S.SafetyNetAlertsControllerTest      : Running with Spring Boot v3.1.1, Spring v6.0.10
2023-08-07T15:14:04.120+02:00  INFO 14184 --- [           main] c.s.S.SafetyNetAlertsControllerTest      : No active profile set, falling back to 1 default profile: "default"
2023-08-07T15:14:04.332+02:00 DEBUG 14184 --- [           main] c.s.S.SafetyNetAlertsApplication         : copy the data file
2023-08-07T15:14:04.333+02:00 DEBUG 14184 --- [           main] c.s.S.SafetyNetAlertsApplication         : create a list of persons
2023-08-07T15:14:04.337+02:00 DEBUG 14184 --- [           main] c.s.S.SafetyNetAlertsApplication         : create a list of fire stations
2023-08-07T15:14:04.339+02:00 DEBUG 14184 --- [           main] c.s.S.SafetyNetAlertsApplication         : create a list of medical records
2023-08-07T15:14:04.341+02:00 DEBUG 14184 --- [           main] c.s.S.SafetyNetAlertsApplication         : the constructor SafetyNetAlertsCatalog succeeded
2023-08-07T15:14:04.470+02:00  INFO 14184 --- [           main] c.s.S.SafetyNetAlertsControllerTest      : Started SafetyNetAlertsControllerTest in 0.377 seconds (process running for 19.834)
2023-08-07T15:14:04.477+02:00  INFO 14184 --- [           main] c.s.S.SafetyNetAlertsApplication         : request a counter of adults and children from the list of persons living near by the fireStation number 3
2023-08-07T15:14:04.478+02:00 DEBUG 14184 --- [           main] c.s.S.SafetyNetAlertsApplication         : get the list of fireStations
2023-08-07T15:14:04.479+02:00 DEBUG 14184 --- [           main] c.s.S.SafetyNetAlertsApplication         : get the list of addresses that are covered by the fireStation number 3
2023-08-07T15:14:04.479+02:00 DEBUG 14184 --- [           main] c.s.S.SafetyNetAlertsApplication         : get the list of persons
2023-08-07T15:14:04.479+02:00 DEBUG 14184 --- [           main] c.s.S.SafetyNetAlertsApplication         : get the list of medical records
2023-08-07T15:14:04.479+02:00 DEBUG 14184 --- [           main] c.s.S.SafetyNetAlertsApplication         : the person named John Boyd is 39 years old
2023-08-07T15:14:04.479+02:00 DEBUG 14184 --- [           main] c.s.S.SafetyNetAlertsApplication         : the person named John Boyd is allergic to [nillacilan]
2023-08-07T15:14:04.480+02:00 DEBUG 14184 --- [           main] c.s.S.SafetyNetAlertsApplication         : the person named John Boyd is taking the following medications [aznol:350mg, hydrapermazol:100mg]
2023-08-07T15:14:04.480+02:00 DEBUG 14184 --- [           main] c.s.S.SafetyNetAlertsApplication         : get the list of medical records
2023-08-07T15:14:04.480+02:00 DEBUG 14184 --- [           main] c.s.S.SafetyNetAlertsApplication         : the person named Jacob Boyd is 34 years old
2023-08-07T15:14:04.480+02:00 DEBUG 14184 --- [           main] c.s.S.SafetyNetAlertsApplication         : the person named Jacob Boyd is allergic to []
2023-08-07T15:14:04.480+02:00 DEBUG 14184 --- [           main] c.s.S.SafetyNetAlertsApplication         : the person named Jacob Boyd is taking the following medications [pharmacol:5000mg, terazine:10mg, noznazol:250mg]
2023-08-07T15:14:04.480+02:00 DEBUG 14184 --- [           main] c.s.S.SafetyNetAlertsApplication         : get the list of medical records
2023-08-07T15:14:04.481+02:00 DEBUG 14184 --- [           main] c.s.S.SafetyNetAlertsApplication         : the person named Tenley Boyd is 11 years old
2023-08-07T15:14:04.481+02:00 DEBUG 14184 --- [           main] c.s.S.SafetyNetAlertsApplication         : the person named Tenley Boyd is allergic to [peanut]
2023-08-07T15:14:04.481+02:00 DEBUG 14184 --- [           main] c.s.S.SafetyNetAlertsApplication         : the person named Tenley Boyd is taking the following medications []
2023-08-07T15:14:04.481+02:00 DEBUG 14184 --- [           main] c.s.S.SafetyNetAlertsApplication         : get the list of medical records
2023-08-07T15:14:04.481+02:00 DEBUG 14184 --- [           main] c.s.S.SafetyNetAlertsApplication         : the person named Roger Boyd is 5 years old
2023-08-07T15:14:04.481+02:00 DEBUG 14184 --- [           main] c.s.S.SafetyNetAlertsApplication         : the person named Roger Boyd is allergic to []
2023-08-07T15:14:04.481+02:00 DEBUG 14184 --- [           main] c.s.S.SafetyNetAlertsApplication         : the person named Roger Boyd is taking the following medications []
2023-08-07T15:14:04.481+02:00 DEBUG 14184 --- [           main] c.s.S.SafetyNetAlertsApplication         : get the list of medical records
2023-08-07T15:14:04.482+02:00 DEBUG 14184 --- [           main] c.s.S.SafetyNetAlertsApplication         : the person named Felicia Boyd is 37 years old
2023-08-07T15:14:04.482+02:00 DEBUG 14184 --- [           main] c.s.S.SafetyNetAlertsApplication         : the person named Felicia Boyd is allergic to [xilliathal]
2023-08-07T15:14:04.482+02:00 DEBUG 14184 --- [           main] c.s.S.SafetyNetAlertsApplication         : the person named Felicia Boyd is taking the following medications [tetracyclaz:650mg]
2023-08-07T15:14:04.482+02:00 DEBUG 14184 --- [           main] c.s.S.SafetyNetAlertsApplication         : get the list of medical records
2023-08-07T15:14:04.482+02:00 DEBUG 14184 --- [           main] c.s.S.SafetyNetAlertsApplication         : the person named Tessa Carman is 11 years old
2023-08-07T15:14:04.482+02:00 DEBUG 14184 --- [           main] c.s.S.SafetyNetAlertsApplication         : the person named Tessa Carman is allergic to []
2023-08-07T15:14:04.482+02:00 DEBUG 14184 --- [           main] c.s.S.SafetyNetAlertsApplication         : the person named Tessa Carman is taking the following medications []
2023-08-07T15:14:04.482+02:00 DEBUG 14184 --- [           main] c.s.S.SafetyNetAlertsApplication         : get the list of medical records
2023-08-07T15:14:04.483+02:00 DEBUG 14184 --- [           main] c.s.S.SafetyNetAlertsApplication         : the person named Foster Shepard is 43 years old
2023-08-07T15:14:04.483+02:00 DEBUG 14184 --- [           main] c.s.S.SafetyNetAlertsApplication         : the person named Foster Shepard is allergic to []
2023-08-07T15:14:04.484+02:00 DEBUG 14184 --- [           main] c.s.S.SafetyNetAlertsApplication         : the person named Foster Shepard is taking the following medications []
2023-08-07T15:14:04.484+02:00 DEBUG 14184 --- [           main] c.s.S.SafetyNetAlertsApplication         : get the list of medical records
2023-08-07T15:14:04.484+02:00 DEBUG 14184 --- [           main] c.s.S.SafetyNetAlertsApplication         : the person named Tony Cooper is 29 years old
2023-08-07T15:14:04.484+02:00 DEBUG 14184 --- [           main] c.s.S.SafetyNetAlertsApplication         : the person named Tony Cooper is allergic to [shellfish]
2023-08-07T15:14:04.484+02:00 DEBUG 14184 --- [           main] c.s.S.SafetyNetAlertsApplication         : the person named Tony Cooper is taking the following medications [hydrapermazol:300mg, dodoxadin:30mg]
2023-08-07T15:14:04.484+02:00 DEBUG 14184 --- [           main] c.s.S.SafetyNetAlertsApplication         : get the list of medical records
2023-08-07T15:14:04.485+02:00 DEBUG 14184 --- [           main] c.s.S.SafetyNetAlertsApplication         : the person named Ron Peters is 58 years old
2023-08-07T15:14:04.485+02:00 DEBUG 14184 --- [           main] c.s.S.SafetyNetAlertsApplication         : the person named Ron Peters is allergic to []
2023-08-07T15:14:04.485+02:00 DEBUG 14184 --- [           main] c.s.S.SafetyNetAlertsApplication         : the person named Ron Peters is taking the following medications []
2023-08-07T15:14:04.485+02:00 DEBUG 14184 --- [           main] c.s.S.SafetyNetAlertsApplication         : get the list of medical records
2023-08-07T15:14:04.485+02:00 DEBUG 14184 --- [           main] c.s.S.SafetyNetAlertsApplication         : the person named Allison Boyd is 58 years old
2023-08-07T15:14:04.485+02:00 DEBUG 14184 --- [           main] c.s.S.SafetyNetAlertsApplication         : the person named Allison Boyd is allergic to [nillacilan]
2023-08-07T15:14:04.485+02:00 DEBUG 14184 --- [           main] c.s.S.SafetyNetAlertsApplication         : the person named Allison Boyd is taking the following medications [aznol:200mg]
2023-08-07T15:14:04.485+02:00 DEBUG 14184 --- [           main] c.s.S.SafetyNetAlertsApplication         : get the list of medical records
2023-08-07T15:14:04.486+02:00 DEBUG 14184 --- [           main] c.s.S.SafetyNetAlertsApplication         : the person named Clive Ferguson is 29 years old
2023-08-07T15:14:04.486+02:00 DEBUG 14184 --- [           main] c.s.S.SafetyNetAlertsApplication         : the person named Clive Ferguson is allergic to []
2023-08-07T15:14:04.486+02:00 DEBUG 14184 --- [           main] c.s.S.SafetyNetAlertsApplication         : the person named Clive Ferguson is taking the following medications []
2023-08-07T15:14:04.486+02:00  INFO 14184 --- [           main] c.s.S.SafetyNetAlertsApplication         : response with 11 person(s) living near by the fireStation number 3 with 3 child(ren) and 8 adult(s)
]]></system-out>
  </testcase>
  <testcase name="testUpdatePersonShouldPass" classname="com.safetynet.SafetyNetAlerts.SafetyNetAlertsControllerTest" time="0.016">
    <system-out><![CDATA[
  .   ____          _            __ _ _
 /\\ / ___'_ __ _ _(_)_ __  __ _ \ \ \ \
( ( )\___ | '_ | '_| | '_ \/ _` | \ \ \ \
 \\/  ___)| |_)| | | | | || (_| |  ) ) ) )
  '  |____| .__|_| |_|_| |_\__, | / / / /
 =========|_|==============|___/=/_/_/_/
 :: Spring Boot ::                (v3.1.1)

2023-08-07T15:14:04.537+02:00  INFO 14184 --- [           main] c.s.S.SafetyNetAlertsControllerTest      : Starting SafetyNetAlertsControllerTest using Java 17.0.6 with PID 14184 (started by indov in C:\Users\indov\git\SafetyNetAlerts\SafetyNetAlerts)
2023-08-07T15:14:04.538+02:00 DEBUG 14184 --- [           main] c.s.S.SafetyNetAlertsControllerTest      : Running with Spring Boot v3.1.1, Spring v6.0.10
2023-08-07T15:14:04.538+02:00  INFO 14184 --- [           main] c.s.S.SafetyNetAlertsControllerTest      : No active profile set, falling back to 1 default profile: "default"
2023-08-07T15:14:04.707+02:00 DEBUG 14184 --- [           main] c.s.S.SafetyNetAlertsApplication         : copy the data file
2023-08-07T15:14:04.708+02:00 DEBUG 14184 --- [           main] c.s.S.SafetyNetAlertsApplication         : create a list of persons
2023-08-07T15:14:04.712+02:00 DEBUG 14184 --- [           main] c.s.S.SafetyNetAlertsApplication         : create a list of fire stations
2023-08-07T15:14:04.714+02:00 DEBUG 14184 --- [           main] c.s.S.SafetyNetAlertsApplication         : create a list of medical records
2023-08-07T15:14:04.716+02:00 DEBUG 14184 --- [           main] c.s.S.SafetyNetAlertsApplication         : the constructor SafetyNetAlertsCatalog succeeded
2023-08-07T15:14:04.851+02:00  INFO 14184 --- [           main] c.s.S.SafetyNetAlertsControllerTest      : Started SafetyNetAlertsControllerTest in 0.346 seconds (process running for 20.216)
2023-08-07T15:14:04.861+02:00  INFO 14184 --- [           main] c.s.S.SafetyNetAlertsApplication         : request an update for the person named John Boyd
2023-08-07T15:14:04.863+02:00  INFO 14184 --- [           main] c.s.S.SafetyNetAlertsApplication         : The person named John Boyd has been updated correctly
]]></system-out>
  </testcase>
  <testcase name="testCreatePersonWithoutBodyShouldFail" classname="com.safetynet.SafetyNetAlerts.SafetyNetAlertsControllerTest" time="0.009">
    <system-out><![CDATA[
  .   ____          _            __ _ _
 /\\ / ___'_ __ _ _(_)_ __  __ _ \ \ \ \
( ( )\___ | '_ | '_| | '_ \/ _` | \ \ \ \
 \\/  ___)| |_)| | | | | || (_| |  ) ) ) )
  '  |____| .__|_| |_|_| |_\__, | / / / /
 =========|_|==============|___/=/_/_/_/
 :: Spring Boot ::                (v3.1.1)

2023-08-07T15:14:04.900+02:00  INFO 14184 --- [           main] c.s.S.SafetyNetAlertsControllerTest      : Starting SafetyNetAlertsControllerTest using Java 17.0.6 with PID 14184 (started by indov in C:\Users\indov\git\SafetyNetAlerts\SafetyNetAlerts)
2023-08-07T15:14:04.900+02:00 DEBUG 14184 --- [           main] c.s.S.SafetyNetAlertsControllerTest      : Running with Spring Boot v3.1.1, Spring v6.0.10
2023-08-07T15:14:04.900+02:00  INFO 14184 --- [           main] c.s.S.SafetyNetAlertsControllerTest      : No active profile set, falling back to 1 default profile: "default"
2023-08-07T15:14:05.110+02:00 DEBUG 14184 --- [           main] c.s.S.SafetyNetAlertsApplication         : copy the data file
2023-08-07T15:14:05.111+02:00 DEBUG 14184 --- [           main] c.s.S.SafetyNetAlertsApplication         : create a list of persons
2023-08-07T15:14:05.115+02:00 DEBUG 14184 --- [           main] c.s.S.SafetyNetAlertsApplication         : create a list of fire stations
2023-08-07T15:14:05.118+02:00 DEBUG 14184 --- [           main] c.s.S.SafetyNetAlertsApplication         : create a list of medical records
2023-08-07T15:14:05.119+02:00 DEBUG 14184 --- [           main] c.s.S.SafetyNetAlertsApplication         : the constructor SafetyNetAlertsCatalog succeeded
2023-08-07T15:14:05.303+02:00  INFO 14184 --- [           main] c.s.S.SafetyNetAlertsControllerTest      : Started SafetyNetAlertsControllerTest in 0.43 seconds (process running for 20.667)
]]></system-out>
  </testcase>
  <testcase name="testDeletePersonWithIncompleteBodyShouldFail" classname="com.safetynet.SafetyNetAlerts.SafetyNetAlertsControllerTest" time="0.013">
    <system-out><![CDATA[
  .   ____          _            __ _ _
 /\\ / ___'_ __ _ _(_)_ __  __ _ \ \ \ \
( ( )\___ | '_ | '_| | '_ \/ _` | \ \ \ \
 \\/  ___)| |_)| | | | | || (_| |  ) ) ) )
  '  |____| .__|_| |_|_| |_\__, | / / / /
 =========|_|==============|___/=/_/_/_/
 :: Spring Boot ::                (v3.1.1)

2023-08-07T15:14:05.353+02:00  INFO 14184 --- [           main] c.s.S.SafetyNetAlertsControllerTest      : Starting SafetyNetAlertsControllerTest using Java 17.0.6 with PID 14184 (started by indov in C:\Users\indov\git\SafetyNetAlerts\SafetyNetAlerts)
2023-08-07T15:14:05.353+02:00 DEBUG 14184 --- [           main] c.s.S.SafetyNetAlertsControllerTest      : Running with Spring Boot v3.1.1, Spring v6.0.10
2023-08-07T15:14:05.353+02:00  INFO 14184 --- [           main] c.s.S.SafetyNetAlertsControllerTest      : No active profile set, falling back to 1 default profile: "default"
2023-08-07T15:14:05.587+02:00 DEBUG 14184 --- [           main] c.s.S.SafetyNetAlertsApplication         : copy the data file
2023-08-07T15:14:05.588+02:00 DEBUG 14184 --- [           main] c.s.S.SafetyNetAlertsApplication         : create a list of persons
2023-08-07T15:14:05.589+02:00 DEBUG 14184 --- [           main] c.s.S.SafetyNetAlertsApplication         : create a list of fire stations
2023-08-07T15:14:05.591+02:00 DEBUG 14184 --- [           main] c.s.S.SafetyNetAlertsApplication         : create a list of medical records
2023-08-07T15:14:05.592+02:00 DEBUG 14184 --- [           main] c.s.S.SafetyNetAlertsApplication         : the constructor SafetyNetAlertsCatalog succeeded
2023-08-07T15:14:05.703+02:00  INFO 14184 --- [           main] c.s.S.SafetyNetAlertsControllerTest      : Started SafetyNetAlertsControllerTest in 0.386 seconds (process running for 21.067)
]]></system-out>
  </testcase>
  <testcase name="testUpdateFirestationWithoutBodyShouldFail" classname="com.safetynet.SafetyNetAlerts.SafetyNetAlertsControllerTest" time="0.01">
    <system-out><![CDATA[
  .   ____          _            __ _ _
 /\\ / ___'_ __ _ _(_)_ __  __ _ \ \ \ \
( ( )\___ | '_ | '_| | '_ \/ _` | \ \ \ \
 \\/  ___)| |_)| | | | | || (_| |  ) ) ) )
  '  |____| .__|_| |_|_| |_\__, | / / / /
 =========|_|==============|___/=/_/_/_/
 :: Spring Boot ::                (v3.1.1)

2023-08-07T15:14:05.749+02:00  INFO 14184 --- [           main] c.s.S.SafetyNetAlertsControllerTest      : Starting SafetyNetAlertsControllerTest using Java 17.0.6 with PID 14184 (started by indov in C:\Users\indov\git\SafetyNetAlerts\SafetyNetAlerts)
2023-08-07T15:14:05.749+02:00 DEBUG 14184 --- [           main] c.s.S.SafetyNetAlertsControllerTest      : Running with Spring Boot v3.1.1, Spring v6.0.10
2023-08-07T15:14:05.749+02:00  INFO 14184 --- [           main] c.s.S.SafetyNetAlertsControllerTest      : No active profile set, falling back to 1 default profile: "default"
2023-08-07T15:14:05.969+02:00 DEBUG 14184 --- [           main] c.s.S.SafetyNetAlertsApplication         : copy the data file
2023-08-07T15:14:05.970+02:00 DEBUG 14184 --- [           main] c.s.S.SafetyNetAlertsApplication         : create a list of persons
2023-08-07T15:14:05.971+02:00 DEBUG 14184 --- [           main] c.s.S.SafetyNetAlertsApplication         : create a list of fire stations
2023-08-07T15:14:05.973+02:00 DEBUG 14184 --- [           main] c.s.S.SafetyNetAlertsApplication         : create a list of medical records
2023-08-07T15:14:05.974+02:00 DEBUG 14184 --- [           main] c.s.S.SafetyNetAlertsApplication         : the constructor SafetyNetAlertsCatalog succeeded
2023-08-07T15:14:06.087+02:00  INFO 14184 --- [           main] c.s.S.SafetyNetAlertsControllerTest      : Started SafetyNetAlertsControllerTest in 0.366 seconds (process running for 21.452)
]]></system-out>
  </testcase>
  <testcase name="testUpdateMedicalRecordShouldPass" classname="com.safetynet.SafetyNetAlerts.SafetyNetAlertsControllerTest" time="0.021">
    <system-out><![CDATA[
  .   ____          _            __ _ _
 /\\ / ___'_ __ _ _(_)_ __  __ _ \ \ \ \
( ( )\___ | '_ | '_| | '_ \/ _` | \ \ \ \
 \\/  ___)| |_)| | | | | || (_| |  ) ) ) )
  '  |____| .__|_| |_|_| |_\__, | / / / /
 =========|_|==============|___/=/_/_/_/
 :: Spring Boot ::                (v3.1.1)

2023-08-07T15:14:06.157+02:00  INFO 14184 --- [           main] c.s.S.SafetyNetAlertsControllerTest      : Starting SafetyNetAlertsControllerTest using Java 17.0.6 with PID 14184 (started by indov in C:\Users\indov\git\SafetyNetAlerts\SafetyNetAlerts)
2023-08-07T15:14:06.158+02:00 DEBUG 14184 --- [           main] c.s.S.SafetyNetAlertsControllerTest      : Running with Spring Boot v3.1.1, Spring v6.0.10
2023-08-07T15:14:06.158+02:00  INFO 14184 --- [           main] c.s.S.SafetyNetAlertsControllerTest      : No active profile set, falling back to 1 default profile: "default"
2023-08-07T15:14:06.347+02:00 DEBUG 14184 --- [           main] c.s.S.SafetyNetAlertsApplication         : copy the data file
2023-08-07T15:14:06.348+02:00 DEBUG 14184 --- [           main] c.s.S.SafetyNetAlertsApplication         : create a list of persons
2023-08-07T15:14:06.350+02:00 DEBUG 14184 --- [           main] c.s.S.SafetyNetAlertsApplication         : create a list of fire stations
2023-08-07T15:14:06.352+02:00 DEBUG 14184 --- [           main] c.s.S.SafetyNetAlertsApplication         : create a list of medical records
2023-08-07T15:14:06.354+02:00 DEBUG 14184 --- [           main] c.s.S.SafetyNetAlertsApplication         : the constructor SafetyNetAlertsCatalog succeeded
2023-08-07T15:14:06.524+02:00  INFO 14184 --- [           main] c.s.S.SafetyNetAlertsControllerTest      : Started SafetyNetAlertsControllerTest in 0.407 seconds (process running for 21.888)
2023-08-07T15:14:06.537+02:00  INFO 14184 --- [           main] c.s.S.SafetyNetAlertsApplication         : request an update for the medical record about the person named John Boyd
2023-08-07T15:14:06.541+02:00  INFO 14184 --- [           main] c.s.S.SafetyNetAlertsApplication         : The medical record about the person named John Boyd has been updated correctly
]]></system-out>
  </testcase>
  <testcase name="testUpdatePersonWithIncompleteBodyShouldFail" classname="com.safetynet.SafetyNetAlerts.SafetyNetAlertsControllerTest" time="0.011">
    <system-out><![CDATA[
  .   ____          _            __ _ _
 /\\ / ___'_ __ _ _(_)_ __  __ _ \ \ \ \
( ( )\___ | '_ | '_| | '_ \/ _` | \ \ \ \
 \\/  ___)| |_)| | | | | || (_| |  ) ) ) )
  '  |____| .__|_| |_|_| |_\__, | / / / /
 =========|_|==============|___/=/_/_/_/
 :: Spring Boot ::                (v3.1.1)

2023-08-07T15:14:06.577+02:00  INFO 14184 --- [           main] c.s.S.SafetyNetAlertsControllerTest      : Starting SafetyNetAlertsControllerTest using Java 17.0.6 with PID 14184 (started by indov in C:\Users\indov\git\SafetyNetAlerts\SafetyNetAlerts)
2023-08-07T15:14:06.578+02:00 DEBUG 14184 --- [           main] c.s.S.SafetyNetAlertsControllerTest      : Running with Spring Boot v3.1.1, Spring v6.0.10
2023-08-07T15:14:06.578+02:00  INFO 14184 --- [           main] c.s.S.SafetyNetAlertsControllerTest      : No active profile set, falling back to 1 default profile: "default"
2023-08-07T15:14:06.751+02:00 DEBUG 14184 --- [           main] c.s.S.SafetyNetAlertsApplication         : copy the data file
2023-08-07T15:14:06.751+02:00 DEBUG 14184 --- [           main] c.s.S.SafetyNetAlertsApplication         : create a list of persons
2023-08-07T15:14:06.752+02:00 DEBUG 14184 --- [           main] c.s.S.SafetyNetAlertsApplication         : create a list of fire stations
2023-08-07T15:14:06.753+02:00 DEBUG 14184 --- [           main] c.s.S.SafetyNetAlertsApplication         : create a list of medical records
2023-08-07T15:14:06.754+02:00 DEBUG 14184 --- [           main] c.s.S.SafetyNetAlertsApplication         : the constructor SafetyNetAlertsCatalog succeeded
2023-08-07T15:14:06.852+02:00  INFO 14184 --- [           main] c.s.S.SafetyNetAlertsControllerTest      : Started SafetyNetAlertsControllerTest in 0.302 seconds (process running for 22.216)
2023-08-07T15:14:06.860+02:00 ERROR 14184 --- [           main] c.s.S.SafetyNetAlertsApplication         : All the parameters are required
]]></system-out>
  </testcase>
  <testcase name="testDeletePersonWithoutBodyShouldFail" classname="com.safetynet.SafetyNetAlerts.SafetyNetAlertsControllerTest" time="0.01">
    <system-out><![CDATA[
  .   ____          _            __ _ _
 /\\ / ___'_ __ _ _(_)_ __  __ _ \ \ \ \
( ( )\___ | '_ | '_| | '_ \/ _` | \ \ \ \
 \\/  ___)| |_)| | | | | || (_| |  ) ) ) )
  '  |____| .__|_| |_|_| |_\__, | / / / /
 =========|_|==============|___/=/_/_/_/
 :: Spring Boot ::                (v3.1.1)

2023-08-07T15:14:06.893+02:00  INFO 14184 --- [           main] c.s.S.SafetyNetAlertsControllerTest      : Starting SafetyNetAlertsControllerTest using Java 17.0.6 with PID 14184 (started by indov in C:\Users\indov\git\SafetyNetAlerts\SafetyNetAlerts)
2023-08-07T15:14:06.893+02:00 DEBUG 14184 --- [           main] c.s.S.SafetyNetAlertsControllerTest      : Running with Spring Boot v3.1.1, Spring v6.0.10
2023-08-07T15:14:06.893+02:00  INFO 14184 --- [           main] c.s.S.SafetyNetAlertsControllerTest      : No active profile set, falling back to 1 default profile: "default"
2023-08-07T15:14:07.023+02:00 DEBUG 14184 --- [           main] c.s.S.SafetyNetAlertsApplication         : copy the data file
2023-08-07T15:14:07.023+02:00 DEBUG 14184 --- [           main] c.s.S.SafetyNetAlertsApplication         : create a list of persons
2023-08-07T15:14:07.024+02:00 DEBUG 14184 --- [           main] c.s.S.SafetyNetAlertsApplication         : create a list of fire stations
2023-08-07T15:14:07.025+02:00 DEBUG 14184 --- [           main] c.s.S.SafetyNetAlertsApplication         : create a list of medical records
2023-08-07T15:14:07.026+02:00 DEBUG 14184 --- [           main] c.s.S.SafetyNetAlertsApplication         : the constructor SafetyNetAlertsCatalog succeeded
2023-08-07T15:14:07.119+02:00  INFO 14184 --- [           main] c.s.S.SafetyNetAlertsControllerTest      : Started SafetyNetAlertsControllerTest in 0.252 seconds (process running for 22.483)
]]></system-out>
  </testcase>
  <testcase name="testGetPersonsWithFireStationFromAddressShouldPass" classname="com.safetynet.SafetyNetAlerts.SafetyNetAlertsControllerTest" time="0.017">
    <system-out><![CDATA[
  .   ____          _            __ _ _
 /\\ / ___'_ __ _ _(_)_ __  __ _ \ \ \ \
( ( )\___ | '_ | '_| | '_ \/ _` | \ \ \ \
 \\/  ___)| |_)| | | | | || (_| |  ) ) ) )
  '  |____| .__|_| |_|_| |_\__, | / / / /
 =========|_|==============|___/=/_/_/_/
 :: Spring Boot ::                (v3.1.1)

2023-08-07T15:14:07.153+02:00  INFO 14184 --- [           main] c.s.S.SafetyNetAlertsControllerTest      : Starting SafetyNetAlertsControllerTest using Java 17.0.6 with PID 14184 (started by indov in C:\Users\indov\git\SafetyNetAlerts\SafetyNetAlerts)
2023-08-07T15:14:07.154+02:00 DEBUG 14184 --- [           main] c.s.S.SafetyNetAlertsControllerTest      : Running with Spring Boot v3.1.1, Spring v6.0.10
2023-08-07T15:14:07.154+02:00  INFO 14184 --- [           main] c.s.S.SafetyNetAlertsControllerTest      : No active profile set, falling back to 1 default profile: "default"
2023-08-07T15:14:07.306+02:00 DEBUG 14184 --- [           main] c.s.S.SafetyNetAlertsApplication         : copy the data file
2023-08-07T15:14:07.307+02:00 DEBUG 14184 --- [           main] c.s.S.SafetyNetAlertsApplication         : create a list of persons
2023-08-07T15:14:07.309+02:00 DEBUG 14184 --- [           main] c.s.S.SafetyNetAlertsApplication         : create a list of fire stations
2023-08-07T15:14:07.310+02:00 DEBUG 14184 --- [           main] c.s.S.SafetyNetAlertsApplication         : create a list of medical records
2023-08-07T15:14:07.311+02:00 DEBUG 14184 --- [           main] c.s.S.SafetyNetAlertsApplication         : the constructor SafetyNetAlertsCatalog succeeded
2023-08-07T15:14:07.405+02:00  INFO 14184 --- [           main] c.s.S.SafetyNetAlertsControllerTest      : Started SafetyNetAlertsControllerTest in 0.273 seconds (process running for 22.77)
2023-08-07T15:14:07.410+02:00  INFO 14184 --- [           main] c.s.S.SafetyNetAlertsApplication         : request the fireStation number and the list of persons living at 1509 Culver St
2023-08-07T15:14:07.411+02:00 DEBUG 14184 --- [           main] c.s.S.SafetyNetAlertsApplication         : get the list of fireStations
2023-08-07T15:14:07.411+02:00 DEBUG 14184 --- [           main] c.s.S.SafetyNetAlertsApplication         : get the fireStation number that covers 1509 Culver St
2023-08-07T15:14:07.411+02:00 DEBUG 14184 --- [           main] c.s.S.SafetyNetAlertsApplication         : get the list of persons
2023-08-07T15:14:07.411+02:00 DEBUG 14184 --- [           main] c.s.S.SafetyNetAlertsApplication         : get the list of persons living at 1509 Culver St
2023-08-07T15:14:07.411+02:00 DEBUG 14184 --- [           main] c.s.S.SafetyNetAlertsApplication         : get the list of medical records
2023-08-07T15:14:07.411+02:00 DEBUG 14184 --- [           main] c.s.S.SafetyNetAlertsApplication         : the person named John Boyd is 39 years old
2023-08-07T15:14:07.412+02:00 DEBUG 14184 --- [           main] c.s.S.SafetyNetAlertsApplication         : the person named John Boyd is allergic to [nillacilan]
2023-08-07T15:14:07.412+02:00 DEBUG 14184 --- [           main] c.s.S.SafetyNetAlertsApplication         : the person named John Boyd is taking the following medications [aznol:350mg, hydrapermazol:100mg]
2023-08-07T15:14:07.412+02:00 DEBUG 14184 --- [           main] c.s.S.SafetyNetAlertsApplication         : get the list of medical records
2023-08-07T15:14:07.412+02:00 DEBUG 14184 --- [           main] c.s.S.SafetyNetAlertsApplication         : the person named Jacob Boyd is 34 years old
2023-08-07T15:14:07.412+02:00 DEBUG 14184 --- [           main] c.s.S.SafetyNetAlertsApplication         : the person named Jacob Boyd is allergic to []
2023-08-07T15:14:07.412+02:00 DEBUG 14184 --- [           main] c.s.S.SafetyNetAlertsApplication         : the person named Jacob Boyd is taking the following medications [pharmacol:5000mg, terazine:10mg, noznazol:250mg]
2023-08-07T15:14:07.412+02:00 DEBUG 14184 --- [           main] c.s.S.SafetyNetAlertsApplication         : get the list of medical records
2023-08-07T15:14:07.413+02:00 DEBUG 14184 --- [           main] c.s.S.SafetyNetAlertsApplication         : the person named Tenley Boyd is 11 years old
2023-08-07T15:14:07.413+02:00 DEBUG 14184 --- [           main] c.s.S.SafetyNetAlertsApplication         : the person named Tenley Boyd is allergic to [peanut]
2023-08-07T15:14:07.413+02:00 DEBUG 14184 --- [           main] c.s.S.SafetyNetAlertsApplication         : the person named Tenley Boyd is taking the following medications []
2023-08-07T15:14:07.413+02:00 DEBUG 14184 --- [           main] c.s.S.SafetyNetAlertsApplication         : get the list of medical records
2023-08-07T15:14:07.413+02:00 DEBUG 14184 --- [           main] c.s.S.SafetyNetAlertsApplication         : the person named Roger Boyd is 5 years old
2023-08-07T15:14:07.413+02:00 DEBUG 14184 --- [           main] c.s.S.SafetyNetAlertsApplication         : the person named Roger Boyd is allergic to []
2023-08-07T15:14:07.413+02:00 DEBUG 14184 --- [           main] c.s.S.SafetyNetAlertsApplication         : the person named Roger Boyd is taking the following medications []
2023-08-07T15:14:07.413+02:00 DEBUG 14184 --- [           main] c.s.S.SafetyNetAlertsApplication         : get the list of medical records
2023-08-07T15:14:07.414+02:00 DEBUG 14184 --- [           main] c.s.S.SafetyNetAlertsApplication         : the person named Felicia Boyd is 37 years old
2023-08-07T15:14:07.414+02:00 DEBUG 14184 --- [           main] c.s.S.SafetyNetAlertsApplication         : the person named Felicia Boyd is allergic to [xilliathal]
2023-08-07T15:14:07.414+02:00 DEBUG 14184 --- [           main] c.s.S.SafetyNetAlertsApplication         : the person named Felicia Boyd is taking the following medications [tetracyclaz:650mg]
2023-08-07T15:14:07.414+02:00  INFO 14184 --- [           main] c.s.S.SafetyNetAlertsApplication         : response with 5 person(s) living at 1509 Culver St and covered by fireStation number 3
]]></system-out>
  </testcase>
  <testcase name="testGetFamiliesFromStationsShouldPass" classname="com.safetynet.SafetyNetAlerts.SafetyNetAlertsControllerTest" time="0.034">
    <system-out><![CDATA[
  .   ____          _            __ _ _
 /\\ / ___'_ __ _ _(_)_ __  __ _ \ \ \ \
( ( )\___ | '_ | '_| | '_ \/ _` | \ \ \ \
 \\/  ___)| |_)| | | | | || (_| |  ) ) ) )
  '  |____| .__|_| |_|_| |_\__, | / / / /
 =========|_|==============|___/=/_/_/_/
 :: Spring Boot ::                (v3.1.1)

2023-08-07T15:14:07.450+02:00  INFO 14184 --- [           main] c.s.S.SafetyNetAlertsControllerTest      : Starting SafetyNetAlertsControllerTest using Java 17.0.6 with PID 14184 (started by indov in C:\Users\indov\git\SafetyNetAlerts\SafetyNetAlerts)
2023-08-07T15:14:07.451+02:00 DEBUG 14184 --- [           main] c.s.S.SafetyNetAlertsControllerTest      : Running with Spring Boot v3.1.1, Spring v6.0.10
2023-08-07T15:14:07.451+02:00  INFO 14184 --- [           main] c.s.S.SafetyNetAlertsControllerTest      : No active profile set, falling back to 1 default profile: "default"
2023-08-07T15:14:07.568+02:00 DEBUG 14184 --- [           main] c.s.S.SafetyNetAlertsApplication         : copy the data file
2023-08-07T15:14:07.569+02:00 DEBUG 14184 --- [           main] c.s.S.SafetyNetAlertsApplication         : create a list of persons
2023-08-07T15:14:07.570+02:00 DEBUG 14184 --- [           main] c.s.S.SafetyNetAlertsApplication         : create a list of fire stations
2023-08-07T15:14:07.571+02:00 DEBUG 14184 --- [           main] c.s.S.SafetyNetAlertsApplication         : create a list of medical records
2023-08-07T15:14:07.572+02:00 DEBUG 14184 --- [           main] c.s.S.SafetyNetAlertsApplication         : the constructor SafetyNetAlertsCatalog succeeded
2023-08-07T15:14:07.673+02:00  INFO 14184 --- [           main] c.s.S.SafetyNetAlertsControllerTest      : Started SafetyNetAlertsControllerTest in 0.247 seconds (process running for 23.037)
2023-08-07T15:14:07.681+02:00  INFO 14184 --- [           main] c.s.S.SafetyNetAlertsApplication         : request the list of families living near by the fireStation(s) [2, 3]
2023-08-07T15:14:07.682+02:00 DEBUG 14184 --- [           main] c.s.S.SafetyNetAlertsApplication         : get the list of fireStations
2023-08-07T15:14:07.682+02:00 DEBUG 14184 --- [           main] c.s.S.SafetyNetAlertsApplication         : get the list of addresses that are covered by the fireStation number 2
2023-08-07T15:14:07.682+02:00 DEBUG 14184 --- [           main] c.s.S.SafetyNetAlertsApplication         : get the list of fireStations
2023-08-07T15:14:07.682+02:00 DEBUG 14184 --- [           main] c.s.S.SafetyNetAlertsApplication         : get the list of addresses that are covered by the fireStation number 3
2023-08-07T15:14:07.682+02:00 DEBUG 14184 --- [           main] c.s.S.SafetyNetAlertsApplication         : get the list of persons
2023-08-07T15:14:07.682+02:00 DEBUG 14184 --- [           main] c.s.S.SafetyNetAlertsApplication         : get the list of persons living at 29 15th St
2023-08-07T15:14:07.683+02:00 DEBUG 14184 --- [           main] c.s.S.SafetyNetAlertsApplication         : get the list of medical records
2023-08-07T15:14:07.683+02:00 DEBUG 14184 --- [           main] c.s.S.SafetyNetAlertsApplication         : the person named Jonanathan Marrack is 34 years old
2023-08-07T15:14:07.683+02:00 DEBUG 14184 --- [           main] c.s.S.SafetyNetAlertsApplication         : the person named Jonanathan Marrack is allergic to []
2023-08-07T15:14:07.683+02:00 DEBUG 14184 --- [           main] c.s.S.SafetyNetAlertsApplication         : the person named Jonanathan Marrack is taking the following medications []
2023-08-07T15:14:07.683+02:00 DEBUG 14184 --- [           main] c.s.S.SafetyNetAlertsApplication         : get the list of persons
2023-08-07T15:14:07.683+02:00 DEBUG 14184 --- [           main] c.s.S.SafetyNetAlertsApplication         : get the list of persons living at 892 Downing Ct
2023-08-07T15:14:07.683+02:00 DEBUG 14184 --- [           main] c.s.S.SafetyNetAlertsApplication         : get the list of medical records
2023-08-07T15:14:07.683+02:00 DEBUG 14184 --- [           main] c.s.S.SafetyNetAlertsApplication         : the person named Sophia Zemicks is 35 years old
2023-08-07T15:14:07.684+02:00 DEBUG 14184 --- [           main] c.s.S.SafetyNetAlertsApplication         : the person named Sophia Zemicks is allergic to [peanut, shellfish, aznol]
2023-08-07T15:14:07.684+02:00 DEBUG 14184 --- [           main] c.s.S.SafetyNetAlertsApplication         : the person named Sophia Zemicks is taking the following medications [aznol:60mg, hydrapermazol:900mg, pharmacol:5000mg, terazine:500mg]
2023-08-07T15:14:07.684+02:00 DEBUG 14184 --- [           main] c.s.S.SafetyNetAlertsApplication         : get the list of medical records
2023-08-07T15:14:07.684+02:00 DEBUG 14184 --- [           main] c.s.S.SafetyNetAlertsApplication         : the person named Warren Zemicks is 38 years old
2023-08-07T15:14:07.684+02:00 DEBUG 14184 --- [           main] c.s.S.SafetyNetAlertsApplication         : the person named Warren Zemicks is allergic to []
2023-08-07T15:14:07.684+02:00 DEBUG 14184 --- [           main] c.s.S.SafetyNetAlertsApplication         : the person named Warren Zemicks is taking the following medications []
2023-08-07T15:14:07.684+02:00 DEBUG 14184 --- [           main] c.s.S.SafetyNetAlertsApplication         : get the list of medical records
2023-08-07T15:14:07.684+02:00 DEBUG 14184 --- [           main] c.s.S.SafetyNetAlertsApplication         : the person named Zach Zemicks is 6 years old
2023-08-07T15:14:07.685+02:00 DEBUG 14184 --- [           main] c.s.S.SafetyNetAlertsApplication         : the person named Zach Zemicks is allergic to []
2023-08-07T15:14:07.685+02:00 DEBUG 14184 --- [           main] c.s.S.SafetyNetAlertsApplication         : the person named Zach Zemicks is taking the following medications []
2023-08-07T15:14:07.685+02:00 DEBUG 14184 --- [           main] c.s.S.SafetyNetAlertsApplication         : get the list of persons
2023-08-07T15:14:07.685+02:00 DEBUG 14184 --- [           main] c.s.S.SafetyNetAlertsApplication         : get the list of persons living at 951 LoneTree Rd
2023-08-07T15:14:07.685+02:00 DEBUG 14184 --- [           main] c.s.S.SafetyNetAlertsApplication         : get the list of medical records
2023-08-07T15:14:07.686+02:00 DEBUG 14184 --- [           main] c.s.S.SafetyNetAlertsApplication         : the person named Eric Cadigan is 78 years old
2023-08-07T15:14:07.686+02:00 DEBUG 14184 --- [           main] c.s.S.SafetyNetAlertsApplication         : the person named Eric Cadigan is allergic to []
2023-08-07T15:14:07.686+02:00 DEBUG 14184 --- [           main] c.s.S.SafetyNetAlertsApplication         : the person named Eric Cadigan is taking the following medications [tradoxidine:400mg]
2023-08-07T15:14:07.686+02:00 DEBUG 14184 --- [           main] c.s.S.SafetyNetAlertsApplication         : get the list of persons
2023-08-07T15:14:07.686+02:00 DEBUG 14184 --- [           main] c.s.S.SafetyNetAlertsApplication         : get the list of persons living at 1509 Culver St
2023-08-07T15:14:07.686+02:00 DEBUG 14184 --- [           main] c.s.S.SafetyNetAlertsApplication         : get the list of medical records
2023-08-07T15:14:07.686+02:00 DEBUG 14184 --- [           main] c.s.S.SafetyNetAlertsApplication         : the person named John Boyd is 39 years old
2023-08-07T15:14:07.686+02:00 DEBUG 14184 --- [           main] c.s.S.SafetyNetAlertsApplication         : the person named John Boyd is allergic to [nillacilan]
2023-08-07T15:14:07.686+02:00 DEBUG 14184 --- [           main] c.s.S.SafetyNetAlertsApplication         : the person named John Boyd is taking the following medications [aznol:350mg, hydrapermazol:100mg]
2023-08-07T15:14:07.686+02:00 DEBUG 14184 --- [           main] c.s.S.SafetyNetAlertsApplication         : get the list of medical records
2023-08-07T15:14:07.687+02:00 DEBUG 14184 --- [           main] c.s.S.SafetyNetAlertsApplication         : the person named Jacob Boyd is 34 years old
2023-08-07T15:14:07.687+02:00 DEBUG 14184 --- [           main] c.s.S.SafetyNetAlertsApplication         : the person named Jacob Boyd is allergic to []
2023-08-07T15:14:07.687+02:00 DEBUG 14184 --- [           main] c.s.S.SafetyNetAlertsApplication         : the person named Jacob Boyd is taking the following medications [pharmacol:5000mg, terazine:10mg, noznazol:250mg]
2023-08-07T15:14:07.687+02:00 DEBUG 14184 --- [           main] c.s.S.SafetyNetAlertsApplication         : get the list of medical records
2023-08-07T15:14:07.687+02:00 DEBUG 14184 --- [           main] c.s.S.SafetyNetAlertsApplication         : the person named Tenley Boyd is 11 years old
2023-08-07T15:14:07.687+02:00 DEBUG 14184 --- [           main] c.s.S.SafetyNetAlertsApplication         : the person named Tenley Boyd is allergic to [peanut]
2023-08-07T15:14:07.687+02:00 DEBUG 14184 --- [           main] c.s.S.SafetyNetAlertsApplication         : the person named Tenley Boyd is taking the following medications []
2023-08-07T15:14:07.687+02:00 DEBUG 14184 --- [           main] c.s.S.SafetyNetAlertsApplication         : get the list of medical records
2023-08-07T15:14:07.687+02:00 DEBUG 14184 --- [           main] c.s.S.SafetyNetAlertsApplication         : the person named Roger Boyd is 5 years old
2023-08-07T15:14:07.687+02:00 DEBUG 14184 --- [           main] c.s.S.SafetyNetAlertsApplication         : the person named Roger Boyd is allergic to []
2023-08-07T15:14:07.687+02:00 DEBUG 14184 --- [           main] c.s.S.SafetyNetAlertsApplication         : the person named Roger Boyd is taking the following medications []
2023-08-07T15:14:07.688+02:00 DEBUG 14184 --- [           main] c.s.S.SafetyNetAlertsApplication         : get the list of medical records
2023-08-07T15:14:07.688+02:00 DEBUG 14184 --- [           main] c.s.S.SafetyNetAlertsApplication         : the person named Felicia Boyd is 37 years old
2023-08-07T15:14:07.688+02:00 DEBUG 14184 --- [           main] c.s.S.SafetyNetAlertsApplication         : the person named Felicia Boyd is allergic to [xilliathal]
2023-08-07T15:14:07.688+02:00 DEBUG 14184 --- [           main] c.s.S.SafetyNetAlertsApplication         : the person named Felicia Boyd is taking the following medications [tetracyclaz:650mg]
2023-08-07T15:14:07.688+02:00 DEBUG 14184 --- [           main] c.s.S.SafetyNetAlertsApplication         : get the list of persons
2023-08-07T15:14:07.688+02:00 DEBUG 14184 --- [           main] c.s.S.SafetyNetAlertsApplication         : get the list of persons living at 834 Binoc Ave
2023-08-07T15:14:07.688+02:00 DEBUG 14184 --- [           main] c.s.S.SafetyNetAlertsApplication         : get the list of medical records
2023-08-07T15:14:07.688+02:00 DEBUG 14184 --- [           main] c.s.S.SafetyNetAlertsApplication         : the person named Tessa Carman is 11 years old
2023-08-07T15:14:07.688+02:00 DEBUG 14184 --- [           main] c.s.S.SafetyNetAlertsApplication         : the person named Tessa Carman is allergic to []
2023-08-07T15:14:07.688+02:00 DEBUG 14184 --- [           main] c.s.S.SafetyNetAlertsApplication         : the person named Tessa Carman is taking the following medications []
2023-08-07T15:14:07.688+02:00 DEBUG 14184 --- [           main] c.s.S.SafetyNetAlertsApplication         : get the list of persons
2023-08-07T15:14:07.688+02:00 DEBUG 14184 --- [           main] c.s.S.SafetyNetAlertsApplication         : get the list of persons living at 748 Townings Dr
2023-08-07T15:14:07.688+02:00 DEBUG 14184 --- [           main] c.s.S.SafetyNetAlertsApplication         : get the list of medical records
2023-08-07T15:14:07.689+02:00 DEBUG 14184 --- [           main] c.s.S.SafetyNetAlertsApplication         : the person named Foster Shepard is 43 years old
2023-08-07T15:14:07.689+02:00 DEBUG 14184 --- [           main] c.s.S.SafetyNetAlertsApplication         : the person named Foster Shepard is allergic to []
2023-08-07T15:14:07.689+02:00 DEBUG 14184 --- [           main] c.s.S.SafetyNetAlertsApplication         : the person named Foster Shepard is taking the following medications []
2023-08-07T15:14:07.689+02:00 DEBUG 14184 --- [           main] c.s.S.SafetyNetAlertsApplication         : get the list of medical records
2023-08-07T15:14:07.689+02:00 DEBUG 14184 --- [           main] c.s.S.SafetyNetAlertsApplication         : the person named Clive Ferguson is 29 years old
2023-08-07T15:14:07.689+02:00 DEBUG 14184 --- [           main] c.s.S.SafetyNetAlertsApplication         : the person named Clive Ferguson is allergic to []
2023-08-07T15:14:07.689+02:00 DEBUG 14184 --- [           main] c.s.S.SafetyNetAlertsApplication         : the person named Clive Ferguson is taking the following medications []
2023-08-07T15:14:07.689+02:00 DEBUG 14184 --- [           main] c.s.S.SafetyNetAlertsApplication         : get the list of persons
2023-08-07T15:14:07.689+02:00 DEBUG 14184 --- [           main] c.s.S.SafetyNetAlertsApplication         : get the list of persons living at 112 Steppes Pl
2023-08-07T15:14:07.689+02:00 DEBUG 14184 --- [           main] c.s.S.SafetyNetAlertsApplication         : get the list of medical records
2023-08-07T15:14:07.689+02:00 DEBUG 14184 --- [           main] c.s.S.SafetyNetAlertsApplication         : the person named Tony Cooper is 29 years old
2023-08-07T15:14:07.689+02:00 DEBUG 14184 --- [           main] c.s.S.SafetyNetAlertsApplication         : the person named Tony Cooper is allergic to [shellfish]
2023-08-07T15:14:07.689+02:00 DEBUG 14184 --- [           main] c.s.S.SafetyNetAlertsApplication         : the person named Tony Cooper is taking the following medications [hydrapermazol:300mg, dodoxadin:30mg]
2023-08-07T15:14:07.690+02:00 DEBUG 14184 --- [           main] c.s.S.SafetyNetAlertsApplication         : get the list of medical records
2023-08-07T15:14:07.690+02:00 DEBUG 14184 --- [           main] c.s.S.SafetyNetAlertsApplication         : the person named Ron Peters is 58 years old
2023-08-07T15:14:07.690+02:00 DEBUG 14184 --- [           main] c.s.S.SafetyNetAlertsApplication         : the person named Ron Peters is allergic to []
2023-08-07T15:14:07.690+02:00 DEBUG 14184 --- [           main] c.s.S.SafetyNetAlertsApplication         : the person named Ron Peters is taking the following medications []
2023-08-07T15:14:07.690+02:00 DEBUG 14184 --- [           main] c.s.S.SafetyNetAlertsApplication         : get the list of medical records
2023-08-07T15:14:07.690+02:00 DEBUG 14184 --- [           main] c.s.S.SafetyNetAlertsApplication         : the person named Allison Boyd is 58 years old
2023-08-07T15:14:07.690+02:00 DEBUG 14184 --- [           main] c.s.S.SafetyNetAlertsApplication         : the person named Allison Boyd is allergic to [nillacilan]
2023-08-07T15:14:07.690+02:00 DEBUG 14184 --- [           main] c.s.S.SafetyNetAlertsApplication         : the person named Allison Boyd is taking the following medications [aznol:200mg]
2023-08-07T15:14:07.690+02:00  INFO 14184 --- [           main] c.s.S.SafetyNetAlertsApplication         : response with 7 family(ies) covered by the fireStation number [2, 3]
]]></system-out>
  </testcase>
  <testcase name="testDeletePersonWithPersonUnknownShouldFail" classname="com.safetynet.SafetyNetAlerts.SafetyNetAlertsControllerTest" time="0.015">
    <system-out><![CDATA[
  .   ____          _            __ _ _
 /\\ / ___'_ __ _ _(_)_ __  __ _ \ \ \ \
( ( )\___ | '_ | '_| | '_ \/ _` | \ \ \ \
 \\/  ___)| |_)| | | | | || (_| |  ) ) ) )
  '  |____| .__|_| |_|_| |_\__, | / / / /
 =========|_|==============|___/=/_/_/_/
 :: Spring Boot ::                (v3.1.1)

2023-08-07T15:14:07.739+02:00  INFO 14184 --- [           main] c.s.S.SafetyNetAlertsControllerTest      : Starting SafetyNetAlertsControllerTest using Java 17.0.6 with PID 14184 (started by indov in C:\Users\indov\git\SafetyNetAlerts\SafetyNetAlerts)
2023-08-07T15:14:07.740+02:00 DEBUG 14184 --- [           main] c.s.S.SafetyNetAlertsControllerTest      : Running with Spring Boot v3.1.1, Spring v6.0.10
2023-08-07T15:14:07.740+02:00  INFO 14184 --- [           main] c.s.S.SafetyNetAlertsControllerTest      : No active profile set, falling back to 1 default profile: "default"
2023-08-07T15:14:07.896+02:00 DEBUG 14184 --- [           main] c.s.S.SafetyNetAlertsApplication         : copy the data file
2023-08-07T15:14:07.896+02:00 DEBUG 14184 --- [           main] c.s.S.SafetyNetAlertsApplication         : create a list of persons
2023-08-07T15:14:07.898+02:00 DEBUG 14184 --- [           main] c.s.S.SafetyNetAlertsApplication         : create a list of fire stations
2023-08-07T15:14:07.898+02:00 DEBUG 14184 --- [           main] c.s.S.SafetyNetAlertsApplication         : create a list of medical records
2023-08-07T15:14:07.899+02:00 DEBUG 14184 --- [           main] c.s.S.SafetyNetAlertsApplication         : the constructor SafetyNetAlertsCatalog succeeded
2023-08-07T15:14:08.001+02:00  INFO 14184 --- [           main] c.s.S.SafetyNetAlertsControllerTest      : Started SafetyNetAlertsControllerTest in 0.289 seconds (process running for 23.366)
2023-08-07T15:14:08.011+02:00  INFO 14184 --- [           main] c.s.S.SafetyNetAlertsApplication         : request a deletion for the person named firstNameUnknown lastNameUnknown
2023-08-07T15:14:08.012+02:00 ERROR 14184 --- [           main] c.s.S.SafetyNetAlertsApplication         : the person named firstNameUnknown lastNameUnknown doesn't exist in our system
]]></system-out>
  </testcase>
  <testcase name="testCreateMedicalRecordShouldPass" classname="com.safetynet.SafetyNetAlerts.SafetyNetAlertsControllerTest" time="0.016">
    <system-out><![CDATA[
  .   ____          _            __ _ _
 /\\ / ___'_ __ _ _(_)_ __  __ _ \ \ \ \
( ( )\___ | '_ | '_| | '_ \/ _` | \ \ \ \
 \\/  ___)| |_)| | | | | || (_| |  ) ) ) )
  '  |____| .__|_| |_|_| |_\__, | / / / /
 =========|_|==============|___/=/_/_/_/
 :: Spring Boot ::                (v3.1.1)

2023-08-07T15:14:08.048+02:00  INFO 14184 --- [           main] c.s.S.SafetyNetAlertsControllerTest      : Starting SafetyNetAlertsControllerTest using Java 17.0.6 with PID 14184 (started by indov in C:\Users\indov\git\SafetyNetAlerts\SafetyNetAlerts)
2023-08-07T15:14:08.048+02:00 DEBUG 14184 --- [           main] c.s.S.SafetyNetAlertsControllerTest      : Running with Spring Boot v3.1.1, Spring v6.0.10
2023-08-07T15:14:08.048+02:00  INFO 14184 --- [           main] c.s.S.SafetyNetAlertsControllerTest      : No active profile set, falling back to 1 default profile: "default"
2023-08-07T15:14:08.187+02:00 DEBUG 14184 --- [           main] c.s.S.SafetyNetAlertsApplication         : copy the data file
2023-08-07T15:14:08.187+02:00 DEBUG 14184 --- [           main] c.s.S.SafetyNetAlertsApplication         : create a list of persons
2023-08-07T15:14:08.189+02:00 DEBUG 14184 --- [           main] c.s.S.SafetyNetAlertsApplication         : create a list of fire stations
2023-08-07T15:14:08.191+02:00 DEBUG 14184 --- [           main] c.s.S.SafetyNetAlertsApplication         : create a list of medical records
2023-08-07T15:14:08.192+02:00 DEBUG 14184 --- [           main] c.s.S.SafetyNetAlertsApplication         : the constructor SafetyNetAlertsCatalog succeeded
2023-08-07T15:14:08.281+02:00  INFO 14184 --- [           main] c.s.S.SafetyNetAlertsControllerTest      : Started SafetyNetAlertsControllerTest in 0.26 seconds (process running for 23.645)
2023-08-07T15:14:08.291+02:00  INFO 14184 --- [           main] c.s.S.SafetyNetAlertsApplication         : creating for the medical record about the person named firstNameTest lastNameTest has been posted
2023-08-07T15:14:08.296+02:00  INFO 14184 --- [           main] c.s.S.SafetyNetAlertsApplication         : The new medical record about the person named firstNameTest lastNameTest has been created correctly
]]></system-out>
  </testcase>
  <testcase name="testGetChildrenFromAddressWithoutParameterShouldFail" classname="com.safetynet.SafetyNetAlerts.SafetyNetAlertsControllerTest" time="0.004">
    <system-out><![CDATA[
  .   ____          _            __ _ _
 /\\ / ___'_ __ _ _(_)_ __  __ _ \ \ \ \
( ( )\___ | '_ | '_| | '_ \/ _` | \ \ \ \
 \\/  ___)| |_)| | | | | || (_| |  ) ) ) )
  '  |____| .__|_| |_|_| |_\__, | / / / /
 =========|_|==============|___/=/_/_/_/
 :: Spring Boot ::                (v3.1.1)

2023-08-07T15:14:08.319+02:00  INFO 14184 --- [           main] c.s.S.SafetyNetAlertsControllerTest      : Starting SafetyNetAlertsControllerTest using Java 17.0.6 with PID 14184 (started by indov in C:\Users\indov\git\SafetyNetAlerts\SafetyNetAlerts)
2023-08-07T15:14:08.319+02:00 DEBUG 14184 --- [           main] c.s.S.SafetyNetAlertsControllerTest      : Running with Spring Boot v3.1.1, Spring v6.0.10
2023-08-07T15:14:08.319+02:00  INFO 14184 --- [           main] c.s.S.SafetyNetAlertsControllerTest      : No active profile set, falling back to 1 default profile: "default"
2023-08-07T15:14:08.434+02:00 DEBUG 14184 --- [           main] c.s.S.SafetyNetAlertsApplication         : copy the data file
2023-08-07T15:14:08.436+02:00 DEBUG 14184 --- [           main] c.s.S.SafetyNetAlertsApplication         : create a list of persons
2023-08-07T15:14:08.437+02:00 DEBUG 14184 --- [           main] c.s.S.SafetyNetAlertsApplication         : create a list of fire stations
2023-08-07T15:14:08.439+02:00 DEBUG 14184 --- [           main] c.s.S.SafetyNetAlertsApplication         : create a list of medical records
2023-08-07T15:14:08.440+02:00 DEBUG 14184 --- [           main] c.s.S.SafetyNetAlertsApplication         : the constructor SafetyNetAlertsCatalog succeeded
2023-08-07T15:14:08.500+02:00  INFO 14184 --- [           main] c.s.S.SafetyNetAlertsControllerTest      : Started SafetyNetAlertsControllerTest in 0.198 seconds (process running for 23.864)
]]></system-out>
  </testcase>
  <testcase name="testUpdatePersonWithPersonUnknownShouldFail" classname="com.safetynet.SafetyNetAlerts.SafetyNetAlertsControllerTest" time="0.012">
    <system-out><![CDATA[
  .   ____          _            __ _ _
 /\\ / ___'_ __ _ _(_)_ __  __ _ \ \ \ \
( ( )\___ | '_ | '_| | '_ \/ _` | \ \ \ \
 \\/  ___)| |_)| | | | | || (_| |  ) ) ) )
  '  |____| .__|_| |_|_| |_\__, | / / / /
 =========|_|==============|___/=/_/_/_/
 :: Spring Boot ::                (v3.1.1)

2023-08-07T15:14:08.532+02:00  INFO 14184 --- [           main] c.s.S.SafetyNetAlertsControllerTest      : Starting SafetyNetAlertsControllerTest using Java 17.0.6 with PID 14184 (started by indov in C:\Users\indov\git\SafetyNetAlerts\SafetyNetAlerts)
2023-08-07T15:14:08.533+02:00 DEBUG 14184 --- [           main] c.s.S.SafetyNetAlertsControllerTest      : Running with Spring Boot v3.1.1, Spring v6.0.10
2023-08-07T15:14:08.533+02:00  INFO 14184 --- [           main] c.s.S.SafetyNetAlertsControllerTest      : No active profile set, falling back to 1 default profile: "default"
2023-08-07T15:14:08.642+02:00 DEBUG 14184 --- [           main] c.s.S.SafetyNetAlertsApplication         : copy the data file
2023-08-07T15:14:08.642+02:00 DEBUG 14184 --- [           main] c.s.S.SafetyNetAlertsApplication         : create a list of persons
2023-08-07T15:14:08.644+02:00 DEBUG 14184 --- [           main] c.s.S.SafetyNetAlertsApplication         : create a list of fire stations
2023-08-07T15:14:08.646+02:00 DEBUG 14184 --- [           main] c.s.S.SafetyNetAlertsApplication         : create a list of medical records
2023-08-07T15:14:08.646+02:00 DEBUG 14184 --- [           main] c.s.S.SafetyNetAlertsApplication         : the constructor SafetyNetAlertsCatalog succeeded
2023-08-07T15:14:08.715+02:00  INFO 14184 --- [           main] c.s.S.SafetyNetAlertsControllerTest      : Started SafetyNetAlertsControllerTest in 0.209 seconds (process running for 24.08)
2023-08-07T15:14:08.723+02:00  INFO 14184 --- [           main] c.s.S.SafetyNetAlertsApplication         : request an update for the person named firstNameUnknown lastNameUnknown
2023-08-07T15:14:08.723+02:00 ERROR 14184 --- [           main] c.s.S.SafetyNetAlertsApplication         : the person named firstNameUnknown lastNameUnknown doesn't exist in our system
]]></system-out>
  </testcase>
  <testcase name="testUpdateFirestationShouldPass" classname="com.safetynet.SafetyNetAlerts.SafetyNetAlertsControllerTest" time="0.01">
    <system-out><![CDATA[
  .   ____          _            __ _ _
 /\\ / ___'_ __ _ _(_)_ __  __ _ \ \ \ \
( ( )\___ | '_ | '_| | '_ \/ _` | \ \ \ \
 \\/  ___)| |_)| | | | | || (_| |  ) ) ) )
  '  |____| .__|_| |_|_| |_\__, | / / / /
 =========|_|==============|___/=/_/_/_/
 :: Spring Boot ::                (v3.1.1)

2023-08-07T15:14:08.752+02:00  INFO 14184 --- [           main] c.s.S.SafetyNetAlertsControllerTest      : Starting SafetyNetAlertsControllerTest using Java 17.0.6 with PID 14184 (started by indov in C:\Users\indov\git\SafetyNetAlerts\SafetyNetAlerts)
2023-08-07T15:14:08.753+02:00 DEBUG 14184 --- [           main] c.s.S.SafetyNetAlertsControllerTest      : Running with Spring Boot v3.1.1, Spring v6.0.10
2023-08-07T15:14:08.753+02:00  INFO 14184 --- [           main] c.s.S.SafetyNetAlertsControllerTest      : No active profile set, falling back to 1 default profile: "default"
2023-08-07T15:14:08.868+02:00 DEBUG 14184 --- [           main] c.s.S.SafetyNetAlertsApplication         : copy the data file
2023-08-07T15:14:08.869+02:00 DEBUG 14184 --- [           main] c.s.S.SafetyNetAlertsApplication         : create a list of persons
2023-08-07T15:14:08.871+02:00 DEBUG 14184 --- [           main] c.s.S.SafetyNetAlertsApplication         : create a list of fire stations
2023-08-07T15:14:08.872+02:00 DEBUG 14184 --- [           main] c.s.S.SafetyNetAlertsApplication         : create a list of medical records
2023-08-07T15:14:08.873+02:00 DEBUG 14184 --- [           main] c.s.S.SafetyNetAlertsApplication         : the constructor SafetyNetAlertsCatalog succeeded
2023-08-07T15:14:08.940+02:00  INFO 14184 --- [           main] c.s.S.SafetyNetAlertsControllerTest      : Started SafetyNetAlertsControllerTest in 0.21 seconds (process running for 24.305)
2023-08-07T15:14:08.947+02:00  INFO 14184 --- [           main] c.s.S.SafetyNetAlertsApplication         : request an update for the mapping firestation/address about the following address "1509 Culver St"
2023-08-07T15:14:08.949+02:00  INFO 14184 --- [           main] c.s.S.SafetyNetAlertsApplication         : The mapping firestation/address about the following address "1509 Culver St" has been updated correctly
]]></system-out>
  </testcase>
  <testcase name="testGetFamiliesFromStationsWithoutParameterShouldFail" classname="com.safetynet.SafetyNetAlerts.SafetyNetAlertsControllerTest" time="0.004">
    <system-out><![CDATA[
  .   ____          _            __ _ _
 /\\ / ___'_ __ _ _(_)_ __  __ _ \ \ \ \
( ( )\___ | '_ | '_| | '_ \/ _` | \ \ \ \
 \\/  ___)| |_)| | | | | || (_| |  ) ) ) )
  '  |____| .__|_| |_|_| |_\__, | / / / /
 =========|_|==============|___/=/_/_/_/
 :: Spring Boot ::                (v3.1.1)

2023-08-07T15:14:08.969+02:00  INFO 14184 --- [           main] c.s.S.SafetyNetAlertsControllerTest      : Starting SafetyNetAlertsControllerTest using Java 17.0.6 with PID 14184 (started by indov in C:\Users\indov\git\SafetyNetAlerts\SafetyNetAlerts)
2023-08-07T15:14:08.969+02:00 DEBUG 14184 --- [           main] c.s.S.SafetyNetAlertsControllerTest      : Running with Spring Boot v3.1.1, Spring v6.0.10
2023-08-07T15:14:08.969+02:00  INFO 14184 --- [           main] c.s.S.SafetyNetAlertsControllerTest      : No active profile set, falling back to 1 default profile: "default"
2023-08-07T15:14:09.054+02:00 DEBUG 14184 --- [           main] c.s.S.SafetyNetAlertsApplication         : copy the data file
2023-08-07T15:14:09.054+02:00 DEBUG 14184 --- [           main] c.s.S.SafetyNetAlertsApplication         : create a list of persons
2023-08-07T15:14:09.055+02:00 DEBUG 14184 --- [           main] c.s.S.SafetyNetAlertsApplication         : create a list of fire stations
2023-08-07T15:14:09.056+02:00 DEBUG 14184 --- [           main] c.s.S.SafetyNetAlertsApplication         : create a list of medical records
2023-08-07T15:14:09.057+02:00 DEBUG 14184 --- [           main] c.s.S.SafetyNetAlertsApplication         : the constructor SafetyNetAlertsCatalog succeeded
2023-08-07T15:14:09.124+02:00  INFO 14184 --- [           main] c.s.S.SafetyNetAlertsControllerTest      : Started SafetyNetAlertsControllerTest in 0.171 seconds (process running for 24.488)
]]></system-out>
  </testcase>
  <testcase name="testDeleteFirestationWithIncompleteBodyShouldFail" classname="com.safetynet.SafetyNetAlerts.SafetyNetAlertsControllerTest" time="0.005">
    <system-out><![CDATA[
  .   ____          _            __ _ _
 /\\ / ___'_ __ _ _(_)_ __  __ _ \ \ \ \
( ( )\___ | '_ | '_| | '_ \/ _` | \ \ \ \
 \\/  ___)| |_)| | | | | || (_| |  ) ) ) )
  '  |____| .__|_| |_|_| |_\__, | / / / /
 =========|_|==============|___/=/_/_/_/
 :: Spring Boot ::                (v3.1.1)

2023-08-07T15:14:09.151+02:00  INFO 14184 --- [           main] c.s.S.SafetyNetAlertsControllerTest      : Starting SafetyNetAlertsControllerTest using Java 17.0.6 with PID 14184 (started by indov in C:\Users\indov\git\SafetyNetAlerts\SafetyNetAlerts)
2023-08-07T15:14:09.151+02:00 DEBUG 14184 --- [           main] c.s.S.SafetyNetAlertsControllerTest      : Running with Spring Boot v3.1.1, Spring v6.0.10
2023-08-07T15:14:09.151+02:00  INFO 14184 --- [           main] c.s.S.SafetyNetAlertsControllerTest      : No active profile set, falling back to 1 default profile: "default"
2023-08-07T15:14:09.310+02:00 DEBUG 14184 --- [           main] c.s.S.SafetyNetAlertsApplication         : copy the data file
2023-08-07T15:14:09.311+02:00 DEBUG 14184 --- [           main] c.s.S.SafetyNetAlertsApplication         : create a list of persons
2023-08-07T15:14:09.312+02:00 DEBUG 14184 --- [           main] c.s.S.SafetyNetAlertsApplication         : create a list of fire stations
2023-08-07T15:14:09.314+02:00 DEBUG 14184 --- [           main] c.s.S.SafetyNetAlertsApplication         : create a list of medical records
2023-08-07T15:14:09.315+02:00 DEBUG 14184 --- [           main] c.s.S.SafetyNetAlertsApplication         : the constructor SafetyNetAlertsCatalog succeeded
2023-08-07T15:14:09.368+02:00  INFO 14184 --- [           main] c.s.S.SafetyNetAlertsControllerTest      : Started SafetyNetAlertsControllerTest in 0.236 seconds (process running for 24.732)
]]></system-out>
  </testcase>
  <testcase name="testGetPersonsWithCounterFromStationWithoutParameterShouldFail" classname="com.safetynet.SafetyNetAlerts.SafetyNetAlertsControllerTest" time="0.006">
    <system-out><![CDATA[
  .   ____          _            __ _ _
 /\\ / ___'_ __ _ _(_)_ __  __ _ \ \ \ \
( ( )\___ | '_ | '_| | '_ \/ _` | \ \ \ \
 \\/  ___)| |_)| | | | | || (_| |  ) ) ) )
  '  |____| .__|_| |_|_| |_\__, | / / / /
 =========|_|==============|___/=/_/_/_/
 :: Spring Boot ::                (v3.1.1)

2023-08-07T15:14:09.396+02:00  INFO 14184 --- [           main] c.s.S.SafetyNetAlertsControllerTest      : Starting SafetyNetAlertsControllerTest using Java 17.0.6 with PID 14184 (started by indov in C:\Users\indov\git\SafetyNetAlerts\SafetyNetAlerts)
2023-08-07T15:14:09.396+02:00 DEBUG 14184 --- [           main] c.s.S.SafetyNetAlertsControllerTest      : Running with Spring Boot v3.1.1, Spring v6.0.10
2023-08-07T15:14:09.397+02:00  INFO 14184 --- [           main] c.s.S.SafetyNetAlertsControllerTest      : No active profile set, falling back to 1 default profile: "default"
2023-08-07T15:14:09.513+02:00 DEBUG 14184 --- [           main] c.s.S.SafetyNetAlertsApplication         : copy the data file
2023-08-07T15:14:09.514+02:00 DEBUG 14184 --- [           main] c.s.S.SafetyNetAlertsApplication         : create a list of persons
2023-08-07T15:14:09.515+02:00 DEBUG 14184 --- [           main] c.s.S.SafetyNetAlertsApplication         : create a list of fire stations
2023-08-07T15:14:09.515+02:00 DEBUG 14184 --- [           main] c.s.S.SafetyNetAlertsApplication         : create a list of medical records
2023-08-07T15:14:09.516+02:00 DEBUG 14184 --- [           main] c.s.S.SafetyNetAlertsApplication         : the constructor SafetyNetAlertsCatalog succeeded
2023-08-07T15:14:09.582+02:00  INFO 14184 --- [           main] c.s.S.SafetyNetAlertsControllerTest      : Started SafetyNetAlertsControllerTest in 0.207 seconds (process running for 24.947)
]]></system-out>
  </testcase>
  <testcase name="testCreateMedicalRecordWithoutBodyShouldFail" classname="com.safetynet.SafetyNetAlerts.SafetyNetAlertsControllerTest" time="0.007">
    <system-out><![CDATA[
  .   ____          _            __ _ _
 /\\ / ___'_ __ _ _(_)_ __  __ _ \ \ \ \
( ( )\___ | '_ | '_| | '_ \/ _` | \ \ \ \
 \\/  ___)| |_)| | | | | || (_| |  ) ) ) )
  '  |____| .__|_| |_|_| |_\__, | / / / /
 =========|_|==============|___/=/_/_/_/
 :: Spring Boot ::                (v3.1.1)

2023-08-07T15:14:09.616+02:00  INFO 14184 --- [           main] c.s.S.SafetyNetAlertsControllerTest      : Starting SafetyNetAlertsControllerTest using Java 17.0.6 with PID 14184 (started by indov in C:\Users\indov\git\SafetyNetAlerts\SafetyNetAlerts)
2023-08-07T15:14:09.616+02:00 DEBUG 14184 --- [           main] c.s.S.SafetyNetAlertsControllerTest      : Running with Spring Boot v3.1.1, Spring v6.0.10
2023-08-07T15:14:09.617+02:00  INFO 14184 --- [           main] c.s.S.SafetyNetAlertsControllerTest      : No active profile set, falling back to 1 default profile: "default"
2023-08-07T15:14:09.759+02:00 DEBUG 14184 --- [           main] c.s.S.SafetyNetAlertsApplication         : copy the data file
2023-08-07T15:14:09.760+02:00 DEBUG 14184 --- [           main] c.s.S.SafetyNetAlertsApplication         : create a list of persons
2023-08-07T15:14:09.762+02:00 DEBUG 14184 --- [           main] c.s.S.SafetyNetAlertsApplication         : create a list of fire stations
2023-08-07T15:14:09.764+02:00 DEBUG 14184 --- [           main] c.s.S.SafetyNetAlertsApplication         : create a list of medical records
2023-08-07T15:14:09.764+02:00 DEBUG 14184 --- [           main] c.s.S.SafetyNetAlertsApplication         : the constructor SafetyNetAlertsCatalog succeeded
2023-08-07T15:14:09.844+02:00  INFO 14184 --- [           main] c.s.S.SafetyNetAlertsControllerTest      : Started SafetyNetAlertsControllerTest in 0.25 seconds (process running for 25.208)
]]></system-out>
  </testcase>
  <testcase name="testCreatePersonShouldPass" classname="com.safetynet.SafetyNetAlerts.SafetyNetAlertsControllerTest" time="0.016">
    <system-out><![CDATA[
  .   ____          _            __ _ _
 /\\ / ___'_ __ _ _(_)_ __  __ _ \ \ \ \
( ( )\___ | '_ | '_| | '_ \/ _` | \ \ \ \
 \\/  ___)| |_)| | | | | || (_| |  ) ) ) )
  '  |____| .__|_| |_|_| |_\__, | / / / /
 =========|_|==============|___/=/_/_/_/
 :: Spring Boot ::                (v3.1.1)

2023-08-07T15:14:09.874+02:00  INFO 14184 --- [           main] c.s.S.SafetyNetAlertsControllerTest      : Starting SafetyNetAlertsControllerTest using Java 17.0.6 with PID 14184 (started by indov in C:\Users\indov\git\SafetyNetAlerts\SafetyNetAlerts)
2023-08-07T15:14:09.874+02:00 DEBUG 14184 --- [           main] c.s.S.SafetyNetAlertsControllerTest      : Running with Spring Boot v3.1.1, Spring v6.0.10
2023-08-07T15:14:09.874+02:00  INFO 14184 --- [           main] c.s.S.SafetyNetAlertsControllerTest      : No active profile set, falling back to 1 default profile: "default"
2023-08-07T15:14:09.980+02:00 DEBUG 14184 --- [           main] c.s.S.SafetyNetAlertsApplication         : copy the data file
2023-08-07T15:14:09.981+02:00 DEBUG 14184 --- [           main] c.s.S.SafetyNetAlertsApplication         : create a list of persons
2023-08-07T15:14:09.982+02:00 DEBUG 14184 --- [           main] c.s.S.SafetyNetAlertsApplication         : create a list of fire stations
2023-08-07T15:14:09.984+02:00 DEBUG 14184 --- [           main] c.s.S.SafetyNetAlertsApplication         : create a list of medical records
2023-08-07T15:14:09.985+02:00 DEBUG 14184 --- [           main] c.s.S.SafetyNetAlertsApplication         : the constructor SafetyNetAlertsCatalog succeeded
2023-08-07T15:14:10.053+02:00  INFO 14184 --- [           main] c.s.S.SafetyNetAlertsControllerTest      : Started SafetyNetAlertsControllerTest in 0.197 seconds (process running for 25.417)
2023-08-07T15:14:10.061+02:00  INFO 14184 --- [           main] c.s.S.SafetyNetAlertsApplication         : creating a new person firstNameTest lastNameTest has been posted
2023-08-07T15:14:10.065+02:00  INFO 14184 --- [           main] c.s.S.SafetyNetAlertsApplication         : The new person firstNameTest lastNameTest has been created correctly
]]></system-out>
  </testcase>
  <testcase name="testDeleteFirestationShouldPass" classname="com.safetynet.SafetyNetAlerts.SafetyNetAlertsControllerTest" time="0.019">
    <system-out><![CDATA[
  .   ____          _            __ _ _
 /\\ / ___'_ __ _ _(_)_ __  __ _ \ \ \ \
( ( )\___ | '_ | '_| | '_ \/ _` | \ \ \ \
 \\/  ___)| |_)| | | | | || (_| |  ) ) ) )
  '  |____| .__|_| |_|_| |_\__, | / / / /
 =========|_|==============|___/=/_/_/_/
 :: Spring Boot ::                (v3.1.1)

2023-08-07T15:14:10.090+02:00  INFO 14184 --- [           main] c.s.S.SafetyNetAlertsControllerTest      : Starting SafetyNetAlertsControllerTest using Java 17.0.6 with PID 14184 (started by indov in C:\Users\indov\git\SafetyNetAlerts\SafetyNetAlerts)
2023-08-07T15:14:10.090+02:00 DEBUG 14184 --- [           main] c.s.S.SafetyNetAlertsControllerTest      : Running with Spring Boot v3.1.1, Spring v6.0.10
2023-08-07T15:14:10.090+02:00  INFO 14184 --- [           main] c.s.S.SafetyNetAlertsControllerTest      : No active profile set, falling back to 1 default profile: "default"
2023-08-07T15:14:10.208+02:00 DEBUG 14184 --- [           main] c.s.S.SafetyNetAlertsApplication         : copy the data file
2023-08-07T15:14:10.208+02:00 DEBUG 14184 --- [           main] c.s.S.SafetyNetAlertsApplication         : create a list of persons
2023-08-07T15:14:10.209+02:00 DEBUG 14184 --- [           main] c.s.S.SafetyNetAlertsApplication         : create a list of fire stations
2023-08-07T15:14:10.210+02:00 DEBUG 14184 --- [           main] c.s.S.SafetyNetAlertsApplication         : create a list of medical records
2023-08-07T15:14:10.211+02:00 DEBUG 14184 --- [           main] c.s.S.SafetyNetAlertsApplication         : the constructor SafetyNetAlertsCatalog succeeded
2023-08-07T15:14:10.269+02:00  INFO 14184 --- [           main] c.s.S.SafetyNetAlertsControllerTest      : Started SafetyNetAlertsControllerTest in 0.197 seconds (process running for 25.634)
2023-08-07T15:14:10.278+02:00  INFO 14184 --- [           main] c.s.S.SafetyNetAlertsApplication         : request a deletion for the mapping firestation/address about the following address "1509 Culver St"
2023-08-07T15:14:10.286+02:00  INFO 14184 --- [           main] c.s.S.SafetyNetAlertsApplication         : The mapping firestation/address about the following address "1509 Culver St" has been deleted correctly
]]></system-out>
  </testcase>
  <testcase name="testUpdateMedicalRecordWithIncompleteBodyShouldFail" classname="com.safetynet.SafetyNetAlerts.SafetyNetAlertsControllerTest" time="0.008">
    <system-out><![CDATA[
  .   ____          _            __ _ _
 /\\ / ___'_ __ _ _(_)_ __  __ _ \ \ \ \
( ( )\___ | '_ | '_| | '_ \/ _` | \ \ \ \
 \\/  ___)| |_)| | | | | || (_| |  ) ) ) )
  '  |____| .__|_| |_|_| |_\__, | / / / /
 =========|_|==============|___/=/_/_/_/
 :: Spring Boot ::                (v3.1.1)

2023-08-07T15:14:10.316+02:00  INFO 14184 --- [           main] c.s.S.SafetyNetAlertsControllerTest      : Starting SafetyNetAlertsControllerTest using Java 17.0.6 with PID 14184 (started by indov in C:\Users\indov\git\SafetyNetAlerts\SafetyNetAlerts)
2023-08-07T15:14:10.317+02:00 DEBUG 14184 --- [           main] c.s.S.SafetyNetAlertsControllerTest      : Running with Spring Boot v3.1.1, Spring v6.0.10
2023-08-07T15:14:10.318+02:00  INFO 14184 --- [           main] c.s.S.SafetyNetAlertsControllerTest      : No active profile set, falling back to 1 default profile: "default"
2023-08-07T15:14:10.478+02:00 DEBUG 14184 --- [           main] c.s.S.SafetyNetAlertsApplication         : copy the data file
2023-08-07T15:14:10.478+02:00 DEBUG 14184 --- [           main] c.s.S.SafetyNetAlertsApplication         : create a list of persons
2023-08-07T15:14:10.480+02:00 DEBUG 14184 --- [           main] c.s.S.SafetyNetAlertsApplication         : create a list of fire stations
2023-08-07T15:14:10.481+02:00 DEBUG 14184 --- [           main] c.s.S.SafetyNetAlertsApplication         : create a list of medical records
2023-08-07T15:14:10.482+02:00 DEBUG 14184 --- [           main] c.s.S.SafetyNetAlertsApplication         : the constructor SafetyNetAlertsCatalog succeeded
2023-08-07T15:14:10.572+02:00  INFO 14184 --- [           main] c.s.S.SafetyNetAlertsControllerTest      : Started SafetyNetAlertsControllerTest in 0.28 seconds (process running for 25.936)
2023-08-07T15:14:10.579+02:00 ERROR 14184 --- [           main] c.s.S.SafetyNetAlertsApplication         : All the parameters are required
]]></system-out>
  </testcase>
  <testcase name="testDeleteMedicalRecordWithPersonUnknownShouldFail" classname="com.safetynet.SafetyNetAlerts.SafetyNetAlertsControllerTest" time="0.011">
    <system-out><![CDATA[
  .   ____          _            __ _ _
 /\\ / ___'_ __ _ _(_)_ __  __ _ \ \ \ \
( ( )\___ | '_ | '_| | '_ \/ _` | \ \ \ \
 \\/  ___)| |_)| | | | | || (_| |  ) ) ) )
  '  |____| .__|_| |_|_| |_\__, | / / / /
 =========|_|==============|___/=/_/_/_/
 :: Spring Boot ::                (v3.1.1)

2023-08-07T15:14:10.601+02:00  INFO 14184 --- [           main] c.s.S.SafetyNetAlertsControllerTest      : Starting SafetyNetAlertsControllerTest using Java 17.0.6 with PID 14184 (started by indov in C:\Users\indov\git\SafetyNetAlerts\SafetyNetAlerts)
2023-08-07T15:14:10.602+02:00 DEBUG 14184 --- [           main] c.s.S.SafetyNetAlertsControllerTest      : Running with Spring Boot v3.1.1, Spring v6.0.10
2023-08-07T15:14:10.602+02:00  INFO 14184 --- [           main] c.s.S.SafetyNetAlertsControllerTest      : No active profile set, falling back to 1 default profile: "default"
2023-08-07T15:14:10.705+02:00 DEBUG 14184 --- [           main] c.s.S.SafetyNetAlertsApplication         : copy the data file
2023-08-07T15:14:10.705+02:00 DEBUG 14184 --- [           main] c.s.S.SafetyNetAlertsApplication         : create a list of persons
2023-08-07T15:14:10.706+02:00 DEBUG 14184 --- [           main] c.s.S.SafetyNetAlertsApplication         : create a list of fire stations
2023-08-07T15:14:10.707+02:00 DEBUG 14184 --- [           main] c.s.S.SafetyNetAlertsApplication         : create a list of medical records
2023-08-07T15:14:10.707+02:00 DEBUG 14184 --- [           main] c.s.S.SafetyNetAlertsApplication         : the constructor SafetyNetAlertsCatalog succeeded
2023-08-07T15:14:10.775+02:00  INFO 14184 --- [           main] c.s.S.SafetyNetAlertsControllerTest      : Started SafetyNetAlertsControllerTest in 0.191 seconds (process running for 26.139)
2023-08-07T15:14:10.781+02:00  INFO 14184 --- [           main] c.s.S.SafetyNetAlertsApplication         : request a deletion for the medical record about the person named firstNameUnknown lastNameUnknown
2023-08-07T15:14:10.782+02:00 ERROR 14184 --- [           main] c.s.S.SafetyNetAlertsApplication         : the person named firstNameUnknown lastNameUnknown hasn't a medical record in our system
]]></system-out>
  </testcase>
  <testcase name="testGetEmailsFromCityWithoutParameterShouldFail" classname="com.safetynet.SafetyNetAlerts.SafetyNetAlertsControllerTest" time="0.004">
    <system-out><![CDATA[
  .   ____          _            __ _ _
 /\\ / ___'_ __ _ _(_)_ __  __ _ \ \ \ \
( ( )\___ | '_ | '_| | '_ \/ _` | \ \ \ \
 \\/  ___)| |_)| | | | | || (_| |  ) ) ) )
  '  |____| .__|_| |_|_| |_\__, | / / / /
 =========|_|==============|___/=/_/_/_/
 :: Spring Boot ::                (v3.1.1)

2023-08-07T15:14:10.806+02:00  INFO 14184 --- [           main] c.s.S.SafetyNetAlertsControllerTest      : Starting SafetyNetAlertsControllerTest using Java 17.0.6 with PID 14184 (started by indov in C:\Users\indov\git\SafetyNetAlerts\SafetyNetAlerts)
2023-08-07T15:14:10.806+02:00 DEBUG 14184 --- [           main] c.s.S.SafetyNetAlertsControllerTest      : Running with Spring Boot v3.1.1, Spring v6.0.10
2023-08-07T15:14:10.806+02:00  INFO 14184 --- [           main] c.s.S.SafetyNetAlertsControllerTest      : No active profile set, falling back to 1 default profile: "default"
2023-08-07T15:14:10.902+02:00 DEBUG 14184 --- [           main] c.s.S.SafetyNetAlertsApplication         : copy the data file
2023-08-07T15:14:10.902+02:00 DEBUG 14184 --- [           main] c.s.S.SafetyNetAlertsApplication         : create a list of persons
2023-08-07T15:14:10.904+02:00 DEBUG 14184 --- [           main] c.s.S.SafetyNetAlertsApplication         : create a list of fire stations
2023-08-07T15:14:10.905+02:00 DEBUG 14184 --- [           main] c.s.S.SafetyNetAlertsApplication         : create a list of medical records
2023-08-07T15:14:10.906+02:00 DEBUG 14184 --- [           main] c.s.S.SafetyNetAlertsApplication         : the constructor SafetyNetAlertsCatalog succeeded
2023-08-07T15:14:10.966+02:00  INFO 14184 --- [           main] c.s.S.SafetyNetAlertsControllerTest      : Started SafetyNetAlertsControllerTest in 0.176 seconds (process running for 26.33)
]]></system-out>
  </testcase>
  <testcase name="testDeleteMedicalRecordWithoutBodyShouldFail" classname="com.safetynet.SafetyNetAlerts.SafetyNetAlertsControllerTest" time="0.004">
    <system-out><![CDATA[
  .   ____          _            __ _ _
 /\\ / ___'_ __ _ _(_)_ __  __ _ \ \ \ \
( ( )\___ | '_ | '_| | '_ \/ _` | \ \ \ \
 \\/  ___)| |_)| | | | | || (_| |  ) ) ) )
  '  |____| .__|_| |_|_| |_\__, | / / / /
 =========|_|==============|___/=/_/_/_/
 :: Spring Boot ::                (v3.1.1)

2023-08-07T15:14:10.989+02:00  INFO 14184 --- [           main] c.s.S.SafetyNetAlertsControllerTest      : Starting SafetyNetAlertsControllerTest using Java 17.0.6 with PID 14184 (started by indov in C:\Users\indov\git\SafetyNetAlerts\SafetyNetAlerts)
2023-08-07T15:14:10.989+02:00 DEBUG 14184 --- [           main] c.s.S.SafetyNetAlertsControllerTest      : Running with Spring Boot v3.1.1, Spring v6.0.10
2023-08-07T15:14:10.989+02:00  INFO 14184 --- [           main] c.s.S.SafetyNetAlertsControllerTest      : No active profile set, falling back to 1 default profile: "default"
2023-08-07T15:14:11.078+02:00 DEBUG 14184 --- [           main] c.s.S.SafetyNetAlertsApplication         : copy the data file
2023-08-07T15:14:11.078+02:00 DEBUG 14184 --- [           main] c.s.S.SafetyNetAlertsApplication         : create a list of persons
2023-08-07T15:14:11.079+02:00 DEBUG 14184 --- [           main] c.s.S.SafetyNetAlertsApplication         : create a list of fire stations
2023-08-07T15:14:11.080+02:00 DEBUG 14184 --- [           main] c.s.S.SafetyNetAlertsApplication         : create a list of medical records
2023-08-07T15:14:11.081+02:00 DEBUG 14184 --- [           main] c.s.S.SafetyNetAlertsApplication         : the constructor SafetyNetAlertsCatalog succeeded
2023-08-07T15:14:11.139+02:00  INFO 14184 --- [           main] c.s.S.SafetyNetAlertsControllerTest      : Started SafetyNetAlertsControllerTest in 0.167 seconds (process running for 26.504)
]]></system-out>
  </testcase>
  <testcase name="testDeleteFirestationWithAddressUnknownShouldFail" classname="com.safetynet.SafetyNetAlerts.SafetyNetAlertsControllerTest" time="0.007">
    <system-out><![CDATA[
  .   ____          _            __ _ _
 /\\ / ___'_ __ _ _(_)_ __  __ _ \ \ \ \
( ( )\___ | '_ | '_| | '_ \/ _` | \ \ \ \
 \\/  ___)| |_)| | | | | || (_| |  ) ) ) )
  '  |____| .__|_| |_|_| |_\__, | / / / /
 =========|_|==============|___/=/_/_/_/
 :: Spring Boot ::                (v3.1.1)

2023-08-07T15:14:11.159+02:00  INFO 14184 --- [           main] c.s.S.SafetyNetAlertsControllerTest      : Starting SafetyNetAlertsControllerTest using Java 17.0.6 with PID 14184 (started by indov in C:\Users\indov\git\SafetyNetAlerts\SafetyNetAlerts)
2023-08-07T15:14:11.159+02:00 DEBUG 14184 --- [           main] c.s.S.SafetyNetAlertsControllerTest      : Running with Spring Boot v3.1.1, Spring v6.0.10
2023-08-07T15:14:11.159+02:00  INFO 14184 --- [           main] c.s.S.SafetyNetAlertsControllerTest      : No active profile set, falling back to 1 default profile: "default"
2023-08-07T15:14:11.255+02:00 DEBUG 14184 --- [           main] c.s.S.SafetyNetAlertsApplication         : copy the data file
2023-08-07T15:14:11.255+02:00 DEBUG 14184 --- [           main] c.s.S.SafetyNetAlertsApplication         : create a list of persons
2023-08-07T15:14:11.256+02:00 DEBUG 14184 --- [           main] c.s.S.SafetyNetAlertsApplication         : create a list of fire stations
2023-08-07T15:14:11.257+02:00 DEBUG 14184 --- [           main] c.s.S.SafetyNetAlertsApplication         : create a list of medical records
2023-08-07T15:14:11.258+02:00 DEBUG 14184 --- [           main] c.s.S.SafetyNetAlertsApplication         : the constructor SafetyNetAlertsCatalog succeeded
2023-08-07T15:14:11.305+02:00  INFO 14184 --- [           main] c.s.S.SafetyNetAlertsControllerTest      : Started SafetyNetAlertsControllerTest in 0.159 seconds (process running for 26.67)
2023-08-07T15:14:11.310+02:00  INFO 14184 --- [           main] c.s.S.SafetyNetAlertsApplication         : request a deletion for the mapping firestation/address about the following address "addressUnknown"
2023-08-07T15:14:11.311+02:00 ERROR 14184 --- [           main] c.s.S.SafetyNetAlertsApplication         : the following address "addressUnknown" about this mapping doesn't exist in our system
]]></system-out>
  </testcase>
  <testcase name="testUpdateMedicalRecordWithoutBodyShouldFail" classname="com.safetynet.SafetyNetAlerts.SafetyNetAlertsControllerTest" time="0.005">
    <system-out><![CDATA[
  .   ____          _            __ _ _
 /\\ / ___'_ __ _ _(_)_ __  __ _ \ \ \ \
( ( )\___ | '_ | '_| | '_ \/ _` | \ \ \ \
 \\/  ___)| |_)| | | | | || (_| |  ) ) ) )
  '  |____| .__|_| |_|_| |_\__, | / / / /
 =========|_|==============|___/=/_/_/_/
 :: Spring Boot ::                (v3.1.1)

2023-08-07T15:14:11.328+02:00  INFO 14184 --- [           main] c.s.S.SafetyNetAlertsControllerTest      : Starting SafetyNetAlertsControllerTest using Java 17.0.6 with PID 14184 (started by indov in C:\Users\indov\git\SafetyNetAlerts\SafetyNetAlerts)
2023-08-07T15:14:11.328+02:00 DEBUG 14184 --- [           main] c.s.S.SafetyNetAlertsControllerTest      : Running with Spring Boot v3.1.1, Spring v6.0.10
2023-08-07T15:14:11.329+02:00  INFO 14184 --- [           main] c.s.S.SafetyNetAlertsControllerTest      : No active profile set, falling back to 1 default profile: "default"
2023-08-07T15:14:11.407+02:00 DEBUG 14184 --- [           main] c.s.S.SafetyNetAlertsApplication         : copy the data file
2023-08-07T15:14:11.407+02:00 DEBUG 14184 --- [           main] c.s.S.SafetyNetAlertsApplication         : create a list of persons
2023-08-07T15:14:11.408+02:00 DEBUG 14184 --- [           main] c.s.S.SafetyNetAlertsApplication         : create a list of fire stations
2023-08-07T15:14:11.408+02:00 DEBUG 14184 --- [           main] c.s.S.SafetyNetAlertsApplication         : create a list of medical records
2023-08-07T15:14:11.409+02:00 DEBUG 14184 --- [           main] c.s.S.SafetyNetAlertsApplication         : the constructor SafetyNetAlertsCatalog succeeded
2023-08-07T15:14:11.467+02:00  INFO 14184 --- [           main] c.s.S.SafetyNetAlertsControllerTest      : Started SafetyNetAlertsControllerTest in 0.152 seconds (process running for 26.831)
]]></system-out>
  </testcase>
  <testcase name="testGetPhonesFromStationShouldPass" classname="com.safetynet.SafetyNetAlerts.SafetyNetAlertsControllerTest" time="0.008">
    <system-out><![CDATA[
  .   ____          _            __ _ _
 /\\ / ___'_ __ _ _(_)_ __  __ _ \ \ \ \
( ( )\___ | '_ | '_| | '_ \/ _` | \ \ \ \
 \\/  ___)| |_)| | | | | || (_| |  ) ) ) )
  '  |____| .__|_| |_|_| |_\__, | / / / /
 =========|_|==============|___/=/_/_/_/
 :: Spring Boot ::                (v3.1.1)

2023-08-07T15:14:11.490+02:00  INFO 14184 --- [           main] c.s.S.SafetyNetAlertsControllerTest      : Starting SafetyNetAlertsControllerTest using Java 17.0.6 with PID 14184 (started by indov in C:\Users\indov\git\SafetyNetAlerts\SafetyNetAlerts)
2023-08-07T15:14:11.490+02:00 DEBUG 14184 --- [           main] c.s.S.SafetyNetAlertsControllerTest      : Running with Spring Boot v3.1.1, Spring v6.0.10
2023-08-07T15:14:11.490+02:00  INFO 14184 --- [           main] c.s.S.SafetyNetAlertsControllerTest      : No active profile set, falling back to 1 default profile: "default"
2023-08-07T15:14:11.582+02:00 DEBUG 14184 --- [           main] c.s.S.SafetyNetAlertsApplication         : copy the data file
2023-08-07T15:14:11.583+02:00 DEBUG 14184 --- [           main] c.s.S.SafetyNetAlertsApplication         : create a list of persons
2023-08-07T15:14:11.584+02:00 DEBUG 14184 --- [           main] c.s.S.SafetyNetAlertsApplication         : create a list of fire stations
2023-08-07T15:14:11.585+02:00 DEBUG 14184 --- [           main] c.s.S.SafetyNetAlertsApplication         : create a list of medical records
2023-08-07T15:14:11.585+02:00 DEBUG 14184 --- [           main] c.s.S.SafetyNetAlertsApplication         : the constructor SafetyNetAlertsCatalog succeeded
2023-08-07T15:14:11.647+02:00  INFO 14184 --- [           main] c.s.S.SafetyNetAlertsControllerTest      : Started SafetyNetAlertsControllerTest in 0.173 seconds (process running for 27.012)
2023-08-07T15:14:11.652+02:00  INFO 14184 --- [           main] c.s.S.SafetyNetAlertsApplication         : request the list of phones from persons living near by the fireStation number 3
2023-08-07T15:14:11.652+02:00 DEBUG 14184 --- [           main] c.s.S.SafetyNetAlertsApplication         : get the list of fireStations
2023-08-07T15:14:11.652+02:00 DEBUG 14184 --- [           main] c.s.S.SafetyNetAlertsApplication         : get the list of addresses that are covered by the fireStation number 3
2023-08-07T15:14:11.652+02:00 DEBUG 14184 --- [           main] c.s.S.SafetyNetAlertsApplication         : get the list of persons
2023-08-07T15:14:11.652+02:00  INFO 14184 --- [           main] c.s.S.SafetyNetAlertsApplication         : response with 7 phone(s) from persons living near by the fireStation number 3
]]></system-out>
  </testcase>
  <testcase name="testDeleteMedicalRecordWithIncompleteBodyShouldFail" classname="com.safetynet.SafetyNetAlerts.SafetyNetAlertsControllerTest" time="0.005">
    <system-out><![CDATA[
  .   ____          _            __ _ _
 /\\ / ___'_ __ _ _(_)_ __  __ _ \ \ \ \
( ( )\___ | '_ | '_| | '_ \/ _` | \ \ \ \
 \\/  ___)| |_)| | | | | || (_| |  ) ) ) )
  '  |____| .__|_| |_|_| |_\__, | / / / /
 =========|_|==============|___/=/_/_/_/
 :: Spring Boot ::                (v3.1.1)

2023-08-07T15:14:11.676+02:00  INFO 14184 --- [           main] c.s.S.SafetyNetAlertsControllerTest      : Starting SafetyNetAlertsControllerTest using Java 17.0.6 with PID 14184 (started by indov in C:\Users\indov\git\SafetyNetAlerts\SafetyNetAlerts)
2023-08-07T15:14:11.677+02:00 DEBUG 14184 --- [           main] c.s.S.SafetyNetAlertsControllerTest      : Running with Spring Boot v3.1.1, Spring v6.0.10
2023-08-07T15:14:11.678+02:00  INFO 14184 --- [           main] c.s.S.SafetyNetAlertsControllerTest      : No active profile set, falling back to 1 default profile: "default"
2023-08-07T15:14:11.801+02:00 DEBUG 14184 --- [           main] c.s.S.SafetyNetAlertsApplication         : copy the data file
2023-08-07T15:14:11.801+02:00 DEBUG 14184 --- [           main] c.s.S.SafetyNetAlertsApplication         : create a list of persons
2023-08-07T15:14:11.802+02:00 DEBUG 14184 --- [           main] c.s.S.SafetyNetAlertsApplication         : create a list of fire stations
2023-08-07T15:14:11.802+02:00 DEBUG 14184 --- [           main] c.s.S.SafetyNetAlertsApplication         : create a list of medical records
2023-08-07T15:14:11.803+02:00 DEBUG 14184 --- [           main] c.s.S.SafetyNetAlertsApplication         : the constructor SafetyNetAlertsCatalog succeeded
2023-08-07T15:14:11.862+02:00  INFO 14184 --- [           main] c.s.S.SafetyNetAlertsControllerTest      : Started SafetyNetAlertsControllerTest in 0.203 seconds (process running for 27.226)
]]></system-out>
  </testcase>
  <testcase name="testGetPhonesFromStationWithoutParameterShouldFail" classname="com.safetynet.SafetyNetAlerts.SafetyNetAlertsControllerTest" time="0.003">
    <system-out><![CDATA[
  .   ____          _            __ _ _
 /\\ / ___'_ __ _ _(_)_ __  __ _ \ \ \ \
( ( )\___ | '_ | '_| | '_ \/ _` | \ \ \ \
 \\/  ___)| |_)| | | | | || (_| |  ) ) ) )
  '  |____| .__|_| |_|_| |_\__, | / / / /
 =========|_|==============|___/=/_/_/_/
 :: Spring Boot ::                (v3.1.1)

2023-08-07T15:14:11.886+02:00  INFO 14184 --- [           main] c.s.S.SafetyNetAlertsControllerTest      : Starting SafetyNetAlertsControllerTest using Java 17.0.6 with PID 14184 (started by indov in C:\Users\indov\git\SafetyNetAlerts\SafetyNetAlerts)
2023-08-07T15:14:11.887+02:00 DEBUG 14184 --- [           main] c.s.S.SafetyNetAlertsControllerTest      : Running with Spring Boot v3.1.1, Spring v6.0.10
2023-08-07T15:14:11.887+02:00  INFO 14184 --- [           main] c.s.S.SafetyNetAlertsControllerTest      : No active profile set, falling back to 1 default profile: "default"
2023-08-07T15:14:11.976+02:00 DEBUG 14184 --- [           main] c.s.S.SafetyNetAlertsApplication         : copy the data file
2023-08-07T15:14:11.976+02:00 DEBUG 14184 --- [           main] c.s.S.SafetyNetAlertsApplication         : create a list of persons
2023-08-07T15:14:11.978+02:00 DEBUG 14184 --- [           main] c.s.S.SafetyNetAlertsApplication         : create a list of fire stations
2023-08-07T15:14:11.979+02:00 DEBUG 14184 --- [           main] c.s.S.SafetyNetAlertsApplication         : create a list of medical records
2023-08-07T15:14:11.979+02:00 DEBUG 14184 --- [           main] c.s.S.SafetyNetAlertsApplication         : the constructor SafetyNetAlertsCatalog succeeded
2023-08-07T15:14:12.036+02:00  INFO 14184 --- [           main] c.s.S.SafetyNetAlertsControllerTest      : Started SafetyNetAlertsControllerTest in 0.166 seconds (process running for 27.4)
]]></system-out>
  </testcase>
  <testcase name="testUpdatePersonWithoutBodyShouldFail" classname="com.safetynet.SafetyNetAlerts.SafetyNetAlertsControllerTest" time="0.005">
    <system-out><![CDATA[
  .   ____          _            __ _ _
 /\\ / ___'_ __ _ _(_)_ __  __ _ \ \ \ \
( ( )\___ | '_ | '_| | '_ \/ _` | \ \ \ \
 \\/  ___)| |_)| | | | | || (_| |  ) ) ) )
  '  |____| .__|_| |_|_| |_\__, | / / / /
 =========|_|==============|___/=/_/_/_/
 :: Spring Boot ::                (v3.1.1)

2023-08-07T15:14:12.054+02:00  INFO 14184 --- [           main] c.s.S.SafetyNetAlertsControllerTest      : Starting SafetyNetAlertsControllerTest using Java 17.0.6 with PID 14184 (started by indov in C:\Users\indov\git\SafetyNetAlerts\SafetyNetAlerts)
2023-08-07T15:14:12.055+02:00 DEBUG 14184 --- [           main] c.s.S.SafetyNetAlertsControllerTest      : Running with Spring Boot v3.1.1, Spring v6.0.10
2023-08-07T15:14:12.055+02:00  INFO 14184 --- [           main] c.s.S.SafetyNetAlertsControllerTest      : No active profile set, falling back to 1 default profile: "default"
2023-08-07T15:14:12.140+02:00 DEBUG 14184 --- [           main] c.s.S.SafetyNetAlertsApplication         : copy the data file
2023-08-07T15:14:12.140+02:00 DEBUG 14184 --- [           main] c.s.S.SafetyNetAlertsApplication         : create a list of persons
2023-08-07T15:14:12.142+02:00 DEBUG 14184 --- [           main] c.s.S.SafetyNetAlertsApplication         : create a list of fire stations
2023-08-07T15:14:12.143+02:00 DEBUG 14184 --- [           main] c.s.S.SafetyNetAlertsApplication         : create a list of medical records
2023-08-07T15:14:12.144+02:00 DEBUG 14184 --- [           main] c.s.S.SafetyNetAlertsApplication         : the constructor SafetyNetAlertsCatalog succeeded
2023-08-07T15:14:12.191+02:00  INFO 14184 --- [           main] c.s.S.SafetyNetAlertsControllerTest      : Started SafetyNetAlertsControllerTest in 0.15 seconds (process running for 27.556)
]]></system-out>
  </testcase>
  <testcase name="testUpdateFirestationWithIncompleteBodyShouldFail" classname="com.safetynet.SafetyNetAlerts.SafetyNetAlertsControllerTest" time="0.006">
    <system-out><![CDATA[
  .   ____          _            __ _ _
 /\\ / ___'_ __ _ _(_)_ __  __ _ \ \ \ \
( ( )\___ | '_ | '_| | '_ \/ _` | \ \ \ \
 \\/  ___)| |_)| | | | | || (_| |  ) ) ) )
  '  |____| .__|_| |_|_| |_\__, | / / / /
 =========|_|==============|___/=/_/_/_/
 :: Spring Boot ::                (v3.1.1)

2023-08-07T15:14:12.210+02:00  INFO 14184 --- [           main] c.s.S.SafetyNetAlertsControllerTest      : Starting SafetyNetAlertsControllerTest using Java 17.0.6 with PID 14184 (started by indov in C:\Users\indov\git\SafetyNetAlerts\SafetyNetAlerts)
2023-08-07T15:14:12.210+02:00 DEBUG 14184 --- [           main] c.s.S.SafetyNetAlertsControllerTest      : Running with Spring Boot v3.1.1, Spring v6.0.10
2023-08-07T15:14:12.210+02:00  INFO 14184 --- [           main] c.s.S.SafetyNetAlertsControllerTest      : No active profile set, falling back to 1 default profile: "default"
2023-08-07T15:14:12.303+02:00 DEBUG 14184 --- [           main] c.s.S.SafetyNetAlertsApplication         : copy the data file
2023-08-07T15:14:12.303+02:00 DEBUG 14184 --- [           main] c.s.S.SafetyNetAlertsApplication         : create a list of persons
2023-08-07T15:14:12.304+02:00 DEBUG 14184 --- [           main] c.s.S.SafetyNetAlertsApplication         : create a list of fire stations
2023-08-07T15:14:12.304+02:00 DEBUG 14184 --- [           main] c.s.S.SafetyNetAlertsApplication         : create a list of medical records
2023-08-07T15:14:12.305+02:00 DEBUG 14184 --- [           main] c.s.S.SafetyNetAlertsApplication         : the constructor SafetyNetAlertsCatalog succeeded
2023-08-07T15:14:12.388+02:00  INFO 14184 --- [           main] c.s.S.SafetyNetAlertsControllerTest      : Started SafetyNetAlertsControllerTest in 0.188 seconds (process running for 27.751)
2023-08-07T15:14:12.393+02:00 ERROR 14184 --- [           main] c.s.S.SafetyNetAlertsApplication         : All the parameters are required
]]></system-out>
  </testcase>
  <testcase name="testDeleteMedicalRecordShouldPass" classname="com.safetynet.SafetyNetAlerts.SafetyNetAlertsControllerTest" time="0.01">
    <system-out><![CDATA[
  .   ____          _            __ _ _
 /\\ / ___'_ __ _ _(_)_ __  __ _ \ \ \ \
( ( )\___ | '_ | '_| | '_ \/ _` | \ \ \ \
 \\/  ___)| |_)| | | | | || (_| |  ) ) ) )
  '  |____| .__|_| |_|_| |_\__, | / / / /
 =========|_|==============|___/=/_/_/_/
 :: Spring Boot ::                (v3.1.1)

2023-08-07T15:14:12.431+02:00  INFO 14184 --- [           main] c.s.S.SafetyNetAlertsControllerTest      : Starting SafetyNetAlertsControllerTest using Java 17.0.6 with PID 14184 (started by indov in C:\Users\indov\git\SafetyNetAlerts\SafetyNetAlerts)
2023-08-07T15:14:12.431+02:00 DEBUG 14184 --- [           main] c.s.S.SafetyNetAlertsControllerTest      : Running with Spring Boot v3.1.1, Spring v6.0.10
2023-08-07T15:14:12.432+02:00  INFO 14184 --- [           main] c.s.S.SafetyNetAlertsControllerTest      : No active profile set, falling back to 1 default profile: "default"
2023-08-07T15:14:12.615+02:00 DEBUG 14184 --- [           main] c.s.S.SafetyNetAlertsApplication         : copy the data file
2023-08-07T15:14:12.615+02:00 DEBUG 14184 --- [           main] c.s.S.SafetyNetAlertsApplication         : create a list of persons
2023-08-07T15:14:12.617+02:00 DEBUG 14184 --- [           main] c.s.S.SafetyNetAlertsApplication         : create a list of fire stations
2023-08-07T15:14:12.618+02:00 DEBUG 14184 --- [           main] c.s.S.SafetyNetAlertsApplication         : create a list of medical records
2023-08-07T15:14:12.619+02:00 DEBUG 14184 --- [           main] c.s.S.SafetyNetAlertsApplication         : the constructor SafetyNetAlertsCatalog succeeded
2023-08-07T15:14:12.679+02:00  INFO 14184 --- [           main] c.s.S.SafetyNetAlertsControllerTest      : Started SafetyNetAlertsControllerTest in 0.282 seconds (process running for 28.044)
2023-08-07T15:14:12.687+02:00  INFO 14184 --- [           main] c.s.S.SafetyNetAlertsApplication         : request a deletion for the medical record about the person named John Boyd
2023-08-07T15:14:12.687+02:00  INFO 14184 --- [           main] c.s.S.SafetyNetAlertsApplication         : The medical record about the person named John Boyd has been deleted correctly
]]></system-out>
  </testcase>
  <testcase name="testGetInformationFromNameWithoutParameterShouldFail" classname="com.safetynet.SafetyNetAlerts.SafetyNetAlertsControllerTest" time="0.006">
    <system-out><![CDATA[
  .   ____          _            __ _ _
 /\\ / ___'_ __ _ _(_)_ __  __ _ \ \ \ \
( ( )\___ | '_ | '_| | '_ \/ _` | \ \ \ \
 \\/  ___)| |_)| | | | | || (_| |  ) ) ) )
  '  |____| .__|_| |_|_| |_\__, | / / / /
 =========|_|==============|___/=/_/_/_/
 :: Spring Boot ::                (v3.1.1)

2023-08-07T15:14:12.707+02:00  INFO 14184 --- [           main] c.s.S.SafetyNetAlertsControllerTest      : Starting SafetyNetAlertsControllerTest using Java 17.0.6 with PID 14184 (started by indov in C:\Users\indov\git\SafetyNetAlerts\SafetyNetAlerts)
2023-08-07T15:14:12.708+02:00 DEBUG 14184 --- [           main] c.s.S.SafetyNetAlertsControllerTest      : Running with Spring Boot v3.1.1, Spring v6.0.10
2023-08-07T15:14:12.708+02:00  INFO 14184 --- [           main] c.s.S.SafetyNetAlertsControllerTest      : No active profile set, falling back to 1 default profile: "default"
2023-08-07T15:14:12.788+02:00 DEBUG 14184 --- [           main] c.s.S.SafetyNetAlertsApplication         : copy the data file
2023-08-07T15:14:12.788+02:00 DEBUG 14184 --- [           main] c.s.S.SafetyNetAlertsApplication         : create a list of persons
2023-08-07T15:14:12.789+02:00 DEBUG 14184 --- [           main] c.s.S.SafetyNetAlertsApplication         : create a list of fire stations
2023-08-07T15:14:12.789+02:00 DEBUG 14184 --- [           main] c.s.S.SafetyNetAlertsApplication         : create a list of medical records
2023-08-07T15:14:12.789+02:00 DEBUG 14184 --- [           main] c.s.S.SafetyNetAlertsApplication         : the constructor SafetyNetAlertsCatalog succeeded
2023-08-07T15:14:12.841+02:00  INFO 14184 --- [           main] c.s.S.SafetyNetAlertsControllerTest      : Started SafetyNetAlertsControllerTest in 0.149 seconds (process running for 28.206)
]]></system-out>
  </testcase>
  <testcase name="testCreateFirestationWithoutBodyShouldFail" classname="com.safetynet.SafetyNetAlerts.SafetyNetAlertsControllerTest" time="0.006">
    <system-out><![CDATA[
  .   ____          _            __ _ _
 /\\ / ___'_ __ _ _(_)_ __  __ _ \ \ \ \
( ( )\___ | '_ | '_| | '_ \/ _` | \ \ \ \
 \\/  ___)| |_)| | | | | || (_| |  ) ) ) )
  '  |____| .__|_| |_|_| |_\__, | / / / /
 =========|_|==============|___/=/_/_/_/
 :: Spring Boot ::                (v3.1.1)

2023-08-07T15:14:12.873+02:00  INFO 14184 --- [           main] c.s.S.SafetyNetAlertsControllerTest      : Starting SafetyNetAlertsControllerTest using Java 17.0.6 with PID 14184 (started by indov in C:\Users\indov\git\SafetyNetAlerts\SafetyNetAlerts)
2023-08-07T15:14:12.873+02:00 DEBUG 14184 --- [           main] c.s.S.SafetyNetAlertsControllerTest      : Running with Spring Boot v3.1.1, Spring v6.0.10
2023-08-07T15:14:12.873+02:00  INFO 14184 --- [           main] c.s.S.SafetyNetAlertsControllerTest      : No active profile set, falling back to 1 default profile: "default"
2023-08-07T15:14:13.081+02:00 DEBUG 14184 --- [           main] c.s.S.SafetyNetAlertsApplication         : copy the data file
2023-08-07T15:14:13.082+02:00 DEBUG 14184 --- [           main] c.s.S.SafetyNetAlertsApplication         : create a list of persons
2023-08-07T15:14:13.082+02:00 DEBUG 14184 --- [           main] c.s.S.SafetyNetAlertsApplication         : create a list of fire stations
2023-08-07T15:14:13.083+02:00 DEBUG 14184 --- [           main] c.s.S.SafetyNetAlertsApplication         : create a list of medical records
2023-08-07T15:14:13.083+02:00 DEBUG 14184 --- [           main] c.s.S.SafetyNetAlertsApplication         : the constructor SafetyNetAlertsCatalog succeeded
2023-08-07T15:14:13.136+02:00  INFO 14184 --- [           main] c.s.S.SafetyNetAlertsControllerTest      : Started SafetyNetAlertsControllerTest in 0.285 seconds (process running for 28.501)
]]></system-out>
  </testcase>
</testsuite>