<?xml version="1.0" encoding="UTF-8"?>
<testsuite xmlns:xsi="http://www.w3.org/2001/XMLSchema-instance" xsi:noNamespaceSchemaLocation="https://maven.apache.org/surefire/maven-surefire-plugin/xsd/surefire-test-report-3.0.xsd" version="3.0" name="com.safetynet.SafetyNetAlerts.SafetyNetAlertsControllerTest" time="12.023" tests="44" errors="0" skipped="0" failures="0">
  <properties>
    <property name="java.specification.version" value="17"/>
    <property name="sun.cpu.isalist" value="amd64"/>
    <property name="sun.jnu.encoding" value="Cp1252"/>
    <property name="java.class.path" value="C:\Users\indov\git\SafetyNetAlerts\SafetyNetAlerts\target\test-classes;C:\Users\indov\git\SafetyNetAlerts\SafetyNetAlerts\target\classes;C:\Users\indov\.m2\repository\org\springframework\boot\spring-boot-starter-web\3.1.1\spring-boot-starter-web-3.1.1.jar;C:\Users\indov\.m2\repository\org\springframework\boot\spring-boot-starter\3.1.1\spring-boot-starter-3.1.1.jar;C:\Users\indov\.m2\repository\org\springframework\boot\spring-boot\3.1.1\spring-boot-3.1.1.jar;C:\Users\indov\.m2\repository\org\springframework\boot\spring-boot-autoconfigure\3.1.1\spring-boot-autoconfigure-3.1.1.jar;C:\Users\indov\.m2\repository\org\springframework\boot\spring-boot-starter-logging\3.1.1\spring-boot-starter-logging-3.1.1.jar;C:\Users\indov\.m2\repository\ch\qos\logback\logback-classic\1.4.8\logback-classic-1.4.8.jar;C:\Users\indov\.m2\repository\ch\qos\logback\logback-core\1.4.8\logback-core-1.4.8.jar;C:\Users\indov\.m2\repository\org\apache\logging\log4j\log4j-to-slf4j\2.20.0\log4j-to-slf4j-2.20.0.jar;C:\Users\indov\.m2\repository\org\slf4j\jul-to-slf4j\2.0.7\jul-to-slf4j-2.0.7.jar;C:\Users\indov\.m2\repository\jakarta\annotation\jakarta.annotation-api\2.1.1\jakarta.annotation-api-2.1.1.jar;C:\Users\indov\.m2\repository\org\yaml\snakeyaml\1.33\snakeyaml-1.33.jar;C:\Users\indov\.m2\repository\org\springframework\boot\spring-boot-starter-json\3.1.1\spring-boot-starter-json-3.1.1.jar;C:\Users\indov\.m2\repository\com\fasterxml\jackson\core\jackson-databind\2.15.2\jackson-databind-2.15.2.jar;C:\Users\indov\.m2\repository\com\fasterxml\jackson\core\jackson-core\2.15.2\jackson-core-2.15.2.jar;C:\Users\indov\.m2\repository\com\fasterxml\jackson\datatype\jackson-datatype-jdk8\2.15.2\jackson-datatype-jdk8-2.15.2.jar;C:\Users\indov\.m2\repository\com\fasterxml\jackson\datatype\jackson-datatype-jsr310\2.15.2\jackson-datatype-jsr310-2.15.2.jar;C:\Users\indov\.m2\repository\com\fasterxml\jackson\module\jackson-module-parameter-names\2.15.2\jackson-module-parameter-names-2.15.2.jar;C:\Users\indov\.m2\repository\org\springframework\boot\spring-boot-starter-tomcat\3.1.1\spring-boot-starter-tomcat-3.1.1.jar;C:\Users\indov\.m2\repository\org\apache\tomcat\embed\tomcat-embed-core\10.1.10\tomcat-embed-core-10.1.10.jar;C:\Users\indov\.m2\repository\org\apache\tomcat\embed\tomcat-embed-el\10.1.10\tomcat-embed-el-10.1.10.jar;C:\Users\indov\.m2\repository\org\apache\tomcat\embed\tomcat-embed-websocket\10.1.10\tomcat-embed-websocket-10.1.10.jar;C:\Users\indov\.m2\repository\org\springframework\spring-web\6.0.10\spring-web-6.0.10.jar;C:\Users\indov\.m2\repository\org\springframework\spring-beans\6.0.10\spring-beans-6.0.10.jar;C:\Users\indov\.m2\repository\org\springframework\spring-webmvc\6.0.10\spring-webmvc-6.0.10.jar;C:\Users\indov\.m2\repository\org\springframework\spring-aop\6.0.10\spring-aop-6.0.10.jar;C:\Users\indov\.m2\repository\org\springframework\spring-context\6.0.10\spring-context-6.0.10.jar;C:\Users\indov\.m2\repository\org\springframework\spring-expression\6.0.10\spring-expression-6.0.10.jar;C:\Users\indov\.m2\repository\org\mockito\mockito-junit-jupiter\2.23.4\mockito-junit-jupiter-2.23.4.jar;C:\Users\indov\.m2\repository\org\mockito\mockito-core\5.3.1\mockito-core-5.3.1.jar;C:\Users\indov\.m2\repository\net\bytebuddy\byte-buddy\1.14.5\byte-buddy-1.14.5.jar;C:\Users\indov\.m2\repository\net\bytebuddy\byte-buddy-agent\1.14.5\byte-buddy-agent-1.14.5.jar;C:\Users\indov\.m2\repository\org\objenesis\objenesis\3.3\objenesis-3.3.jar;C:\Users\indov\.m2\repository\org\junit\jupiter\junit-jupiter-api\5.9.3\junit-jupiter-api-5.9.3.jar;C:\Users\indov\.m2\repository\org\opentest4j\opentest4j\1.2.0\opentest4j-1.2.0.jar;C:\Users\indov\.m2\repository\org\junit\platform\junit-platform-commons\1.9.3\junit-platform-commons-1.9.3.jar;C:\Users\indov\.m2\repository\org\apiguardian\apiguardian-api\1.1.2\apiguardian-api-1.1.2.jar;C:\Users\indov\.m2\repository\org\json\json\20140107\json-20140107.jar;C:\Users\indov\.m2\repository\org\apache\logging\log4j\log4j-api\2.19.0\log4j-api-2.19.0.jar;C:\Users\indov\.m2\repository\org\apache\logging\log4j\log4j-core\2.19.0\log4j-core-2.19.0.jar;C:\Users\indov\.m2\repository\org\springdoc\springdoc-openapi-starter-webmvc-ui\2.1.0\springdoc-openapi-starter-webmvc-ui-2.1.0.jar;C:\Users\indov\.m2\repository\org\springdoc\springdoc-openapi-starter-webmvc-api\2.1.0\springdoc-openapi-starter-webmvc-api-2.1.0.jar;C:\Users\indov\.m2\repository\org\springdoc\springdoc-openapi-starter-common\2.1.0\springdoc-openapi-starter-common-2.1.0.jar;C:\Users\indov\.m2\repository\io\swagger\core\v3\swagger-core-jakarta\2.2.9\swagger-core-jakarta-2.2.9.jar;C:\Users\indov\.m2\repository\io\swagger\core\v3\swagger-annotations-jakarta\2.2.9\swagger-annotations-jakarta-2.2.9.jar;C:\Users\indov\.m2\repository\io\swagger\core\v3\swagger-models-jakarta\2.2.9\swagger-models-jakarta-2.2.9.jar;C:\Users\indov\.m2\repository\jakarta\validation\jakarta.validation-api\3.0.2\jakarta.validation-api-3.0.2.jar;C:\Users\indov\.m2\repository\com\fasterxml\jackson\dataformat\jackson-dataformat-yaml\2.15.2\jackson-dataformat-yaml-2.15.2.jar;C:\Users\indov\.m2\repository\org\webjars\swagger-ui\4.18.2\swagger-ui-4.18.2.jar;C:\Users\indov\.m2\repository\org\springframework\boot\spring-boot-starter-test\3.1.1\spring-boot-starter-test-3.1.1.jar;C:\Users\indov\.m2\repository\org\springframework\boot\spring-boot-test\3.1.1\spring-boot-test-3.1.1.jar;C:\Users\indov\.m2\repository\org\springframework\boot\spring-boot-test-autoconfigure\3.1.1\spring-boot-test-autoconfigure-3.1.1.jar;C:\Users\indov\.m2\repository\com\jayway\jsonpath\json-path\2.8.0\json-path-2.8.0.jar;C:\Users\indov\.m2\repository\jakarta\xml\bind\jakarta.xml.bind-api\4.0.0\jakarta.xml.bind-api-4.0.0.jar;C:\Users\indov\.m2\repository\jakarta\activation\jakarta.activation-api\2.1.2\jakarta.activation-api-2.1.2.jar;C:\Users\indov\.m2\repository\org\assertj\assertj-core\3.24.2\assertj-core-3.24.2.jar;C:\Users\indov\.m2\repository\org\hamcrest\hamcrest\2.2\hamcrest-2.2.jar;C:\Users\indov\.m2\repository\org\junit\jupiter\junit-jupiter\5.9.3\junit-jupiter-5.9.3.jar;C:\Users\indov\.m2\repository\org\junit\jupiter\junit-jupiter-params\5.9.3\junit-jupiter-params-5.9.3.jar;C:\Users\indov\.m2\repository\org\junit\jupiter\junit-jupiter-engine\5.9.3\junit-jupiter-engine-5.9.3.jar;C:\Users\indov\.m2\repository\org\junit\platform\junit-platform-engine\1.9.3\junit-platform-engine-1.9.3.jar;C:\Users\indov\.m2\repository\org\skyscreamer\jsonassert\1.5.1\jsonassert-1.5.1.jar;C:\Users\indov\.m2\repository\com\vaadin\external\google\android-json\0.0.20131108.vaadin1\android-json-0.0.20131108.vaadin1.jar;C:\Users\indov\.m2\repository\org\springframework\spring-core\6.0.10\spring-core-6.0.10.jar;C:\Users\indov\.m2\repository\org\springframework\spring-jcl\6.0.10\spring-jcl-6.0.10.jar;C:\Users\indov\.m2\repository\org\springframework\spring-test\6.0.10\spring-test-6.0.10.jar;C:\Users\indov\.m2\repository\org\xmlunit\xmlunit-core\2.9.1\xmlunit-core-2.9.1.jar;C:\Users\indov\.m2\repository\net\minidev\json-smart\2.4.11\json-smart-2.4.11.jar;C:\Users\indov\.m2\repository\net\minidev\accessors-smart\2.4.11\accessors-smart-2.4.11.jar;C:\Users\indov\.m2\repository\org\ow2\asm\asm\9.3\asm-9.3.jar;C:\Users\indov\.m2\repository\org\projectlombok\lombok\1.18.28\lombok-1.18.28.jar;C:\Users\indov\.m2\repository\io\springfox\springfox-swagger2\2.7.0\springfox-swagger2-2.7.0.jar;C:\Users\indov\.m2\repository\io\swagger\swagger-annotations\1.5.13\swagger-annotations-1.5.13.jar;C:\Users\indov\.m2\repository\io\swagger\swagger-models\1.5.13\swagger-models-1.5.13.jar;C:\Users\indov\.m2\repository\com\fasterxml\jackson\core\jackson-annotations\2.15.2\jackson-annotations-2.15.2.jar;C:\Users\indov\.m2\repository\io\springfox\springfox-spi\2.7.0\springfox-spi-2.7.0.jar;C:\Users\indov\.m2\repository\io\springfox\springfox-core\2.7.0\springfox-core-2.7.0.jar;C:\Users\indov\.m2\repository\io\springfox\springfox-schema\2.7.0\springfox-schema-2.7.0.jar;C:\Users\indov\.m2\repository\io\springfox\springfox-swagger-common\2.7.0\springfox-swagger-common-2.7.0.jar;C:\Users\indov\.m2\repository\io\springfox\springfox-spring-web\2.7.0\springfox-spring-web-2.7.0.jar;C:\Users\indov\.m2\repository\org\reflections\reflections\0.9.11\reflections-0.9.11.jar;C:\Users\indov\.m2\repository\org\javassist\javassist\3.21.0-GA\javassist-3.21.0-GA.jar;C:\Users\indov\.m2\repository\com\google\guava\guava\18.0\guava-18.0.jar;C:\Users\indov\.m2\repository\com\fasterxml\classmate\1.5.1\classmate-1.5.1.jar;C:\Users\indov\.m2\repository\org\slf4j\slf4j-api\2.0.7\slf4j-api-2.0.7.jar;C:\Users\indov\.m2\repository\org\springframework\plugin\spring-plugin-core\1.2.0.RELEASE\spring-plugin-core-1.2.0.RELEASE.jar;C:\Users\indov\.m2\repository\org\springframework\plugin\spring-plugin-metadata\1.2.0.RELEASE\spring-plugin-metadata-1.2.0.RELEASE.jar;C:\Users\indov\.m2\repository\org\mapstruct\mapstruct\1.1.0.Final\mapstruct-1.1.0.Final.jar;C:\Users\indov\.m2\repository\org\apache\maven\plugins\maven-javadoc-plugin\3.5.0\maven-javadoc-plugin-3.5.0.jar;C:\Users\indov\.m2\repository\javax\inject\javax.inject\1\javax.inject-1.jar;C:\Users\indov\.m2\repository\org\apache\maven\reporting\maven-reporting-api\3.1.1\maven-reporting-api-3.1.1.jar;C:\Users\indov\.m2\repository\org\apache\maven\maven-archiver\3.6.0\maven-archiver-3.6.0.jar;C:\Users\indov\.m2\repository\org\codehaus\plexus\plexus-io\3.4.0\plexus-io-3.4.0.jar;C:\Users\indov\.m2\repository\org\codehaus\plexus\plexus-archiver\4.4.0\plexus-archiver-4.4.0.jar;C:\Users\indov\.m2\repository\org\apache\commons\commons-compress\1.21\commons-compress-1.21.jar;C:\Users\indov\.m2\repository\org\iq80\snappy\snappy\0.4\snappy-0.4.jar;C:\Users\indov\.m2\repository\org\tukaani\xz\1.9\xz-1.9.jar;C:\Users\indov\.m2\repository\org\codehaus\plexus\plexus-interpolation\1.26\plexus-interpolation-1.26.jar;C:\Users\indov\.m2\repository\org\apache\maven\shared\maven-invoker\3.2.0\maven-invoker-3.2.0.jar;C:\Users\indov\.m2\repository\org\apache\maven\shared\maven-shared-utils\3.3.4\maven-shared-utils-3.3.4.jar;C:\Users\indov\.m2\repository\org\apache\maven\shared\maven-common-artifact-filters\3.2.0\maven-common-artifact-filters-3.2.0.jar;C:\Users\indov\.m2\repository\org\apache\maven\maven-artifact\3.1.1\maven-artifact-3.1.1.jar;C:\Users\indov\.m2\repository\org\apache\maven\maven-model\3.1.1\maven-model-3.1.1.jar;C:\Users\indov\.m2\repository\org\apache\maven\maven-core\3.1.1\maven-core-3.1.1.jar;C:\Users\indov\.m2\repository\org\apache\maven\maven-settings\3.1.1\maven-settings-3.1.1.jar;C:\Users\indov\.m2\repository\org\apache\maven\maven-settings-builder\3.1.1\maven-settings-builder-3.1.1.jar;C:\Users\indov\.m2\repository\org\apache\maven\maven-repository-metadata\3.1.1\maven-repository-metadata-3.1.1.jar;C:\Users\indov\.m2\repository\org\apache\maven\maven-model-builder\3.1.1\maven-model-builder-3.1.1.jar;C:\Users\indov\.m2\repository\org\apache\maven\maven-aether-provider\3.1.1\maven-aether-provider-3.1.1.jar;C:\Users\indov\.m2\repository\org\eclipse\aether\aether-spi\0.9.0.M2\aether-spi-0.9.0.M2.jar;C:\Users\indov\.m2\repository\org\eclipse\aether\aether-impl\0.9.0.M2\aether-impl-0.9.0.M2.jar;C:\Users\indov\.m2\repository\org\codehaus\plexus\plexus-classworlds\2.5.1\plexus-classworlds-2.5.1.jar;C:\Users\indov\.m2\repository\org\sonatype\plexus\plexus-sec-dispatcher\1.3\plexus-sec-dispatcher-1.3.jar;C:\Users\indov\.m2\repository\org\sonatype\plexus\plexus-cipher\1.4\plexus-cipher-1.4.jar;C:\Users\indov\.m2\repository\org\apache\maven\maven-plugin-api\3.1.1\maven-plugin-api-3.1.1.jar;C:\Users\indov\.m2\repository\org\eclipse\aether\aether-api\0.9.0.M2\aether-api-0.9.0.M2.jar;C:\Users\indov\.m2\repository\org\eclipse\aether\aether-util\0.9.0.M2\aether-util-0.9.0.M2.jar;C:\Users\indov\.m2\repository\org\eclipse\sisu\org.eclipse.sisu.plexus\0.0.0.M5\org.eclipse.sisu.plexus-0.0.0.M5.jar;C:\Users\indov\.m2\repository\javax\enterprise\cdi-api\1.0\cdi-api-1.0.jar;C:\Users\indov\.m2\repository\javax\annotation\jsr250-api\1.0\jsr250-api-1.0.jar;C:\Users\indov\.m2\repository\org\sonatype\sisu\sisu-guice\3.1.0\sisu-guice-3.1.0-no_aop.jar;C:\Users\indov\.m2\repository\aopalliance\aopalliance\1.0\aopalliance-1.0.jar;C:\Users\indov\.m2\repository\org\eclipse\sisu\org.eclipse.sisu.inject\0.0.0.M5\org.eclipse.sisu.inject-0.0.0.M5.jar;C:\Users\indov\.m2\repository\org\apache\maven\doxia\doxia-sink-api\1.11.1\doxia-sink-api-1.11.1.jar;C:\Users\indov\.m2\repository\org\apache\maven\doxia\doxia-logging-api\1.11.1\doxia-logging-api-1.11.1.jar;C:\Users\indov\.m2\repository\org\apache\maven\doxia\doxia-site-renderer\1.11.1\doxia-site-renderer-1.11.1.jar;C:\Users\indov\.m2\repository\org\apache\maven\doxia\doxia-core\1.11.1\doxia-core-1.11.1.jar;C:\Users\indov\.m2\repository\org\apache\maven\doxia\doxia-decoration-model\1.11.1\doxia-decoration-model-1.11.1.jar;C:\Users\indov\.m2\repository\org\apache\maven\doxia\doxia-skin-model\1.11.1\doxia-skin-model-1.11.1.jar;C:\Users\indov\.m2\repository\org\apache\maven\doxia\doxia-module-xhtml\1.11.1\doxia-module-xhtml-1.11.1.jar;C:\Users\indov\.m2\repository\org\apache\maven\doxia\doxia-module-xhtml5\1.11.1\doxia-module-xhtml5-1.11.1.jar;C:\Users\indov\.m2\repository\org\codehaus\plexus\plexus-component-annotations\2.0.0\plexus-component-annotations-2.0.0.jar;C:\Users\indov\.m2\repository\org\codehaus\plexus\plexus-i18n\1.0-beta-10\plexus-i18n-1.0-beta-10.jar;C:\Users\indov\.m2\repository\org\codehaus\plexus\plexus-container-default\1.0-alpha-30\plexus-container-default-1.0-alpha-30.jar;C:\Users\indov\.m2\repository\junit\junit\4.13.2\junit-4.13.2.jar;C:\Users\indov\.m2\repository\org\hamcrest\hamcrest-core\2.2\hamcrest-core-2.2.jar;C:\Users\indov\.m2\repository\org\codehaus\plexus\plexus-velocity\1.2\plexus-velocity-1.2.jar;C:\Users\indov\.m2\repository\org\apache\velocity\velocity\1.7\velocity-1.7.jar;C:\Users\indov\.m2\repository\commons-lang\commons-lang\2.4\commons-lang-2.4.jar;C:\Users\indov\.m2\repository\org\apache\velocity\velocity-tools\2.0\velocity-tools-2.0.jar;C:\Users\indov\.m2\repository\commons-beanutils\commons-beanutils\1.7.0\commons-beanutils-1.7.0.jar;C:\Users\indov\.m2\repository\commons-digester\commons-digester\1.8\commons-digester-1.8.jar;C:\Users\indov\.m2\repository\commons-chain\commons-chain\1.1\commons-chain-1.1.jar;C:\Users\indov\.m2\repository\dom4j\dom4j\1.1\dom4j-1.1.jar;C:\Users\indov\.m2\repository\oro\oro\2.0.8\oro-2.0.8.jar;C:\Users\indov\.m2\repository\commons-collections\commons-collections\3.2.2\commons-collections-3.2.2.jar;C:\Users\indov\.m2\repository\org\apache\maven\wagon\wagon-provider-api\2.4\wagon-provider-api-2.4.jar;C:\Users\indov\.m2\repository\org\apache\commons\commons-lang3\3.12.0\commons-lang3-3.12.0.jar;C:\Users\indov\.m2\repository\org\apache\commons\commons-text\1.10.0\commons-text-1.10.0.jar;C:\Users\indov\.m2\repository\org\apache\httpcomponents\httpclient\4.5.14\httpclient-4.5.14.jar;C:\Users\indov\.m2\repository\commons-logging\commons-logging\1.2\commons-logging-1.2.jar;C:\Users\indov\.m2\repository\commons-codec\commons-codec\1.15\commons-codec-1.15.jar;C:\Users\indov\.m2\repository\org\apache\httpcomponents\httpcore\4.4.16\httpcore-4.4.16.jar;C:\Users\indov\.m2\repository\com\thoughtworks\qdox\qdox\2.0.3\qdox-2.0.3.jar;C:\Users\indov\.m2\repository\org\codehaus\plexus\plexus-java\1.1.2\plexus-java-1.1.2.jar;C:\Users\indov\.m2\repository\org\codehaus\plexus\plexus-utils\3.5.0\plexus-utils-3.5.0.jar;C:\Users\indov\.m2\repository\commons-io\commons-io\2.11.0\commons-io-2.11.0.jar;C:\Users\indov\.m2\repository\org\codehaus\plexus\plexus-interactivity-api\1.1\plexus-interactivity-api-1.1.jar;C:\Users\indov\.m2\repository\org\springframework\boot\spring-boot-starter-actuator\3.1.2\spring-boot-starter-actuator-3.1.2.jar;C:\Users\indov\.m2\repository\org\springframework\boot\spring-boot-actuator-autoconfigure\3.1.1\spring-boot-actuator-autoconfigure-3.1.1.jar;C:\Users\indov\.m2\repository\org\springframework\boot\spring-boot-actuator\3.1.1\spring-boot-actuator-3.1.1.jar;C:\Users\indov\.m2\repository\io\micrometer\micrometer-observation\1.11.1\micrometer-observation-1.11.1.jar;C:\Users\indov\.m2\repository\io\micrometer\micrometer-commons\1.11.1\micrometer-commons-1.11.1.jar;C:\Users\indov\.m2\repository\io\micrometer\micrometer-core\1.11.1\micrometer-core-1.11.1.jar;C:\Users\indov\.m2\repository\org\hdrhistogram\HdrHistogram\2.1.12\HdrHistogram-2.1.12.jar;C:\Users\indov\.m2\repository\org\latencyutils\LatencyUtils\2.0.3\LatencyUtils-2.0.3.jar;"/>
    <property name="java.vm.vendor" value="Eclipse Adoptium"/>
    <property name="sun.arch.data.model" value="64"/>
    <property name="user.variant" value=""/>
    <property name="java.vendor.url" value="https://adoptium.net/"/>
    <property name="user.timezone" value="Europe/Paris"/>
    <property name="os.name" value="Windows 11"/>
    <property name="java.vm.specification.version" value="17"/>
    <property name="sun.java.launcher" value="SUN_STANDARD"/>
    <property name="user.country" value="FR"/>
    <property name="sun.boot.library.path" value="C:\Program Files\Eclipse Adoptium\jdk-17.0.6.10-hotspot\bin"/>
    <property name="sun.java.command" value="C:\Users\indov\AppData\Local\Temp\surefire18146822551236105000\surefirebooter-20230812211832734_3.jar C:\Users\indov\AppData\Local\Temp\surefire18146822551236105000 2023-08-12T21-18-32_537-jvmRun1 surefire-20230812211832734_1tmp surefire_0-20230812211832734_2tmp"/>
    <property name="jdk.debug" value="release"/>
    <property name="surefire.test.class.path" value="C:\Users\indov\git\SafetyNetAlerts\SafetyNetAlerts\target\test-classes;C:\Users\indov\git\SafetyNetAlerts\SafetyNetAlerts\target\classes;C:\Users\indov\.m2\repository\org\springframework\boot\spring-boot-starter-web\3.1.1\spring-boot-starter-web-3.1.1.jar;C:\Users\indov\.m2\repository\org\springframework\boot\spring-boot-starter\3.1.1\spring-boot-starter-3.1.1.jar;C:\Users\indov\.m2\repository\org\springframework\boot\spring-boot\3.1.1\spring-boot-3.1.1.jar;C:\Users\indov\.m2\repository\org\springframework\boot\spring-boot-autoconfigure\3.1.1\spring-boot-autoconfigure-3.1.1.jar;C:\Users\indov\.m2\repository\org\springframework\boot\spring-boot-starter-logging\3.1.1\spring-boot-starter-logging-3.1.1.jar;C:\Users\indov\.m2\repository\ch\qos\logback\logback-classic\1.4.8\logback-classic-1.4.8.jar;C:\Users\indov\.m2\repository\ch\qos\logback\logback-core\1.4.8\logback-core-1.4.8.jar;C:\Users\indov\.m2\repository\org\apache\logging\log4j\log4j-to-slf4j\2.20.0\log4j-to-slf4j-2.20.0.jar;C:\Users\indov\.m2\repository\org\slf4j\jul-to-slf4j\2.0.7\jul-to-slf4j-2.0.7.jar;C:\Users\indov\.m2\repository\jakarta\annotation\jakarta.annotation-api\2.1.1\jakarta.annotation-api-2.1.1.jar;C:\Users\indov\.m2\repository\org\yaml\snakeyaml\1.33\snakeyaml-1.33.jar;C:\Users\indov\.m2\repository\org\springframework\boot\spring-boot-starter-json\3.1.1\spring-boot-starter-json-3.1.1.jar;C:\Users\indov\.m2\repository\com\fasterxml\jackson\core\jackson-databind\2.15.2\jackson-databind-2.15.2.jar;C:\Users\indov\.m2\repository\com\fasterxml\jackson\core\jackson-core\2.15.2\jackson-core-2.15.2.jar;C:\Users\indov\.m2\repository\com\fasterxml\jackson\datatype\jackson-datatype-jdk8\2.15.2\jackson-datatype-jdk8-2.15.2.jar;C:\Users\indov\.m2\repository\com\fasterxml\jackson\datatype\jackson-datatype-jsr310\2.15.2\jackson-datatype-jsr310-2.15.2.jar;C:\Users\indov\.m2\repository\com\fasterxml\jackson\module\jackson-module-parameter-names\2.15.2\jackson-module-parameter-names-2.15.2.jar;C:\Users\indov\.m2\repository\org\springframework\boot\spring-boot-starter-tomcat\3.1.1\spring-boot-starter-tomcat-3.1.1.jar;C:\Users\indov\.m2\repository\org\apache\tomcat\embed\tomcat-embed-core\10.1.10\tomcat-embed-core-10.1.10.jar;C:\Users\indov\.m2\repository\org\apache\tomcat\embed\tomcat-embed-el\10.1.10\tomcat-embed-el-10.1.10.jar;C:\Users\indov\.m2\repository\org\apache\tomcat\embed\tomcat-embed-websocket\10.1.10\tomcat-embed-websocket-10.1.10.jar;C:\Users\indov\.m2\repository\org\springframework\spring-web\6.0.10\spring-web-6.0.10.jar;C:\Users\indov\.m2\repository\org\springframework\spring-beans\6.0.10\spring-beans-6.0.10.jar;C:\Users\indov\.m2\repository\org\springframework\spring-webmvc\6.0.10\spring-webmvc-6.0.10.jar;C:\Users\indov\.m2\repository\org\springframework\spring-aop\6.0.10\spring-aop-6.0.10.jar;C:\Users\indov\.m2\repository\org\springframework\spring-context\6.0.10\spring-context-6.0.10.jar;C:\Users\indov\.m2\repository\org\springframework\spring-expression\6.0.10\spring-expression-6.0.10.jar;C:\Users\indov\.m2\repository\org\mockito\mockito-junit-jupiter\2.23.4\mockito-junit-jupiter-2.23.4.jar;C:\Users\indov\.m2\repository\org\mockito\mockito-core\5.3.1\mockito-core-5.3.1.jar;C:\Users\indov\.m2\repository\net\bytebuddy\byte-buddy\1.14.5\byte-buddy-1.14.5.jar;C:\Users\indov\.m2\repository\net\bytebuddy\byte-buddy-agent\1.14.5\byte-buddy-agent-1.14.5.jar;C:\Users\indov\.m2\repository\org\objenesis\objenesis\3.3\objenesis-3.3.jar;C:\Users\indov\.m2\repository\org\junit\jupiter\junit-jupiter-api\5.9.3\junit-jupiter-api-5.9.3.jar;C:\Users\indov\.m2\repository\org\opentest4j\opentest4j\1.2.0\opentest4j-1.2.0.jar;C:\Users\indov\.m2\repository\org\junit\platform\junit-platform-commons\1.9.3\junit-platform-commons-1.9.3.jar;C:\Users\indov\.m2\repository\org\apiguardian\apiguardian-api\1.1.2\apiguardian-api-1.1.2.jar;C:\Users\indov\.m2\repository\org\json\json\20140107\json-20140107.jar;C:\Users\indov\.m2\repository\org\apache\logging\log4j\log4j-api\2.19.0\log4j-api-2.19.0.jar;C:\Users\indov\.m2\repository\org\apache\logging\log4j\log4j-core\2.19.0\log4j-core-2.19.0.jar;C:\Users\indov\.m2\repository\org\springdoc\springdoc-openapi-starter-webmvc-ui\2.1.0\springdoc-openapi-starter-webmvc-ui-2.1.0.jar;C:\Users\indov\.m2\repository\org\springdoc\springdoc-openapi-starter-webmvc-api\2.1.0\springdoc-openapi-starter-webmvc-api-2.1.0.jar;C:\Users\indov\.m2\repository\org\springdoc\springdoc-openapi-starter-common\2.1.0\springdoc-openapi-starter-common-2.1.0.jar;C:\Users\indov\.m2\repository\io\swagger\core\v3\swagger-core-jakarta\2.2.9\swagger-core-jakarta-2.2.9.jar;C:\Users\indov\.m2\repository\io\swagger\core\v3\swagger-annotations-jakarta\2.2.9\swagger-annotations-jakarta-2.2.9.jar;C:\Users\indov\.m2\repository\io\swagger\core\v3\swagger-models-jakarta\2.2.9\swagger-models-jakarta-2.2.9.jar;C:\Users\indov\.m2\repository\jakarta\validation\jakarta.validation-api\3.0.2\jakarta.validation-api-3.0.2.jar;C:\Users\indov\.m2\repository\com\fasterxml\jackson\dataformat\jackson-dataformat-yaml\2.15.2\jackson-dataformat-yaml-2.15.2.jar;C:\Users\indov\.m2\repository\org\webjars\swagger-ui\4.18.2\swagger-ui-4.18.2.jar;C:\Users\indov\.m2\repository\org\springframework\boot\spring-boot-starter-test\3.1.1\spring-boot-starter-test-3.1.1.jar;C:\Users\indov\.m2\repository\org\springframework\boot\spring-boot-test\3.1.1\spring-boot-test-3.1.1.jar;C:\Users\indov\.m2\repository\org\springframework\boot\spring-boot-test-autoconfigure\3.1.1\spring-boot-test-autoconfigure-3.1.1.jar;C:\Users\indov\.m2\repository\com\jayway\jsonpath\json-path\2.8.0\json-path-2.8.0.jar;C:\Users\indov\.m2\repository\jakarta\xml\bind\jakarta.xml.bind-api\4.0.0\jakarta.xml.bind-api-4.0.0.jar;C:\Users\indov\.m2\repository\jakarta\activation\jakarta.activation-api\2.1.2\jakarta.activation-api-2.1.2.jar;C:\Users\indov\.m2\repository\org\assertj\assertj-core\3.24.2\assertj-core-3.24.2.jar;C:\Users\indov\.m2\repository\org\hamcrest\hamcrest\2.2\hamcrest-2.2.jar;C:\Users\indov\.m2\repository\org\junit\jupiter\junit-jupiter\5.9.3\junit-jupiter-5.9.3.jar;C:\Users\indov\.m2\repository\org\junit\jupiter\junit-jupiter-params\5.9.3\junit-jupiter-params-5.9.3.jar;C:\Users\indov\.m2\repository\org\junit\jupiter\junit-jupiter-engine\5.9.3\junit-jupiter-engine-5.9.3.jar;C:\Users\indov\.m2\repository\org\junit\platform\junit-platform-engine\1.9.3\junit-platform-engine-1.9.3.jar;C:\Users\indov\.m2\repository\org\skyscreamer\jsonassert\1.5.1\jsonassert-1.5.1.jar;C:\Users\indov\.m2\repository\com\vaadin\external\google\android-json\0.0.20131108.vaadin1\android-json-0.0.20131108.vaadin1.jar;C:\Users\indov\.m2\repository\org\springframework\spring-core\6.0.10\spring-core-6.0.10.jar;C:\Users\indov\.m2\repository\org\springframework\spring-jcl\6.0.10\spring-jcl-6.0.10.jar;C:\Users\indov\.m2\repository\org\springframework\spring-test\6.0.10\spring-test-6.0.10.jar;C:\Users\indov\.m2\repository\org\xmlunit\xmlunit-core\2.9.1\xmlunit-core-2.9.1.jar;C:\Users\indov\.m2\repository\net\minidev\json-smart\2.4.11\json-smart-2.4.11.jar;C:\Users\indov\.m2\repository\net\minidev\accessors-smart\2.4.11\accessors-smart-2.4.11.jar;C:\Users\indov\.m2\repository\org\ow2\asm\asm\9.3\asm-9.3.jar;C:\Users\indov\.m2\repository\org\projectlombok\lombok\1.18.28\lombok-1.18.28.jar;C:\Users\indov\.m2\repository\io\springfox\springfox-swagger2\2.7.0\springfox-swagger2-2.7.0.jar;C:\Users\indov\.m2\repository\io\swagger\swagger-annotations\1.5.13\swagger-annotations-1.5.13.jar;C:\Users\indov\.m2\repository\io\swagger\swagger-models\1.5.13\swagger-models-1.5.13.jar;C:\Users\indov\.m2\repository\com\fasterxml\jackson\core\jackson-annotations\2.15.2\jackson-annotations-2.15.2.jar;C:\Users\indov\.m2\repository\io\springfox\springfox-spi\2.7.0\springfox-spi-2.7.0.jar;C:\Users\indov\.m2\repository\io\springfox\springfox-core\2.7.0\springfox-core-2.7.0.jar;C:\Users\indov\.m2\repository\io\springfox\springfox-schema\2.7.0\springfox-schema-2.7.0.jar;C:\Users\indov\.m2\repository\io\springfox\springfox-swagger-common\2.7.0\springfox-swagger-common-2.7.0.jar;C:\Users\indov\.m2\repository\io\springfox\springfox-spring-web\2.7.0\springfox-spring-web-2.7.0.jar;C:\Users\indov\.m2\repository\org\reflections\reflections\0.9.11\reflections-0.9.11.jar;C:\Users\indov\.m2\repository\org\javassist\javassist\3.21.0-GA\javassist-3.21.0-GA.jar;C:\Users\indov\.m2\repository\com\google\guava\guava\18.0\guava-18.0.jar;C:\Users\indov\.m2\repository\com\fasterxml\classmate\1.5.1\classmate-1.5.1.jar;C:\Users\indov\.m2\repository\org\slf4j\slf4j-api\2.0.7\slf4j-api-2.0.7.jar;C:\Users\indov\.m2\repository\org\springframework\plugin\spring-plugin-core\1.2.0.RELEASE\spring-plugin-core-1.2.0.RELEASE.jar;C:\Users\indov\.m2\repository\org\springframework\plugin\spring-plugin-metadata\1.2.0.RELEASE\spring-plugin-metadata-1.2.0.RELEASE.jar;C:\Users\indov\.m2\repository\org\mapstruct\mapstruct\1.1.0.Final\mapstruct-1.1.0.Final.jar;C:\Users\indov\.m2\repository\org\apache\maven\plugins\maven-javadoc-plugin\3.5.0\maven-javadoc-plugin-3.5.0.jar;C:\Users\indov\.m2\repository\javax\inject\javax.inject\1\javax.inject-1.jar;C:\Users\indov\.m2\repository\org\apache\maven\reporting\maven-reporting-api\3.1.1\maven-reporting-api-3.1.1.jar;C:\Users\indov\.m2\repository\org\apache\maven\maven-archiver\3.6.0\maven-archiver-3.6.0.jar;C:\Users\indov\.m2\repository\org\codehaus\plexus\plexus-io\3.4.0\plexus-io-3.4.0.jar;C:\Users\indov\.m2\repository\org\codehaus\plexus\plexus-archiver\4.4.0\plexus-archiver-4.4.0.jar;C:\Users\indov\.m2\repository\org\apache\commons\commons-compress\1.21\commons-compress-1.21.jar;C:\Users\indov\.m2\repository\org\iq80\snappy\snappy\0.4\snappy-0.4.jar;C:\Users\indov\.m2\repository\org\tukaani\xz\1.9\xz-1.9.jar;C:\Users\indov\.m2\repository\org\codehaus\plexus\plexus-interpolation\1.26\plexus-interpolation-1.26.jar;C:\Users\indov\.m2\repository\org\apache\maven\shared\maven-invoker\3.2.0\maven-invoker-3.2.0.jar;C:\Users\indov\.m2\repository\org\apache\maven\shared\maven-shared-utils\3.3.4\maven-shared-utils-3.3.4.jar;C:\Users\indov\.m2\repository\org\apache\maven\shared\maven-common-artifact-filters\3.2.0\maven-common-artifact-filters-3.2.0.jar;C:\Users\indov\.m2\repository\org\apache\maven\maven-artifact\3.1.1\maven-artifact-3.1.1.jar;C:\Users\indov\.m2\repository\org\apache\maven\maven-model\3.1.1\maven-model-3.1.1.jar;C:\Users\indov\.m2\repository\org\apache\maven\maven-core\3.1.1\maven-core-3.1.1.jar;C:\Users\indov\.m2\repository\org\apache\maven\maven-settings\3.1.1\maven-settings-3.1.1.jar;C:\Users\indov\.m2\repository\org\apache\maven\maven-settings-builder\3.1.1\maven-settings-builder-3.1.1.jar;C:\Users\indov\.m2\repository\org\apache\maven\maven-repository-metadata\3.1.1\maven-repository-metadata-3.1.1.jar;C:\Users\indov\.m2\repository\org\apache\maven\maven-model-builder\3.1.1\maven-model-builder-3.1.1.jar;C:\Users\indov\.m2\repository\org\apache\maven\maven-aether-provider\3.1.1\maven-aether-provider-3.1.1.jar;C:\Users\indov\.m2\repository\org\eclipse\aether\aether-spi\0.9.0.M2\aether-spi-0.9.0.M2.jar;C:\Users\indov\.m2\repository\org\eclipse\aether\aether-impl\0.9.0.M2\aether-impl-0.9.0.M2.jar;C:\Users\indov\.m2\repository\org\codehaus\plexus\plexus-classworlds\2.5.1\plexus-classworlds-2.5.1.jar;C:\Users\indov\.m2\repository\org\sonatype\plexus\plexus-sec-dispatcher\1.3\plexus-sec-dispatcher-1.3.jar;C:\Users\indov\.m2\repository\org\sonatype\plexus\plexus-cipher\1.4\plexus-cipher-1.4.jar;C:\Users\indov\.m2\repository\org\apache\maven\maven-plugin-api\3.1.1\maven-plugin-api-3.1.1.jar;C:\Users\indov\.m2\repository\org\eclipse\aether\aether-api\0.9.0.M2\aether-api-0.9.0.M2.jar;C:\Users\indov\.m2\repository\org\eclipse\aether\aether-util\0.9.0.M2\aether-util-0.9.0.M2.jar;C:\Users\indov\.m2\repository\org\eclipse\sisu\org.eclipse.sisu.plexus\0.0.0.M5\org.eclipse.sisu.plexus-0.0.0.M5.jar;C:\Users\indov\.m2\repository\javax\enterprise\cdi-api\1.0\cdi-api-1.0.jar;C:\Users\indov\.m2\repository\javax\annotation\jsr250-api\1.0\jsr250-api-1.0.jar;C:\Users\indov\.m2\repository\org\sonatype\sisu\sisu-guice\3.1.0\sisu-guice-3.1.0-no_aop.jar;C:\Users\indov\.m2\repository\aopalliance\aopalliance\1.0\aopalliance-1.0.jar;C:\Users\indov\.m2\repository\org\eclipse\sisu\org.eclipse.sisu.inject\0.0.0.M5\org.eclipse.sisu.inject-0.0.0.M5.jar;C:\Users\indov\.m2\repository\org\apache\maven\doxia\doxia-sink-api\1.11.1\doxia-sink-api-1.11.1.jar;C:\Users\indov\.m2\repository\org\apache\maven\doxia\doxia-logging-api\1.11.1\doxia-logging-api-1.11.1.jar;C:\Users\indov\.m2\repository\org\apache\maven\doxia\doxia-site-renderer\1.11.1\doxia-site-renderer-1.11.1.jar;C:\Users\indov\.m2\repository\org\apache\maven\doxia\doxia-core\1.11.1\doxia-core-1.11.1.jar;C:\Users\indov\.m2\repository\org\apache\maven\doxia\doxia-decoration-model\1.11.1\doxia-decoration-model-1.11.1.jar;C:\Users\indov\.m2\repository\org\apache\maven\doxia\doxia-skin-model\1.11.1\doxia-skin-model-1.11.1.jar;C:\Users\indov\.m2\repository\org\apache\maven\doxia\doxia-module-xhtml\1.11.1\doxia-module-xhtml-1.11.1.jar;C:\Users\indov\.m2\repository\org\apache\maven\doxia\doxia-module-xhtml5\1.11.1\doxia-module-xhtml5-1.11.1.jar;C:\Users\indov\.m2\repository\org\codehaus\plexus\plexus-component-annotations\2.0.0\plexus-component-annotations-2.0.0.jar;C:\Users\indov\.m2\repository\org\codehaus\plexus\plexus-i18n\1.0-beta-10\plexus-i18n-1.0-beta-10.jar;C:\Users\indov\.m2\repository\org\codehaus\plexus\plexus-container-default\1.0-alpha-30\plexus-container-default-1.0-alpha-30.jar;C:\Users\indov\.m2\repository\junit\junit\4.13.2\junit-4.13.2.jar;C:\Users\indov\.m2\repository\org\hamcrest\hamcrest-core\2.2\hamcrest-core-2.2.jar;C:\Users\indov\.m2\repository\org\codehaus\plexus\plexus-velocity\1.2\plexus-velocity-1.2.jar;C:\Users\indov\.m2\repository\org\apache\velocity\velocity\1.7\velocity-1.7.jar;C:\Users\indov\.m2\repository\commons-lang\commons-lang\2.4\commons-lang-2.4.jar;C:\Users\indov\.m2\repository\org\apache\velocity\velocity-tools\2.0\velocity-tools-2.0.jar;C:\Users\indov\.m2\repository\commons-beanutils\commons-beanutils\1.7.0\commons-beanutils-1.7.0.jar;C:\Users\indov\.m2\repository\commons-digester\commons-digester\1.8\commons-digester-1.8.jar;C:\Users\indov\.m2\repository\commons-chain\commons-chain\1.1\commons-chain-1.1.jar;C:\Users\indov\.m2\repository\dom4j\dom4j\1.1\dom4j-1.1.jar;C:\Users\indov\.m2\repository\oro\oro\2.0.8\oro-2.0.8.jar;C:\Users\indov\.m2\repository\commons-collections\commons-collections\3.2.2\commons-collections-3.2.2.jar;C:\Users\indov\.m2\repository\org\apache\maven\wagon\wagon-provider-api\2.4\wagon-provider-api-2.4.jar;C:\Users\indov\.m2\repository\org\apache\commons\commons-lang3\3.12.0\commons-lang3-3.12.0.jar;C:\Users\indov\.m2\repository\org\apache\commons\commons-text\1.10.0\commons-text-1.10.0.jar;C:\Users\indov\.m2\repository\org\apache\httpcomponents\httpclient\4.5.14\httpclient-4.5.14.jar;C:\Users\indov\.m2\repository\commons-logging\commons-logging\1.2\commons-logging-1.2.jar;C:\Users\indov\.m2\repository\commons-codec\commons-codec\1.15\commons-codec-1.15.jar;C:\Users\indov\.m2\repository\org\apache\httpcomponents\httpcore\4.4.16\httpcore-4.4.16.jar;C:\Users\indov\.m2\repository\com\thoughtworks\qdox\qdox\2.0.3\qdox-2.0.3.jar;C:\Users\indov\.m2\repository\org\codehaus\plexus\plexus-java\1.1.2\plexus-java-1.1.2.jar;C:\Users\indov\.m2\repository\org\codehaus\plexus\plexus-utils\3.5.0\plexus-utils-3.5.0.jar;C:\Users\indov\.m2\repository\commons-io\commons-io\2.11.0\commons-io-2.11.0.jar;C:\Users\indov\.m2\repository\org\codehaus\plexus\plexus-interactivity-api\1.1\plexus-interactivity-api-1.1.jar;C:\Users\indov\.m2\repository\org\springframework\boot\spring-boot-starter-actuator\3.1.2\spring-boot-starter-actuator-3.1.2.jar;C:\Users\indov\.m2\repository\org\springframework\boot\spring-boot-actuator-autoconfigure\3.1.1\spring-boot-actuator-autoconfigure-3.1.1.jar;C:\Users\indov\.m2\repository\org\springframework\boot\spring-boot-actuator\3.1.1\spring-boot-actuator-3.1.1.jar;C:\Users\indov\.m2\repository\io\micrometer\micrometer-observation\1.11.1\micrometer-observation-1.11.1.jar;C:\Users\indov\.m2\repository\io\micrometer\micrometer-commons\1.11.1\micrometer-commons-1.11.1.jar;C:\Users\indov\.m2\repository\io\micrometer\micrometer-core\1.11.1\micrometer-core-1.11.1.jar;C:\Users\indov\.m2\repository\org\hdrhistogram\HdrHistogram\2.1.12\HdrHistogram-2.1.12.jar;C:\Users\indov\.m2\repository\org\latencyutils\LatencyUtils\2.0.3\LatencyUtils-2.0.3.jar;"/>
    <property name="sun.cpu.endian" value="little"/>
    <property name="user.home" value="C:\Users\indov"/>
    <property name="user.language" value="fr"/>
    <property name="java.specification.vendor" value="Oracle Corporation"/>
    <property name="java.version.date" value="2023-01-17"/>
    <property name="java.home" value="C:\Program Files\Eclipse Adoptium\jdk-17.0.6.10-hotspot"/>
    <property name="file.separator" value="\"/>
    <property name="basedir" value="C:\Users\indov\git\SafetyNetAlerts\SafetyNetAlerts"/>
    <property name="java.vm.compressedOopsMode" value="Zero based"/>
    <property name="line.separator" value="&#10;"/>
    <property name="java.vm.specification.vendor" value="Oracle Corporation"/>
    <property name="java.specification.name" value="Java Platform API Specification"/>
    <property name="FILE_LOG_CHARSET" value="windows-1252"/>
    <property name="java.awt.headless" value="true"/>
    <property name="surefire.real.class.path" value="C:\Users\indov\AppData\Local\Temp\surefire18146822551236105000\surefirebooter-20230812211832734_3.jar"/>
    <property name="user.script" value=""/>
    <property name="sun.management.compiler" value="HotSpot 64-Bit Tiered Compilers"/>
    <property name="java.runtime.version" value="17.0.6+10"/>
    <property name="user.name" value="indov"/>
    <property name="path.separator" value=";"/>
    <property name="os.version" value="10.0"/>
    <property name="java.runtime.name" value="OpenJDK Runtime Environment"/>
    <property name="file.encoding" value="Cp1252"/>
    <property name="java.vm.name" value="OpenJDK 64-Bit Server VM"/>
    <property name="java.vendor.version" value="Temurin-17.0.6+10"/>
    <property name="LOG_FILE" value="SafetynetAlertsApplication.log"/>
    <property name="localRepository" value="C:\Users\indov\.m2\repository"/>
    <property name="java.vendor.url.bug" value="https://github.com/adoptium/adoptium-support/issues"/>
    <property name="java.io.tmpdir" value="C:\Users\indov\AppData\Local\Temp\"/>
    <property name="java.version" value="17.0.6"/>
    <property name="user.dir" value="C:\Users\indov\git\SafetyNetAlerts\SafetyNetAlerts"/>
    <property name="os.arch" value="amd64"/>
    <property name="java.vm.specification.name" value="Java Virtual Machine Specification"/>
    <property name="PID" value="11832"/>
    <property name="sun.os.patch.level" value=""/>
    <property name="CONSOLE_LOG_CHARSET" value="windows-1252"/>
    <property name="native.encoding" value="Cp1252"/>
    <property name="java.library.path" value="C:\Program Files\Eclipse Adoptium\jdk-17.0.6.10-hotspot\bin;C:\WINDOWS\Sun\Java\bin;C:\WINDOWS\system32;C:\WINDOWS;C:\Program Files\Eclipse Adoptium\jdk-17.0.6.10-hotspot\bin;C:\WINDOWS\system32;C:\WINDOWS;C:\WINDOWS\System32\Wbem;C:\WINDOWS\System32\WindowsPowerShell\v1.0\;C:\WINDOWS\System32\OpenSSH\;C:\Program Files\Git\cmd;C:\Users\indov\AppData\Roaming\nvm;C:\Program Files\nodejs;C:\Program Files\Docker\Docker\resources\bin;C:\Users\indov\AppData\Local\Microsoft\WindowsApps;C:\Users\indov\AppData\Local\Programs\Microsoft VS Code\bin;C:\Users\indov\AppData\Roaming\nvm;C:\Program Files\nodejs;C:\maven\apache-maven-3.9.2\bin;;."/>
    <property name="java.vm.info" value="mixed mode, sharing"/>
    <property name="java.vendor" value="Eclipse Adoptium"/>
    <property name="java.vm.version" value="17.0.6+10"/>
    <property name="sun.io.unicode.encoding" value="UnicodeLittle"/>
    <property name="java.class.version" value="61.0"/>
  </properties>
  <testcase name="testGetChildrenFromAddressShouldPass" classname="com.safetynet.SafetyNetAlerts.SafetyNetAlertsControllerTest" time="0.217">
    <system-out><![CDATA[
  .   ____          _            __ _ _
 /\\ / ___'_ __ _ _(_)_ __  __ _ \ \ \ \
( ( )\___ | '_ | '_| | '_ \/ _` | \ \ \ \
 \\/  ___)| |_)| | | | | || (_| |  ) ) ) )
  '  |____| .__|_| |_|_| |_\__, | / / / /
 =========|_|==============|___/=/_/_/_/
 :: Spring Boot ::                (v3.1.1)

2023-08-12T21:18:43.210+02:00  INFO 11832 --- [           main] c.s.S.SafetyNetAlertsControllerTest      : Starting SafetyNetAlertsControllerTest using Java 17.0.6 with PID 11832 (started by indov in C:\Users\indov\git\SafetyNetAlerts\SafetyNetAlerts)
2023-08-12T21:18:43.211+02:00 DEBUG 11832 --- [           main] c.s.S.SafetyNetAlertsControllerTest      : Running with Spring Boot v3.1.1, Spring v6.0.10
2023-08-12T21:18:43.211+02:00  INFO 11832 --- [           main] c.s.S.SafetyNetAlertsControllerTest      : No active profile set, falling back to 1 default profile: "default"
2023-08-12T21:18:43.509+02:00 DEBUG 11832 --- [           main] c.s.S.SafetyNetAlertsApplication         : copy the data file
2023-08-12T21:18:43.509+02:00 DEBUG 11832 --- [           main] c.s.S.SafetyNetAlertsApplication         : create a list of persons
2023-08-12T21:18:43.511+02:00 DEBUG 11832 --- [           main] c.s.S.SafetyNetAlertsApplication         : create a list of fire stations
2023-08-12T21:18:43.514+02:00 DEBUG 11832 --- [           main] c.s.S.SafetyNetAlertsApplication         : create a list of medical records
2023-08-12T21:18:43.515+02:00 DEBUG 11832 --- [           main] c.s.S.SafetyNetAlertsApplication         : the constructor SafetyNetAlertsCatalog succeeded
2023-08-12T21:18:43.726+02:00  INFO 11832 --- [           main] c.s.S.SafetyNetAlertsControllerTest      : Started SafetyNetAlertsControllerTest in 0.537 seconds (process running for 10.861)
2023-08-12T21:18:43.874+02:00  INFO 11832 --- [           main] c.s.S.SafetyNetAlertsApplication         : request the list of children living at 1509 Culver St
2023-08-12T21:18:43.874+02:00 DEBUG 11832 --- [           main] c.s.S.SafetyNetAlertsApplication         : get the list of persons
2023-08-12T21:18:43.874+02:00 DEBUG 11832 --- [           main] c.s.S.SafetyNetAlertsApplication         : get the list of persons living at 1509 Culver St
2023-08-12T21:18:43.874+02:00 DEBUG 11832 --- [           main] c.s.S.SafetyNetAlertsApplication         : get the list of medical records
2023-08-12T21:18:43.875+02:00 DEBUG 11832 --- [           main] c.s.S.SafetyNetAlertsApplication         : the person named John Boyd is 39 years old
2023-08-12T21:18:43.875+02:00 DEBUG 11832 --- [           main] c.s.S.SafetyNetAlertsApplication         : the person named John Boyd is allergic to [nillacilan]
2023-08-12T21:18:43.875+02:00 DEBUG 11832 --- [           main] c.s.S.SafetyNetAlertsApplication         : the person named John Boyd is taking the following medications [aznol:350mg, hydrapermazol:100mg]
2023-08-12T21:18:43.875+02:00 DEBUG 11832 --- [           main] c.s.S.SafetyNetAlertsApplication         : get the list of medical records
2023-08-12T21:18:43.875+02:00 DEBUG 11832 --- [           main] c.s.S.SafetyNetAlertsApplication         : the person named Jacob Boyd is 34 years old
2023-08-12T21:18:43.875+02:00 DEBUG 11832 --- [           main] c.s.S.SafetyNetAlertsApplication         : the person named Jacob Boyd is allergic to []
2023-08-12T21:18:43.875+02:00 DEBUG 11832 --- [           main] c.s.S.SafetyNetAlertsApplication         : the person named Jacob Boyd is taking the following medications [pharmacol:5000mg, terazine:10mg, noznazol:250mg]
2023-08-12T21:18:43.875+02:00 DEBUG 11832 --- [           main] c.s.S.SafetyNetAlertsApplication         : get the list of medical records
2023-08-12T21:18:43.876+02:00 DEBUG 11832 --- [           main] c.s.S.SafetyNetAlertsApplication         : the person named Tenley Boyd is 11 years old
2023-08-12T21:18:43.877+02:00 DEBUG 11832 --- [           main] c.s.S.SafetyNetAlertsApplication         : the person named Tenley Boyd is allergic to [peanut]
2023-08-12T21:18:43.877+02:00 DEBUG 11832 --- [           main] c.s.S.SafetyNetAlertsApplication         : the person named Tenley Boyd is taking the following medications []
2023-08-12T21:18:43.877+02:00 DEBUG 11832 --- [           main] c.s.S.SafetyNetAlertsApplication         : get the list of medical records
2023-08-12T21:18:43.877+02:00 DEBUG 11832 --- [           main] c.s.S.SafetyNetAlertsApplication         : the person named Roger Boyd is 5 years old
2023-08-12T21:18:43.877+02:00 DEBUG 11832 --- [           main] c.s.S.SafetyNetAlertsApplication         : the person named Roger Boyd is allergic to []
2023-08-12T21:18:43.877+02:00 DEBUG 11832 --- [           main] c.s.S.SafetyNetAlertsApplication         : the person named Roger Boyd is taking the following medications []
2023-08-12T21:18:43.877+02:00 DEBUG 11832 --- [           main] c.s.S.SafetyNetAlertsApplication         : get the list of medical records
2023-08-12T21:18:43.877+02:00 DEBUG 11832 --- [           main] c.s.S.SafetyNetAlertsApplication         : the person named Felicia Boyd is 37 years old
2023-08-12T21:18:43.877+02:00 DEBUG 11832 --- [           main] c.s.S.SafetyNetAlertsApplication         : the person named Felicia Boyd is allergic to [xilliathal]
2023-08-12T21:18:43.877+02:00 DEBUG 11832 --- [           main] c.s.S.SafetyNetAlertsApplication         : the person named Felicia Boyd is taking the following medications [tetracyclaz:650mg]
2023-08-12T21:18:43.878+02:00  INFO 11832 --- [           main] c.s.S.SafetyNetAlertsApplication         : response with 2 child(ren) from persons living at 1509 Culver St
]]></system-out>
  </testcase>
  <testcase name="testGetInformationFromNameShouldPass" classname="com.safetynet.SafetyNetAlerts.SafetyNetAlertsControllerTest" time="0.016">
    <system-out><![CDATA[
  .   ____          _            __ _ _
 /\\ / ___'_ __ _ _(_)_ __  __ _ \ \ \ \
( ( )\___ | '_ | '_| | '_ \/ _` | \ \ \ \
 \\/  ___)| |_)| | | | | || (_| |  ) ) ) )
  '  |____| .__|_| |_|_| |_\__, | / / / /
 =========|_|==============|___/=/_/_/_/
 :: Spring Boot ::                (v3.1.1)

2023-08-12T21:18:43.975+02:00  INFO 11832 --- [           main] c.s.S.SafetyNetAlertsControllerTest      : Starting SafetyNetAlertsControllerTest using Java 17.0.6 with PID 11832 (started by indov in C:\Users\indov\git\SafetyNetAlerts\SafetyNetAlerts)
2023-08-12T21:18:43.975+02:00 DEBUG 11832 --- [           main] c.s.S.SafetyNetAlertsControllerTest      : Running with Spring Boot v3.1.1, Spring v6.0.10
2023-08-12T21:18:43.975+02:00  INFO 11832 --- [           main] c.s.S.SafetyNetAlertsControllerTest      : No active profile set, falling back to 1 default profile: "default"
2023-08-12T21:18:44.222+02:00 DEBUG 11832 --- [           main] c.s.S.SafetyNetAlertsApplication         : copy the data file
2023-08-12T21:18:44.222+02:00 DEBUG 11832 --- [           main] c.s.S.SafetyNetAlertsApplication         : create a list of persons
2023-08-12T21:18:44.224+02:00 DEBUG 11832 --- [           main] c.s.S.SafetyNetAlertsApplication         : create a list of fire stations
2023-08-12T21:18:44.225+02:00 DEBUG 11832 --- [           main] c.s.S.SafetyNetAlertsApplication         : create a list of medical records
2023-08-12T21:18:44.227+02:00 DEBUG 11832 --- [           main] c.s.S.SafetyNetAlertsApplication         : the constructor SafetyNetAlertsCatalog succeeded
2023-08-12T21:18:44.423+02:00  INFO 11832 --- [           main] c.s.S.SafetyNetAlertsControllerTest      : Started SafetyNetAlertsControllerTest in 0.474 seconds (process running for 11.558)
2023-08-12T21:18:44.431+02:00  INFO 11832 --- [           main] c.s.S.SafetyNetAlertsApplication         : request the information about the persons named john boyd
2023-08-12T21:18:44.431+02:00 DEBUG 11832 --- [           main] c.s.S.SafetyNetAlertsApplication         : get the list of persons
2023-08-12T21:18:44.431+02:00 DEBUG 11832 --- [           main] c.s.S.SafetyNetAlertsApplication         : get the list of medical records
2023-08-12T21:18:44.431+02:00 DEBUG 11832 --- [           main] c.s.S.SafetyNetAlertsApplication         : the person named john boyd is 39 years old
2023-08-12T21:18:44.432+02:00 DEBUG 11832 --- [           main] c.s.S.SafetyNetAlertsApplication         : the person named john boyd is allergic to [nillacilan]
2023-08-12T21:18:44.432+02:00 DEBUG 11832 --- [           main] c.s.S.SafetyNetAlertsApplication         : the person named john boyd is taking the following medications [aznol:350mg, hydrapermazol:100mg]
2023-08-12T21:18:44.432+02:00  INFO 11832 --- [           main] c.s.S.SafetyNetAlertsApplication         : response with the information about 1 person(s) named john boyd
]]></system-out>
  </testcase>
  <testcase name="testUpdateMedicalRecordWithPersonUnknownShouldFail" classname="com.safetynet.SafetyNetAlerts.SafetyNetAlertsControllerTest" time="0.059">
    <system-out><![CDATA[
  .   ____          _            __ _ _
 /\\ / ___'_ __ _ _(_)_ __  __ _ \ \ \ \
( ( )\___ | '_ | '_| | '_ \/ _` | \ \ \ \
 \\/  ___)| |_)| | | | | || (_| |  ) ) ) )
  '  |____| .__|_| |_|_| |_\__, | / / / /
 =========|_|==============|___/=/_/_/_/
 :: Spring Boot ::                (v3.1.1)

2023-08-12T21:18:44.470+02:00  INFO 11832 --- [           main] c.s.S.SafetyNetAlertsControllerTest      : Starting SafetyNetAlertsControllerTest using Java 17.0.6 with PID 11832 (started by indov in C:\Users\indov\git\SafetyNetAlerts\SafetyNetAlerts)
2023-08-12T21:18:44.471+02:00 DEBUG 11832 --- [           main] c.s.S.SafetyNetAlertsControllerTest      : Running with Spring Boot v3.1.1, Spring v6.0.10
2023-08-12T21:18:44.471+02:00  INFO 11832 --- [           main] c.s.S.SafetyNetAlertsControllerTest      : No active profile set, falling back to 1 default profile: "default"
2023-08-12T21:18:44.681+02:00 DEBUG 11832 --- [           main] c.s.S.SafetyNetAlertsApplication         : copy the data file
2023-08-12T21:18:44.681+02:00 DEBUG 11832 --- [           main] c.s.S.SafetyNetAlertsApplication         : create a list of persons
2023-08-12T21:18:44.682+02:00 DEBUG 11832 --- [           main] c.s.S.SafetyNetAlertsApplication         : create a list of fire stations
2023-08-12T21:18:44.684+02:00 DEBUG 11832 --- [           main] c.s.S.SafetyNetAlertsApplication         : create a list of medical records
2023-08-12T21:18:44.685+02:00 DEBUG 11832 --- [           main] c.s.S.SafetyNetAlertsApplication         : the constructor SafetyNetAlertsCatalog succeeded
2023-08-12T21:18:44.860+02:00  INFO 11832 --- [           main] c.s.S.SafetyNetAlertsControllerTest      : Started SafetyNetAlertsControllerTest in 0.415 seconds (process running for 11.994)
2023-08-12T21:18:44.909+02:00  INFO 11832 --- [           main] c.s.S.SafetyNetAlertsApplication         : request an update for the medical record about the person named firstNameUnknown lastNameUnknown
2023-08-12T21:18:44.910+02:00 ERROR 11832 --- [           main] c.s.S.SafetyNetAlertsApplication         : the person named firstNameUnknown lastNameUnknown hasn't a medical record in our system
]]></system-out>
  </testcase>
  <testcase name="testCreateFirestationShouldPass" classname="com.safetynet.SafetyNetAlerts.SafetyNetAlertsControllerTest" time="0.01">
    <system-out><![CDATA[
  .   ____          _            __ _ _
 /\\ / ___'_ __ _ _(_)_ __  __ _ \ \ \ \
( ( )\___ | '_ | '_| | '_ \/ _` | \ \ \ \
 \\/  ___)| |_)| | | | | || (_| |  ) ) ) )
  '  |____| .__|_| |_|_| |_\__, | / / / /
 =========|_|==============|___/=/_/_/_/
 :: Spring Boot ::                (v3.1.1)

2023-08-12T21:18:44.941+02:00  INFO 11832 --- [           main] c.s.S.SafetyNetAlertsControllerTest      : Starting SafetyNetAlertsControllerTest using Java 17.0.6 with PID 11832 (started by indov in C:\Users\indov\git\SafetyNetAlerts\SafetyNetAlerts)
2023-08-12T21:18:44.942+02:00 DEBUG 11832 --- [           main] c.s.S.SafetyNetAlertsControllerTest      : Running with Spring Boot v3.1.1, Spring v6.0.10
2023-08-12T21:18:44.942+02:00  INFO 11832 --- [           main] c.s.S.SafetyNetAlertsControllerTest      : No active profile set, falling back to 1 default profile: "default"
2023-08-12T21:18:45.160+02:00 DEBUG 11832 --- [           main] c.s.S.SafetyNetAlertsApplication         : copy the data file
2023-08-12T21:18:45.161+02:00 DEBUG 11832 --- [           main] c.s.S.SafetyNetAlertsApplication         : create a list of persons
2023-08-12T21:18:45.162+02:00 DEBUG 11832 --- [           main] c.s.S.SafetyNetAlertsApplication         : create a list of fire stations
2023-08-12T21:18:45.163+02:00 DEBUG 11832 --- [           main] c.s.S.SafetyNetAlertsApplication         : create a list of medical records
2023-08-12T21:18:45.164+02:00 DEBUG 11832 --- [           main] c.s.S.SafetyNetAlertsApplication         : the constructor SafetyNetAlertsCatalog succeeded
2023-08-12T21:18:45.314+02:00  INFO 11832 --- [           main] c.s.S.SafetyNetAlertsControllerTest      : Started SafetyNetAlertsControllerTest in 0.389 seconds (process running for 12.448)
2023-08-12T21:18:45.321+02:00  INFO 11832 --- [           main] c.s.S.SafetyNetAlertsApplication         : creating for the mapping firestation/address about the following address "addressTest" has been posted
2023-08-12T21:18:45.322+02:00  INFO 11832 --- [           main] c.s.S.SafetyNetAlertsApplication         : The new mapping firestation/address about the following address "addressTest" has been created correctly
]]></system-out>
  </testcase>
  <testcase name="testGetEmailsFromCityShouldPass" classname="com.safetynet.SafetyNetAlerts.SafetyNetAlertsControllerTest" time="0.011">
    <system-out><![CDATA[
  .   ____          _            __ _ _
 /\\ / ___'_ __ _ _(_)_ __  __ _ \ \ \ \
( ( )\___ | '_ | '_| | '_ \/ _` | \ \ \ \
 \\/  ___)| |_)| | | | | || (_| |  ) ) ) )
  '  |____| .__|_| |_|_| |_\__, | / / / /
 =========|_|==============|___/=/_/_/_/
 :: Spring Boot ::                (v3.1.1)

2023-08-12T21:18:45.354+02:00  INFO 11832 --- [           main] c.s.S.SafetyNetAlertsControllerTest      : Starting SafetyNetAlertsControllerTest using Java 17.0.6 with PID 11832 (started by indov in C:\Users\indov\git\SafetyNetAlerts\SafetyNetAlerts)
2023-08-12T21:18:45.354+02:00 DEBUG 11832 --- [           main] c.s.S.SafetyNetAlertsControllerTest      : Running with Spring Boot v3.1.1, Spring v6.0.10
2023-08-12T21:18:45.355+02:00  INFO 11832 --- [           main] c.s.S.SafetyNetAlertsControllerTest      : No active profile set, falling back to 1 default profile: "default"
2023-08-12T21:18:45.572+02:00 DEBUG 11832 --- [           main] c.s.S.SafetyNetAlertsApplication         : copy the data file
2023-08-12T21:18:45.573+02:00 DEBUG 11832 --- [           main] c.s.S.SafetyNetAlertsApplication         : create a list of persons
2023-08-12T21:18:45.574+02:00 DEBUG 11832 --- [           main] c.s.S.SafetyNetAlertsApplication         : create a list of fire stations
2023-08-12T21:18:45.574+02:00 DEBUG 11832 --- [           main] c.s.S.SafetyNetAlertsApplication         : create a list of medical records
2023-08-12T21:18:45.576+02:00 DEBUG 11832 --- [           main] c.s.S.SafetyNetAlertsApplication         : the constructor SafetyNetAlertsCatalog succeeded
2023-08-12T21:18:45.715+02:00  INFO 11832 --- [           main] c.s.S.SafetyNetAlertsControllerTest      : Started SafetyNetAlertsControllerTest in 0.387 seconds (process running for 12.85)
2023-08-12T21:18:45.720+02:00  INFO 11832 --- [           main] c.s.S.SafetyNetAlertsApplication         : request the list of emails from persons living in Culver
2023-08-12T21:18:45.721+02:00 DEBUG 11832 --- [           main] c.s.S.SafetyNetAlertsApplication         : get the list of persons
2023-08-12T21:18:45.721+02:00  INFO 11832 --- [           main] c.s.S.SafetyNetAlertsApplication         : response with 15 email(s) from persons living in Culver
]]></system-out>
  </testcase>
  <testcase name="testGetPersonsWithFireStationFromAddressWithoutParameterShouldFail" classname="com.safetynet.SafetyNetAlerts.SafetyNetAlertsControllerTest" time="0.015">
    <system-out><![CDATA[
  .   ____          _            __ _ _
 /\\ / ___'_ __ _ _(_)_ __  __ _ \ \ \ \
( ( )\___ | '_ | '_| | '_ \/ _` | \ \ \ \
 \\/  ___)| |_)| | | | | || (_| |  ) ) ) )
  '  |____| .__|_| |_|_| |_\__, | / / / /
 =========|_|==============|___/=/_/_/_/
 :: Spring Boot ::                (v3.1.1)

2023-08-12T21:18:45.748+02:00  INFO 11832 --- [           main] c.s.S.SafetyNetAlertsControllerTest      : Starting SafetyNetAlertsControllerTest using Java 17.0.6 with PID 11832 (started by indov in C:\Users\indov\git\SafetyNetAlerts\SafetyNetAlerts)
2023-08-12T21:18:45.748+02:00 DEBUG 11832 --- [           main] c.s.S.SafetyNetAlertsControllerTest      : Running with Spring Boot v3.1.1, Spring v6.0.10
2023-08-12T21:18:45.748+02:00  INFO 11832 --- [           main] c.s.S.SafetyNetAlertsControllerTest      : No active profile set, falling back to 1 default profile: "default"
2023-08-12T21:18:45.982+02:00 DEBUG 11832 --- [           main] c.s.S.SafetyNetAlertsApplication         : copy the data file
2023-08-12T21:18:45.982+02:00 DEBUG 11832 --- [           main] c.s.S.SafetyNetAlertsApplication         : create a list of persons
2023-08-12T21:18:45.983+02:00 DEBUG 11832 --- [           main] c.s.S.SafetyNetAlertsApplication         : create a list of fire stations
2023-08-12T21:18:45.984+02:00 DEBUG 11832 --- [           main] c.s.S.SafetyNetAlertsApplication         : create a list of medical records
2023-08-12T21:18:45.985+02:00 DEBUG 11832 --- [           main] c.s.S.SafetyNetAlertsApplication         : the constructor SafetyNetAlertsCatalog succeeded
2023-08-12T21:18:46.119+02:00  INFO 11832 --- [           main] c.s.S.SafetyNetAlertsControllerTest      : Started SafetyNetAlertsControllerTest in 0.39 seconds (process running for 13.254)
]]></system-out>
  </testcase>
  <testcase name="testDeletePersonShouldPass" classname="com.safetynet.SafetyNetAlerts.SafetyNetAlertsControllerTest" time="0.01">
    <system-out><![CDATA[
  .   ____          _            __ _ _
 /\\ / ___'_ __ _ _(_)_ __  __ _ \ \ \ \
( ( )\___ | '_ | '_| | '_ \/ _` | \ \ \ \
 \\/  ___)| |_)| | | | | || (_| |  ) ) ) )
  '  |____| .__|_| |_|_| |_\__, | / / / /
 =========|_|==============|___/=/_/_/_/
 :: Spring Boot ::                (v3.1.1)

2023-08-12T21:18:46.160+02:00  INFO 11832 --- [           main] c.s.S.SafetyNetAlertsControllerTest      : Starting SafetyNetAlertsControllerTest using Java 17.0.6 with PID 11832 (started by indov in C:\Users\indov\git\SafetyNetAlerts\SafetyNetAlerts)
2023-08-12T21:18:46.161+02:00 DEBUG 11832 --- [           main] c.s.S.SafetyNetAlertsControllerTest      : Running with Spring Boot v3.1.1, Spring v6.0.10
2023-08-12T21:18:46.161+02:00  INFO 11832 --- [           main] c.s.S.SafetyNetAlertsControllerTest      : No active profile set, falling back to 1 default profile: "default"
2023-08-12T21:18:46.377+02:00 DEBUG 11832 --- [           main] c.s.S.SafetyNetAlertsApplication         : copy the data file
2023-08-12T21:18:46.378+02:00 DEBUG 11832 --- [           main] c.s.S.SafetyNetAlertsApplication         : create a list of persons
2023-08-12T21:18:46.379+02:00 DEBUG 11832 --- [           main] c.s.S.SafetyNetAlertsApplication         : create a list of fire stations
2023-08-12T21:18:46.380+02:00 DEBUG 11832 --- [           main] c.s.S.SafetyNetAlertsApplication         : create a list of medical records
2023-08-12T21:18:46.381+02:00 DEBUG 11832 --- [           main] c.s.S.SafetyNetAlertsApplication         : the constructor SafetyNetAlertsCatalog succeeded
2023-08-12T21:18:46.509+02:00  INFO 11832 --- [           main] c.s.S.SafetyNetAlertsControllerTest      : Started SafetyNetAlertsControllerTest in 0.369 seconds (process running for 13.644)
2023-08-12T21:18:46.517+02:00  INFO 11832 --- [           main] c.s.S.SafetyNetAlertsApplication         : request a deletion for the person named John Boyd
2023-08-12T21:18:46.517+02:00  INFO 11832 --- [           main] c.s.S.SafetyNetAlertsApplication         : The person named John Boyd has been deleted correctly
]]></system-out>
  </testcase>
  <testcase name="testUpdateFirestationWithAddressUnknownShouldFail" classname="com.safetynet.SafetyNetAlerts.SafetyNetAlertsControllerTest" time="0.01">
    <system-out><![CDATA[
  .   ____          _            __ _ _
 /\\ / ___'_ __ _ _(_)_ __  __ _ \ \ \ \
( ( )\___ | '_ | '_| | '_ \/ _` | \ \ \ \
 \\/  ___)| |_)| | | | | || (_| |  ) ) ) )
  '  |____| .__|_| |_|_| |_\__, | / / / /
 =========|_|==============|___/=/_/_/_/
 :: Spring Boot ::                (v3.1.1)

2023-08-12T21:18:46.561+02:00  INFO 11832 --- [           main] c.s.S.SafetyNetAlertsControllerTest      : Starting SafetyNetAlertsControllerTest using Java 17.0.6 with PID 11832 (started by indov in C:\Users\indov\git\SafetyNetAlerts\SafetyNetAlerts)
2023-08-12T21:18:46.561+02:00 DEBUG 11832 --- [           main] c.s.S.SafetyNetAlertsControllerTest      : Running with Spring Boot v3.1.1, Spring v6.0.10
2023-08-12T21:18:46.561+02:00  INFO 11832 --- [           main] c.s.S.SafetyNetAlertsControllerTest      : No active profile set, falling back to 1 default profile: "default"
2023-08-12T21:18:46.774+02:00 DEBUG 11832 --- [           main] c.s.S.SafetyNetAlertsApplication         : copy the data file
2023-08-12T21:18:46.775+02:00 DEBUG 11832 --- [           main] c.s.S.SafetyNetAlertsApplication         : create a list of persons
2023-08-12T21:18:46.776+02:00 DEBUG 11832 --- [           main] c.s.S.SafetyNetAlertsApplication         : create a list of fire stations
2023-08-12T21:18:46.777+02:00 DEBUG 11832 --- [           main] c.s.S.SafetyNetAlertsApplication         : create a list of medical records
2023-08-12T21:18:46.779+02:00 DEBUG 11832 --- [           main] c.s.S.SafetyNetAlertsApplication         : the constructor SafetyNetAlertsCatalog succeeded
2023-08-12T21:18:46.906+02:00  INFO 11832 --- [           main] c.s.S.SafetyNetAlertsControllerTest      : Started SafetyNetAlertsControllerTest in 0.383 seconds (process running for 14.041)
2023-08-12T21:18:46.912+02:00  INFO 11832 --- [           main] c.s.S.SafetyNetAlertsApplication         : request an update for the mapping firestation/address about the following address "addressUnknown"
2023-08-12T21:18:46.914+02:00 ERROR 11832 --- [           main] c.s.S.SafetyNetAlertsApplication         : the following address "addressUnknown" about this mapping doesn't exist in our system
]]></system-out>
  </testcase>
  <testcase name="testDeleteFirestationWithoutBodyShouldFail" classname="com.safetynet.SafetyNetAlerts.SafetyNetAlertsControllerTest" time="0.007">
    <system-out><![CDATA[
  .   ____          _            __ _ _
 /\\ / ___'_ __ _ _(_)_ __  __ _ \ \ \ \
( ( )\___ | '_ | '_| | '_ \/ _` | \ \ \ \
 \\/  ___)| |_)| | | | | || (_| |  ) ) ) )
  '  |____| .__|_| |_|_| |_\__, | / / / /
 =========|_|==============|___/=/_/_/_/
 :: Spring Boot ::                (v3.1.1)

2023-08-12T21:18:46.934+02:00  INFO 11832 --- [           main] c.s.S.SafetyNetAlertsControllerTest      : Starting SafetyNetAlertsControllerTest using Java 17.0.6 with PID 11832 (started by indov in C:\Users\indov\git\SafetyNetAlerts\SafetyNetAlerts)
2023-08-12T21:18:46.934+02:00 DEBUG 11832 --- [           main] c.s.S.SafetyNetAlertsControllerTest      : Running with Spring Boot v3.1.1, Spring v6.0.10
2023-08-12T21:18:46.934+02:00  INFO 11832 --- [           main] c.s.S.SafetyNetAlertsControllerTest      : No active profile set, falling back to 1 default profile: "default"
2023-08-12T21:18:47.117+02:00 DEBUG 11832 --- [           main] c.s.S.SafetyNetAlertsApplication         : copy the data file
2023-08-12T21:18:47.118+02:00 DEBUG 11832 --- [           main] c.s.S.SafetyNetAlertsApplication         : create a list of persons
2023-08-12T21:18:47.120+02:00 DEBUG 11832 --- [           main] c.s.S.SafetyNetAlertsApplication         : create a list of fire stations
2023-08-12T21:18:47.122+02:00 DEBUG 11832 --- [           main] c.s.S.SafetyNetAlertsApplication         : create a list of medical records
2023-08-12T21:18:47.124+02:00 DEBUG 11832 --- [           main] c.s.S.SafetyNetAlertsApplication         : the constructor SafetyNetAlertsCatalog succeeded
2023-08-12T21:18:47.286+02:00  INFO 11832 --- [           main] c.s.S.SafetyNetAlertsControllerTest      : Started SafetyNetAlertsControllerTest in 0.367 seconds (process running for 14.422)
]]></system-out>
  </testcase>
  <testcase name="testGetPersonsWithCounterFromStationShouldPass" classname="com.safetynet.SafetyNetAlerts.SafetyNetAlertsControllerTest" time="0.017">
    <system-out><![CDATA[
  .   ____          _            __ _ _
 /\\ / ___'_ __ _ _(_)_ __  __ _ \ \ \ \
( ( )\___ | '_ | '_| | '_ \/ _` | \ \ \ \
 \\/  ___)| |_)| | | | | || (_| |  ) ) ) )
  '  |____| .__|_| |_|_| |_\__, | / / / /
 =========|_|==============|___/=/_/_/_/
 :: Spring Boot ::                (v3.1.1)

2023-08-12T21:18:47.313+02:00  INFO 11832 --- [           main] c.s.S.SafetyNetAlertsControllerTest      : Starting SafetyNetAlertsControllerTest using Java 17.0.6 with PID 11832 (started by indov in C:\Users\indov\git\SafetyNetAlerts\SafetyNetAlerts)
2023-08-12T21:18:47.314+02:00 DEBUG 11832 --- [           main] c.s.S.SafetyNetAlertsControllerTest      : Running with Spring Boot v3.1.1, Spring v6.0.10
2023-08-12T21:18:47.314+02:00  INFO 11832 --- [           main] c.s.S.SafetyNetAlertsControllerTest      : No active profile set, falling back to 1 default profile: "default"
2023-08-12T21:18:47.487+02:00 DEBUG 11832 --- [           main] c.s.S.SafetyNetAlertsApplication         : copy the data file
2023-08-12T21:18:47.487+02:00 DEBUG 11832 --- [           main] c.s.S.SafetyNetAlertsApplication         : create a list of persons
2023-08-12T21:18:47.488+02:00 DEBUG 11832 --- [           main] c.s.S.SafetyNetAlertsApplication         : create a list of fire stations
2023-08-12T21:18:47.489+02:00 DEBUG 11832 --- [           main] c.s.S.SafetyNetAlertsApplication         : create a list of medical records
2023-08-12T21:18:47.490+02:00 DEBUG 11832 --- [           main] c.s.S.SafetyNetAlertsApplication         : the constructor SafetyNetAlertsCatalog succeeded
2023-08-12T21:18:47.610+02:00  INFO 11832 --- [           main] c.s.S.SafetyNetAlertsControllerTest      : Started SafetyNetAlertsControllerTest in 0.313 seconds (process running for 14.745)
2023-08-12T21:18:47.616+02:00  INFO 11832 --- [           main] c.s.S.SafetyNetAlertsApplication         : request a counter of adults and children from the list of persons living near by the fireStation number 3
2023-08-12T21:18:47.616+02:00 DEBUG 11832 --- [           main] c.s.S.SafetyNetAlertsApplication         : get the list of fireStations
2023-08-12T21:18:47.617+02:00 DEBUG 11832 --- [           main] c.s.S.SafetyNetAlertsApplication         : get the list of addresses that are covered by the fireStation number 3
2023-08-12T21:18:47.617+02:00 DEBUG 11832 --- [           main] c.s.S.SafetyNetAlertsApplication         : get the list of persons
2023-08-12T21:18:47.617+02:00 DEBUG 11832 --- [           main] c.s.S.SafetyNetAlertsApplication         : get the list of medical records
2023-08-12T21:18:47.617+02:00 DEBUG 11832 --- [           main] c.s.S.SafetyNetAlertsApplication         : the person named John Boyd is 39 years old
2023-08-12T21:18:47.617+02:00 DEBUG 11832 --- [           main] c.s.S.SafetyNetAlertsApplication         : the person named John Boyd is allergic to [nillacilan]
2023-08-12T21:18:47.617+02:00 DEBUG 11832 --- [           main] c.s.S.SafetyNetAlertsApplication         : the person named John Boyd is taking the following medications [aznol:350mg, hydrapermazol:100mg]
2023-08-12T21:18:47.617+02:00 DEBUG 11832 --- [           main] c.s.S.SafetyNetAlertsApplication         : get the list of medical records
2023-08-12T21:18:47.617+02:00 DEBUG 11832 --- [           main] c.s.S.SafetyNetAlertsApplication         : the person named Jacob Boyd is 34 years old
2023-08-12T21:18:47.617+02:00 DEBUG 11832 --- [           main] c.s.S.SafetyNetAlertsApplication         : the person named Jacob Boyd is allergic to []
2023-08-12T21:18:47.617+02:00 DEBUG 11832 --- [           main] c.s.S.SafetyNetAlertsApplication         : the person named Jacob Boyd is taking the following medications [pharmacol:5000mg, terazine:10mg, noznazol:250mg]
2023-08-12T21:18:47.617+02:00 DEBUG 11832 --- [           main] c.s.S.SafetyNetAlertsApplication         : get the list of medical records
2023-08-12T21:18:47.618+02:00 DEBUG 11832 --- [           main] c.s.S.SafetyNetAlertsApplication         : the person named Tenley Boyd is 11 years old
2023-08-12T21:18:47.618+02:00 DEBUG 11832 --- [           main] c.s.S.SafetyNetAlertsApplication         : the person named Tenley Boyd is allergic to [peanut]
2023-08-12T21:18:47.618+02:00 DEBUG 11832 --- [           main] c.s.S.SafetyNetAlertsApplication         : the person named Tenley Boyd is taking the following medications []
2023-08-12T21:18:47.618+02:00 DEBUG 11832 --- [           main] c.s.S.SafetyNetAlertsApplication         : get the list of medical records
2023-08-12T21:18:47.618+02:00 DEBUG 11832 --- [           main] c.s.S.SafetyNetAlertsApplication         : the person named Roger Boyd is 5 years old
2023-08-12T21:18:47.618+02:00 DEBUG 11832 --- [           main] c.s.S.SafetyNetAlertsApplication         : the person named Roger Boyd is allergic to []
2023-08-12T21:18:47.618+02:00 DEBUG 11832 --- [           main] c.s.S.SafetyNetAlertsApplication         : the person named Roger Boyd is taking the following medications []
2023-08-12T21:18:47.618+02:00 DEBUG 11832 --- [           main] c.s.S.SafetyNetAlertsApplication         : get the list of medical records
2023-08-12T21:18:47.618+02:00 DEBUG 11832 --- [           main] c.s.S.SafetyNetAlertsApplication         : the person named Felicia Boyd is 37 years old
2023-08-12T21:18:47.618+02:00 DEBUG 11832 --- [           main] c.s.S.SafetyNetAlertsApplication         : the person named Felicia Boyd is allergic to [xilliathal]
2023-08-12T21:18:47.618+02:00 DEBUG 11832 --- [           main] c.s.S.SafetyNetAlertsApplication         : the person named Felicia Boyd is taking the following medications [tetracyclaz:650mg]
2023-08-12T21:18:47.618+02:00 DEBUG 11832 --- [           main] c.s.S.SafetyNetAlertsApplication         : get the list of medical records
2023-08-12T21:18:47.619+02:00 DEBUG 11832 --- [           main] c.s.S.SafetyNetAlertsApplication         : the person named Tessa Carman is 11 years old
2023-08-12T21:18:47.619+02:00 DEBUG 11832 --- [           main] c.s.S.SafetyNetAlertsApplication         : the person named Tessa Carman is allergic to []
2023-08-12T21:18:47.619+02:00 DEBUG 11832 --- [           main] c.s.S.SafetyNetAlertsApplication         : the person named Tessa Carman is taking the following medications []
2023-08-12T21:18:47.619+02:00 DEBUG 11832 --- [           main] c.s.S.SafetyNetAlertsApplication         : get the list of medical records
2023-08-12T21:18:47.619+02:00 DEBUG 11832 --- [           main] c.s.S.SafetyNetAlertsApplication         : the person named Foster Shepard is 43 years old
2023-08-12T21:18:47.619+02:00 DEBUG 11832 --- [           main] c.s.S.SafetyNetAlertsApplication         : the person named Foster Shepard is allergic to []
2023-08-12T21:18:47.619+02:00 DEBUG 11832 --- [           main] c.s.S.SafetyNetAlertsApplication         : the person named Foster Shepard is taking the following medications []
2023-08-12T21:18:47.619+02:00 DEBUG 11832 --- [           main] c.s.S.SafetyNetAlertsApplication         : get the list of medical records
2023-08-12T21:18:47.619+02:00 DEBUG 11832 --- [           main] c.s.S.SafetyNetAlertsApplication         : the person named Tony Cooper is 29 years old
2023-08-12T21:18:47.619+02:00 DEBUG 11832 --- [           main] c.s.S.SafetyNetAlertsApplication         : the person named Tony Cooper is allergic to [shellfish]
2023-08-12T21:18:47.619+02:00 DEBUG 11832 --- [           main] c.s.S.SafetyNetAlertsApplication         : the person named Tony Cooper is taking the following medications [hydrapermazol:300mg, dodoxadin:30mg]
2023-08-12T21:18:47.619+02:00 DEBUG 11832 --- [           main] c.s.S.SafetyNetAlertsApplication         : get the list of medical records
2023-08-12T21:18:47.619+02:00 DEBUG 11832 --- [           main] c.s.S.SafetyNetAlertsApplication         : the person named Ron Peters is 58 years old
2023-08-12T21:18:47.619+02:00 DEBUG 11832 --- [           main] c.s.S.SafetyNetAlertsApplication         : the person named Ron Peters is allergic to []
2023-08-12T21:18:47.619+02:00 DEBUG 11832 --- [           main] c.s.S.SafetyNetAlertsApplication         : the person named Ron Peters is taking the following medications []
2023-08-12T21:18:47.619+02:00 DEBUG 11832 --- [           main] c.s.S.SafetyNetAlertsApplication         : get the list of medical records
2023-08-12T21:18:47.620+02:00 DEBUG 11832 --- [           main] c.s.S.SafetyNetAlertsApplication         : the person named Allison Boyd is 58 years old
2023-08-12T21:18:47.620+02:00 DEBUG 11832 --- [           main] c.s.S.SafetyNetAlertsApplication         : the person named Allison Boyd is allergic to [nillacilan]
2023-08-12T21:18:47.620+02:00 DEBUG 11832 --- [           main] c.s.S.SafetyNetAlertsApplication         : the person named Allison Boyd is taking the following medications [aznol:200mg]
2023-08-12T21:18:47.620+02:00 DEBUG 11832 --- [           main] c.s.S.SafetyNetAlertsApplication         : get the list of medical records
2023-08-12T21:18:47.620+02:00 DEBUG 11832 --- [           main] c.s.S.SafetyNetAlertsApplication         : the person named Clive Ferguson is 29 years old
2023-08-12T21:18:47.620+02:00 DEBUG 11832 --- [           main] c.s.S.SafetyNetAlertsApplication         : the person named Clive Ferguson is allergic to []
2023-08-12T21:18:47.620+02:00 DEBUG 11832 --- [           main] c.s.S.SafetyNetAlertsApplication         : the person named Clive Ferguson is taking the following medications []
2023-08-12T21:18:47.620+02:00  INFO 11832 --- [           main] c.s.S.SafetyNetAlertsApplication         : response with 11 person(s) living near by the fireStation number 3 with 3 child(ren) and 8 adult(s)
]]></system-out>
  </testcase>
  <testcase name="testUpdatePersonShouldPass" classname="com.safetynet.SafetyNetAlerts.SafetyNetAlertsControllerTest" time="0.011">
    <system-out><![CDATA[
  .   ____          _            __ _ _
 /\\ / ___'_ __ _ _(_)_ __  __ _ \ \ \ \
( ( )\___ | '_ | '_| | '_ \/ _` | \ \ \ \
 \\/  ___)| |_)| | | | | || (_| |  ) ) ) )
  '  |____| .__|_| |_|_| |_\__, | / / / /
 =========|_|==============|___/=/_/_/_/
 :: Spring Boot ::                (v3.1.1)

2023-08-12T21:18:47.651+02:00  INFO 11832 --- [           main] c.s.S.SafetyNetAlertsControllerTest      : Starting SafetyNetAlertsControllerTest using Java 17.0.6 with PID 11832 (started by indov in C:\Users\indov\git\SafetyNetAlerts\SafetyNetAlerts)
2023-08-12T21:18:47.651+02:00 DEBUG 11832 --- [           main] c.s.S.SafetyNetAlertsControllerTest      : Running with Spring Boot v3.1.1, Spring v6.0.10
2023-08-12T21:18:47.652+02:00  INFO 11832 --- [           main] c.s.S.SafetyNetAlertsControllerTest      : No active profile set, falling back to 1 default profile: "default"
2023-08-12T21:18:47.806+02:00 DEBUG 11832 --- [           main] c.s.S.SafetyNetAlertsApplication         : copy the data file
2023-08-12T21:18:47.806+02:00 DEBUG 11832 --- [           main] c.s.S.SafetyNetAlertsApplication         : create a list of persons
2023-08-12T21:18:47.808+02:00 DEBUG 11832 --- [           main] c.s.S.SafetyNetAlertsApplication         : create a list of fire stations
2023-08-12T21:18:47.808+02:00 DEBUG 11832 --- [           main] c.s.S.SafetyNetAlertsApplication         : create a list of medical records
2023-08-12T21:18:47.809+02:00 DEBUG 11832 --- [           main] c.s.S.SafetyNetAlertsApplication         : the constructor SafetyNetAlertsCatalog succeeded
2023-08-12T21:18:47.932+02:00  INFO 11832 --- [           main] c.s.S.SafetyNetAlertsControllerTest      : Started SafetyNetAlertsControllerTest in 0.3 seconds (process running for 15.067)
2023-08-12T21:18:47.939+02:00  INFO 11832 --- [           main] c.s.S.SafetyNetAlertsApplication         : request an update for the person named John Boyd
2023-08-12T21:18:47.941+02:00  INFO 11832 --- [           main] c.s.S.SafetyNetAlertsApplication         : The person named John Boyd has been updated correctly
]]></system-out>
  </testcase>
  <testcase name="testCreatePersonWithoutBodyShouldFail" classname="com.safetynet.SafetyNetAlerts.SafetyNetAlertsControllerTest" time="0.007">
    <system-out><![CDATA[
  .   ____          _            __ _ _
 /\\ / ___'_ __ _ _(_)_ __  __ _ \ \ \ \
( ( )\___ | '_ | '_| | '_ \/ _` | \ \ \ \
 \\/  ___)| |_)| | | | | || (_| |  ) ) ) )
  '  |____| .__|_| |_|_| |_\__, | / / / /
 =========|_|==============|___/=/_/_/_/
 :: Spring Boot ::                (v3.1.1)

2023-08-12T21:18:47.962+02:00  INFO 11832 --- [           main] c.s.S.SafetyNetAlertsControllerTest      : Starting SafetyNetAlertsControllerTest using Java 17.0.6 with PID 11832 (started by indov in C:\Users\indov\git\SafetyNetAlerts\SafetyNetAlerts)
2023-08-12T21:18:47.963+02:00 DEBUG 11832 --- [           main] c.s.S.SafetyNetAlertsControllerTest      : Running with Spring Boot v3.1.1, Spring v6.0.10
2023-08-12T21:18:47.963+02:00  INFO 11832 --- [           main] c.s.S.SafetyNetAlertsControllerTest      : No active profile set, falling back to 1 default profile: "default"
2023-08-12T21:18:48.123+02:00 DEBUG 11832 --- [           main] c.s.S.SafetyNetAlertsApplication         : copy the data file
2023-08-12T21:18:48.124+02:00 DEBUG 11832 --- [           main] c.s.S.SafetyNetAlertsApplication         : create a list of persons
2023-08-12T21:18:48.127+02:00 DEBUG 11832 --- [           main] c.s.S.SafetyNetAlertsApplication         : create a list of fire stations
2023-08-12T21:18:48.129+02:00 DEBUG 11832 --- [           main] c.s.S.SafetyNetAlertsApplication         : create a list of medical records
2023-08-12T21:18:48.130+02:00 DEBUG 11832 --- [           main] c.s.S.SafetyNetAlertsApplication         : the constructor SafetyNetAlertsCatalog succeeded
2023-08-12T21:18:48.256+02:00  INFO 11832 --- [           main] c.s.S.SafetyNetAlertsControllerTest      : Started SafetyNetAlertsControllerTest in 0.31 seconds (process running for 15.392)
]]></system-out>
  </testcase>
  <testcase name="testDeletePersonWithIncompleteBodyShouldFail" classname="com.safetynet.SafetyNetAlerts.SafetyNetAlertsControllerTest" time="0.009">
    <system-out><![CDATA[
  .   ____          _            __ _ _
 /\\ / ___'_ __ _ _(_)_ __  __ _ \ \ \ \
( ( )\___ | '_ | '_| | '_ \/ _` | \ \ \ \
 \\/  ___)| |_)| | | | | || (_| |  ) ) ) )
  '  |____| .__|_| |_|_| |_\__, | / / / /
 =========|_|==============|___/=/_/_/_/
 :: Spring Boot ::                (v3.1.1)

2023-08-12T21:18:48.283+02:00  INFO 11832 --- [           main] c.s.S.SafetyNetAlertsControllerTest      : Starting SafetyNetAlertsControllerTest using Java 17.0.6 with PID 11832 (started by indov in C:\Users\indov\git\SafetyNetAlerts\SafetyNetAlerts)
2023-08-12T21:18:48.284+02:00 DEBUG 11832 --- [           main] c.s.S.SafetyNetAlertsControllerTest      : Running with Spring Boot v3.1.1, Spring v6.0.10
2023-08-12T21:18:48.284+02:00  INFO 11832 --- [           main] c.s.S.SafetyNetAlertsControllerTest      : No active profile set, falling back to 1 default profile: "default"
2023-08-12T21:18:48.436+02:00 DEBUG 11832 --- [           main] c.s.S.SafetyNetAlertsApplication         : copy the data file
2023-08-12T21:18:48.436+02:00 DEBUG 11832 --- [           main] c.s.S.SafetyNetAlertsApplication         : create a list of persons
2023-08-12T21:18:48.437+02:00 DEBUG 11832 --- [           main] c.s.S.SafetyNetAlertsApplication         : create a list of fire stations
2023-08-12T21:18:48.438+02:00 DEBUG 11832 --- [           main] c.s.S.SafetyNetAlertsApplication         : create a list of medical records
2023-08-12T21:18:48.439+02:00 DEBUG 11832 --- [           main] c.s.S.SafetyNetAlertsApplication         : the constructor SafetyNetAlertsCatalog succeeded
2023-08-12T21:18:48.547+02:00  INFO 11832 --- [           main] c.s.S.SafetyNetAlertsControllerTest      : Started SafetyNetAlertsControllerTest in 0.281 seconds (process running for 15.683)
]]></system-out>
  </testcase>
  <testcase name="testUpdateFirestationWithoutBodyShouldFail" classname="com.safetynet.SafetyNetAlerts.SafetyNetAlertsControllerTest" time="0.007">
    <system-out><![CDATA[
  .   ____          _            __ _ _
 /\\ / ___'_ __ _ _(_)_ __  __ _ \ \ \ \
( ( )\___ | '_ | '_| | '_ \/ _` | \ \ \ \
 \\/  ___)| |_)| | | | | || (_| |  ) ) ) )
  '  |____| .__|_| |_|_| |_\__, | / / / /
 =========|_|==============|___/=/_/_/_/
 :: Spring Boot ::                (v3.1.1)

2023-08-12T21:18:48.576+02:00  INFO 11832 --- [           main] c.s.S.SafetyNetAlertsControllerTest      : Starting SafetyNetAlertsControllerTest using Java 17.0.6 with PID 11832 (started by indov in C:\Users\indov\git\SafetyNetAlerts\SafetyNetAlerts)
2023-08-12T21:18:48.576+02:00 DEBUG 11832 --- [           main] c.s.S.SafetyNetAlertsControllerTest      : Running with Spring Boot v3.1.1, Spring v6.0.10
2023-08-12T21:18:48.576+02:00  INFO 11832 --- [           main] c.s.S.SafetyNetAlertsControllerTest      : No active profile set, falling back to 1 default profile: "default"
2023-08-12T21:18:48.691+02:00 DEBUG 11832 --- [           main] c.s.S.SafetyNetAlertsApplication         : copy the data file
2023-08-12T21:18:48.691+02:00 DEBUG 11832 --- [           main] c.s.S.SafetyNetAlertsApplication         : create a list of persons
2023-08-12T21:18:48.692+02:00 DEBUG 11832 --- [           main] c.s.S.SafetyNetAlertsApplication         : create a list of fire stations
2023-08-12T21:18:48.693+02:00 DEBUG 11832 --- [           main] c.s.S.SafetyNetAlertsApplication         : create a list of medical records
2023-08-12T21:18:48.693+02:00 DEBUG 11832 --- [           main] c.s.S.SafetyNetAlertsApplication         : the constructor SafetyNetAlertsCatalog succeeded
2023-08-12T21:18:48.807+02:00  INFO 11832 --- [           main] c.s.S.SafetyNetAlertsControllerTest      : Started SafetyNetAlertsControllerTest in 0.246 seconds (process running for 15.942)
]]></system-out>
  </testcase>
  <testcase name="testUpdateMedicalRecordShouldPass" classname="com.safetynet.SafetyNetAlerts.SafetyNetAlertsControllerTest" time="0.012">
    <system-out><![CDATA[
  .   ____          _            __ _ _
 /\\ / ___'_ __ _ _(_)_ __  __ _ \ \ \ \
( ( )\___ | '_ | '_| | '_ \/ _` | \ \ \ \
 \\/  ___)| |_)| | | | | || (_| |  ) ) ) )
  '  |____| .__|_| |_|_| |_\__, | / / / /
 =========|_|==============|___/=/_/_/_/
 :: Spring Boot ::                (v3.1.1)

2023-08-12T21:18:48.842+02:00  INFO 11832 --- [           main] c.s.S.SafetyNetAlertsControllerTest      : Starting SafetyNetAlertsControllerTest using Java 17.0.6 with PID 11832 (started by indov in C:\Users\indov\git\SafetyNetAlerts\SafetyNetAlerts)
2023-08-12T21:18:48.842+02:00 DEBUG 11832 --- [           main] c.s.S.SafetyNetAlertsControllerTest      : Running with Spring Boot v3.1.1, Spring v6.0.10
2023-08-12T21:18:48.842+02:00  INFO 11832 --- [           main] c.s.S.SafetyNetAlertsControllerTest      : No active profile set, falling back to 1 default profile: "default"
2023-08-12T21:18:49.017+02:00 DEBUG 11832 --- [           main] c.s.S.SafetyNetAlertsApplication         : copy the data file
2023-08-12T21:18:49.018+02:00 DEBUG 11832 --- [           main] c.s.S.SafetyNetAlertsApplication         : create a list of persons
2023-08-12T21:18:49.019+02:00 DEBUG 11832 --- [           main] c.s.S.SafetyNetAlertsApplication         : create a list of fire stations
2023-08-12T21:18:49.020+02:00 DEBUG 11832 --- [           main] c.s.S.SafetyNetAlertsApplication         : create a list of medical records
2023-08-12T21:18:49.020+02:00 DEBUG 11832 --- [           main] c.s.S.SafetyNetAlertsApplication         : the constructor SafetyNetAlertsCatalog succeeded
2023-08-12T21:18:49.239+02:00  INFO 11832 --- [           main] c.s.S.SafetyNetAlertsControllerTest      : Started SafetyNetAlertsControllerTest in 0.417 seconds (process running for 16.374)
2023-08-12T21:18:49.246+02:00  INFO 11832 --- [           main] c.s.S.SafetyNetAlertsApplication         : request an update for the medical record about the person named John Boyd
2023-08-12T21:18:49.249+02:00  INFO 11832 --- [           main] c.s.S.SafetyNetAlertsApplication         : The medical record about the person named John Boyd has been updated correctly
]]></system-out>
  </testcase>
  <testcase name="testUpdatePersonWithIncompleteBodyShouldFail" classname="com.safetynet.SafetyNetAlerts.SafetyNetAlertsControllerTest" time="0.008">
    <system-out><![CDATA[
  .   ____          _            __ _ _
 /\\ / ___'_ __ _ _(_)_ __  __ _ \ \ \ \
( ( )\___ | '_ | '_| | '_ \/ _` | \ \ \ \
 \\/  ___)| |_)| | | | | || (_| |  ) ) ) )
  '  |____| .__|_| |_|_| |_\__, | / / / /
 =========|_|==============|___/=/_/_/_/
 :: Spring Boot ::                (v3.1.1)

2023-08-12T21:18:49.267+02:00  INFO 11832 --- [           main] c.s.S.SafetyNetAlertsControllerTest      : Starting SafetyNetAlertsControllerTest using Java 17.0.6 with PID 11832 (started by indov in C:\Users\indov\git\SafetyNetAlerts\SafetyNetAlerts)
2023-08-12T21:18:49.267+02:00 DEBUG 11832 --- [           main] c.s.S.SafetyNetAlertsControllerTest      : Running with Spring Boot v3.1.1, Spring v6.0.10
2023-08-12T21:18:49.268+02:00  INFO 11832 --- [           main] c.s.S.SafetyNetAlertsControllerTest      : No active profile set, falling back to 1 default profile: "default"
2023-08-12T21:18:49.379+02:00 DEBUG 11832 --- [           main] c.s.S.SafetyNetAlertsApplication         : copy the data file
2023-08-12T21:18:49.379+02:00 DEBUG 11832 --- [           main] c.s.S.SafetyNetAlertsApplication         : create a list of persons
2023-08-12T21:18:49.380+02:00 DEBUG 11832 --- [           main] c.s.S.SafetyNetAlertsApplication         : create a list of fire stations
2023-08-12T21:18:49.380+02:00 DEBUG 11832 --- [           main] c.s.S.SafetyNetAlertsApplication         : create a list of medical records
2023-08-12T21:18:49.381+02:00 DEBUG 11832 --- [           main] c.s.S.SafetyNetAlertsApplication         : the constructor SafetyNetAlertsCatalog succeeded
2023-08-12T21:18:49.470+02:00  INFO 11832 --- [           main] c.s.S.SafetyNetAlertsControllerTest      : Started SafetyNetAlertsControllerTest in 0.215 seconds (process running for 16.605)
2023-08-12T21:18:49.476+02:00 ERROR 11832 --- [           main] c.s.S.SafetyNetAlertsApplication         : All the parameters are required
]]></system-out>
  </testcase>
  <testcase name="testDeletePersonWithoutBodyShouldFail" classname="com.safetynet.SafetyNetAlerts.SafetyNetAlertsControllerTest" time="0.005">
    <system-out><![CDATA[
  .   ____          _            __ _ _
 /\\ / ___'_ __ _ _(_)_ __  __ _ \ \ \ \
( ( )\___ | '_ | '_| | '_ \/ _` | \ \ \ \
 \\/  ___)| |_)| | | | | || (_| |  ) ) ) )
  '  |____| .__|_| |_|_| |_\__, | / / / /
 =========|_|==============|___/=/_/_/_/
 :: Spring Boot ::                (v3.1.1)

2023-08-12T21:18:49.498+02:00  INFO 11832 --- [           main] c.s.S.SafetyNetAlertsControllerTest      : Starting SafetyNetAlertsControllerTest using Java 17.0.6 with PID 11832 (started by indov in C:\Users\indov\git\SafetyNetAlerts\SafetyNetAlerts)
2023-08-12T21:18:49.499+02:00 DEBUG 11832 --- [           main] c.s.S.SafetyNetAlertsControllerTest      : Running with Spring Boot v3.1.1, Spring v6.0.10
2023-08-12T21:18:49.499+02:00  INFO 11832 --- [           main] c.s.S.SafetyNetAlertsControllerTest      : No active profile set, falling back to 1 default profile: "default"
2023-08-12T21:18:49.632+02:00 DEBUG 11832 --- [           main] c.s.S.SafetyNetAlertsApplication         : copy the data file
2023-08-12T21:18:49.632+02:00 DEBUG 11832 --- [           main] c.s.S.SafetyNetAlertsApplication         : create a list of persons
2023-08-12T21:18:49.633+02:00 DEBUG 11832 --- [           main] c.s.S.SafetyNetAlertsApplication         : create a list of fire stations
2023-08-12T21:18:49.634+02:00 DEBUG 11832 --- [           main] c.s.S.SafetyNetAlertsApplication         : create a list of medical records
2023-08-12T21:18:49.635+02:00 DEBUG 11832 --- [           main] c.s.S.SafetyNetAlertsApplication         : the constructor SafetyNetAlertsCatalog succeeded
2023-08-12T21:18:49.764+02:00  INFO 11832 --- [           main] c.s.S.SafetyNetAlertsControllerTest      : Started SafetyNetAlertsControllerTest in 0.281 seconds (process running for 16.899)
]]></system-out>
  </testcase>
  <testcase name="testGetPersonsWithFireStationFromAddressShouldPass" classname="com.safetynet.SafetyNetAlerts.SafetyNetAlertsControllerTest" time="0.014">
    <system-out><![CDATA[
  .   ____          _            __ _ _
 /\\ / ___'_ __ _ _(_)_ __  __ _ \ \ \ \
( ( )\___ | '_ | '_| | '_ \/ _` | \ \ \ \
 \\/  ___)| |_)| | | | | || (_| |  ) ) ) )
  '  |____| .__|_| |_|_| |_\__, | / / / /
 =========|_|==============|___/=/_/_/_/
 :: Spring Boot ::                (v3.1.1)

2023-08-12T21:18:49.784+02:00  INFO 11832 --- [           main] c.s.S.SafetyNetAlertsControllerTest      : Starting SafetyNetAlertsControllerTest using Java 17.0.6 with PID 11832 (started by indov in C:\Users\indov\git\SafetyNetAlerts\SafetyNetAlerts)
2023-08-12T21:18:49.784+02:00 DEBUG 11832 --- [           main] c.s.S.SafetyNetAlertsControllerTest      : Running with Spring Boot v3.1.1, Spring v6.0.10
2023-08-12T21:18:49.784+02:00  INFO 11832 --- [           main] c.s.S.SafetyNetAlertsControllerTest      : No active profile set, falling back to 1 default profile: "default"
2023-08-12T21:18:49.898+02:00 DEBUG 11832 --- [           main] c.s.S.SafetyNetAlertsApplication         : copy the data file
2023-08-12T21:18:49.898+02:00 DEBUG 11832 --- [           main] c.s.S.SafetyNetAlertsApplication         : create a list of persons
2023-08-12T21:18:49.899+02:00 DEBUG 11832 --- [           main] c.s.S.SafetyNetAlertsApplication         : create a list of fire stations
2023-08-12T21:18:49.900+02:00 DEBUG 11832 --- [           main] c.s.S.SafetyNetAlertsApplication         : create a list of medical records
2023-08-12T21:18:49.901+02:00 DEBUG 11832 --- [           main] c.s.S.SafetyNetAlertsApplication         : the constructor SafetyNetAlertsCatalog succeeded
2023-08-12T21:18:49.994+02:00  INFO 11832 --- [           main] c.s.S.SafetyNetAlertsControllerTest      : Started SafetyNetAlertsControllerTest in 0.221 seconds (process running for 17.129)
2023-08-12T21:18:50.001+02:00  INFO 11832 --- [           main] c.s.S.SafetyNetAlertsApplication         : request the fireStation number and the list of persons living at 1509 Culver St
2023-08-12T21:18:50.001+02:00 DEBUG 11832 --- [           main] c.s.S.SafetyNetAlertsApplication         : get the list of fireStations
2023-08-12T21:18:50.001+02:00 DEBUG 11832 --- [           main] c.s.S.SafetyNetAlertsApplication         : get the fireStation number that covers 1509 Culver St
2023-08-12T21:18:50.001+02:00 DEBUG 11832 --- [           main] c.s.S.SafetyNetAlertsApplication         : get the list of persons
2023-08-12T21:18:50.001+02:00 DEBUG 11832 --- [           main] c.s.S.SafetyNetAlertsApplication         : get the list of persons living at 1509 Culver St
2023-08-12T21:18:50.001+02:00 DEBUG 11832 --- [           main] c.s.S.SafetyNetAlertsApplication         : get the list of medical records
2023-08-12T21:18:50.001+02:00 DEBUG 11832 --- [           main] c.s.S.SafetyNetAlertsApplication         : the person named John Boyd is 39 years old
2023-08-12T21:18:50.001+02:00 DEBUG 11832 --- [           main] c.s.S.SafetyNetAlertsApplication         : the person named John Boyd is allergic to [nillacilan]
2023-08-12T21:18:50.001+02:00 DEBUG 11832 --- [           main] c.s.S.SafetyNetAlertsApplication         : the person named John Boyd is taking the following medications [aznol:350mg, hydrapermazol:100mg]
2023-08-12T21:18:50.002+02:00 DEBUG 11832 --- [           main] c.s.S.SafetyNetAlertsApplication         : get the list of medical records
2023-08-12T21:18:50.002+02:00 DEBUG 11832 --- [           main] c.s.S.SafetyNetAlertsApplication         : the person named Jacob Boyd is 34 years old
2023-08-12T21:18:50.002+02:00 DEBUG 11832 --- [           main] c.s.S.SafetyNetAlertsApplication         : the person named Jacob Boyd is allergic to []
2023-08-12T21:18:50.002+02:00 DEBUG 11832 --- [           main] c.s.S.SafetyNetAlertsApplication         : the person named Jacob Boyd is taking the following medications [pharmacol:5000mg, terazine:10mg, noznazol:250mg]
2023-08-12T21:18:50.002+02:00 DEBUG 11832 --- [           main] c.s.S.SafetyNetAlertsApplication         : get the list of medical records
2023-08-12T21:18:50.002+02:00 DEBUG 11832 --- [           main] c.s.S.SafetyNetAlertsApplication         : the person named Tenley Boyd is 11 years old
2023-08-12T21:18:50.002+02:00 DEBUG 11832 --- [           main] c.s.S.SafetyNetAlertsApplication         : the person named Tenley Boyd is allergic to [peanut]
2023-08-12T21:18:50.002+02:00 DEBUG 11832 --- [           main] c.s.S.SafetyNetAlertsApplication         : the person named Tenley Boyd is taking the following medications []
2023-08-12T21:18:50.002+02:00 DEBUG 11832 --- [           main] c.s.S.SafetyNetAlertsApplication         : get the list of medical records
2023-08-12T21:18:50.002+02:00 DEBUG 11832 --- [           main] c.s.S.SafetyNetAlertsApplication         : the person named Roger Boyd is 5 years old
2023-08-12T21:18:50.002+02:00 DEBUG 11832 --- [           main] c.s.S.SafetyNetAlertsApplication         : the person named Roger Boyd is allergic to []
2023-08-12T21:18:50.002+02:00 DEBUG 11832 --- [           main] c.s.S.SafetyNetAlertsApplication         : the person named Roger Boyd is taking the following medications []
2023-08-12T21:18:50.002+02:00 DEBUG 11832 --- [           main] c.s.S.SafetyNetAlertsApplication         : get the list of medical records
2023-08-12T21:18:50.002+02:00 DEBUG 11832 --- [           main] c.s.S.SafetyNetAlertsApplication         : the person named Felicia Boyd is 37 years old
2023-08-12T21:18:50.002+02:00 DEBUG 11832 --- [           main] c.s.S.SafetyNetAlertsApplication         : the person named Felicia Boyd is allergic to [xilliathal]
2023-08-12T21:18:50.002+02:00 DEBUG 11832 --- [           main] c.s.S.SafetyNetAlertsApplication         : the person named Felicia Boyd is taking the following medications [tetracyclaz:650mg]
2023-08-12T21:18:50.002+02:00  INFO 11832 --- [           main] c.s.S.SafetyNetAlertsApplication         : response with 5 person(s) living at 1509 Culver St and covered by fireStation number 3
]]></system-out>
  </testcase>
  <testcase name="testGetFamiliesFromStationsShouldPass" classname="com.safetynet.SafetyNetAlerts.SafetyNetAlertsControllerTest" time="0.017">
    <system-out><![CDATA[
  .   ____          _            __ _ _
 /\\ / ___'_ __ _ _(_)_ __  __ _ \ \ \ \
( ( )\___ | '_ | '_| | '_ \/ _` | \ \ \ \
 \\/  ___)| |_)| | | | | || (_| |  ) ) ) )
  '  |____| .__|_| |_|_| |_\__, | / / / /
 =========|_|==============|___/=/_/_/_/
 :: Spring Boot ::                (v3.1.1)

2023-08-12T21:18:50.023+02:00  INFO 11832 --- [           main] c.s.S.SafetyNetAlertsControllerTest      : Starting SafetyNetAlertsControllerTest using Java 17.0.6 with PID 11832 (started by indov in C:\Users\indov\git\SafetyNetAlerts\SafetyNetAlerts)
2023-08-12T21:18:50.023+02:00 DEBUG 11832 --- [           main] c.s.S.SafetyNetAlertsControllerTest      : Running with Spring Boot v3.1.1, Spring v6.0.10
2023-08-12T21:18:50.023+02:00  INFO 11832 --- [           main] c.s.S.SafetyNetAlertsControllerTest      : No active profile set, falling back to 1 default profile: "default"
2023-08-12T21:18:50.134+02:00 DEBUG 11832 --- [           main] c.s.S.SafetyNetAlertsApplication         : copy the data file
2023-08-12T21:18:50.134+02:00 DEBUG 11832 --- [           main] c.s.S.SafetyNetAlertsApplication         : create a list of persons
2023-08-12T21:18:50.142+02:00 DEBUG 11832 --- [           main] c.s.S.SafetyNetAlertsApplication         : create a list of fire stations
2023-08-12T21:18:50.144+02:00 DEBUG 11832 --- [           main] c.s.S.SafetyNetAlertsApplication         : create a list of medical records
2023-08-12T21:18:50.145+02:00 DEBUG 11832 --- [           main] c.s.S.SafetyNetAlertsApplication         : the constructor SafetyNetAlertsCatalog succeeded
2023-08-12T21:18:50.241+02:00  INFO 11832 --- [           main] c.s.S.SafetyNetAlertsControllerTest      : Started SafetyNetAlertsControllerTest in 0.229 seconds (process running for 17.376)
2023-08-12T21:18:50.246+02:00  INFO 11832 --- [           main] c.s.S.SafetyNetAlertsApplication         : request the list of families living near by the fireStation(s) [2, 3]
2023-08-12T21:18:50.246+02:00 DEBUG 11832 --- [           main] c.s.S.SafetyNetAlertsApplication         : get the list of fireStations
2023-08-12T21:18:50.246+02:00 DEBUG 11832 --- [           main] c.s.S.SafetyNetAlertsApplication         : get the list of addresses that are covered by the fireStation number 2
2023-08-12T21:18:50.246+02:00 DEBUG 11832 --- [           main] c.s.S.SafetyNetAlertsApplication         : get the list of fireStations
2023-08-12T21:18:50.246+02:00 DEBUG 11832 --- [           main] c.s.S.SafetyNetAlertsApplication         : get the list of addresses that are covered by the fireStation number 3
2023-08-12T21:18:50.246+02:00 DEBUG 11832 --- [           main] c.s.S.SafetyNetAlertsApplication         : get the list of persons
2023-08-12T21:18:50.246+02:00 DEBUG 11832 --- [           main] c.s.S.SafetyNetAlertsApplication         : get the list of persons living at 29 15th St
2023-08-12T21:18:50.246+02:00 DEBUG 11832 --- [           main] c.s.S.SafetyNetAlertsApplication         : get the list of medical records
2023-08-12T21:18:50.246+02:00 DEBUG 11832 --- [           main] c.s.S.SafetyNetAlertsApplication         : the person named Jonanathan Marrack is 34 years old
2023-08-12T21:18:50.247+02:00 DEBUG 11832 --- [           main] c.s.S.SafetyNetAlertsApplication         : the person named Jonanathan Marrack is allergic to []
2023-08-12T21:18:50.247+02:00 DEBUG 11832 --- [           main] c.s.S.SafetyNetAlertsApplication         : the person named Jonanathan Marrack is taking the following medications []
2023-08-12T21:18:50.247+02:00 DEBUG 11832 --- [           main] c.s.S.SafetyNetAlertsApplication         : get the list of persons
2023-08-12T21:18:50.247+02:00 DEBUG 11832 --- [           main] c.s.S.SafetyNetAlertsApplication         : get the list of persons living at 892 Downing Ct
2023-08-12T21:18:50.247+02:00 DEBUG 11832 --- [           main] c.s.S.SafetyNetAlertsApplication         : get the list of medical records
2023-08-12T21:18:50.247+02:00 DEBUG 11832 --- [           main] c.s.S.SafetyNetAlertsApplication         : the person named Sophia Zemicks is 35 years old
2023-08-12T21:18:50.247+02:00 DEBUG 11832 --- [           main] c.s.S.SafetyNetAlertsApplication         : the person named Sophia Zemicks is allergic to [peanut, shellfish, aznol]
2023-08-12T21:18:50.247+02:00 DEBUG 11832 --- [           main] c.s.S.SafetyNetAlertsApplication         : the person named Sophia Zemicks is taking the following medications [aznol:60mg, hydrapermazol:900mg, pharmacol:5000mg, terazine:500mg]
2023-08-12T21:18:50.247+02:00 DEBUG 11832 --- [           main] c.s.S.SafetyNetAlertsApplication         : get the list of medical records
2023-08-12T21:18:50.247+02:00 DEBUG 11832 --- [           main] c.s.S.SafetyNetAlertsApplication         : the person named Warren Zemicks is 38 years old
2023-08-12T21:18:50.247+02:00 DEBUG 11832 --- [           main] c.s.S.SafetyNetAlertsApplication         : the person named Warren Zemicks is allergic to []
2023-08-12T21:18:50.247+02:00 DEBUG 11832 --- [           main] c.s.S.SafetyNetAlertsApplication         : the person named Warren Zemicks is taking the following medications []
2023-08-12T21:18:50.247+02:00 DEBUG 11832 --- [           main] c.s.S.SafetyNetAlertsApplication         : get the list of medical records
2023-08-12T21:18:50.248+02:00 DEBUG 11832 --- [           main] c.s.S.SafetyNetAlertsApplication         : the person named Zach Zemicks is 6 years old
2023-08-12T21:18:50.248+02:00 DEBUG 11832 --- [           main] c.s.S.SafetyNetAlertsApplication         : the person named Zach Zemicks is allergic to []
2023-08-12T21:18:50.248+02:00 DEBUG 11832 --- [           main] c.s.S.SafetyNetAlertsApplication         : the person named Zach Zemicks is taking the following medications []
2023-08-12T21:18:50.248+02:00 DEBUG 11832 --- [           main] c.s.S.SafetyNetAlertsApplication         : get the list of persons
2023-08-12T21:18:50.248+02:00 DEBUG 11832 --- [           main] c.s.S.SafetyNetAlertsApplication         : get the list of persons living at 951 LoneTree Rd
2023-08-12T21:18:50.248+02:00 DEBUG 11832 --- [           main] c.s.S.SafetyNetAlertsApplication         : get the list of medical records
2023-08-12T21:18:50.248+02:00 DEBUG 11832 --- [           main] c.s.S.SafetyNetAlertsApplication         : the person named Eric Cadigan is 78 years old
2023-08-12T21:18:50.248+02:00 DEBUG 11832 --- [           main] c.s.S.SafetyNetAlertsApplication         : the person named Eric Cadigan is allergic to []
2023-08-12T21:18:50.248+02:00 DEBUG 11832 --- [           main] c.s.S.SafetyNetAlertsApplication         : the person named Eric Cadigan is taking the following medications [tradoxidine:400mg]
2023-08-12T21:18:50.248+02:00 DEBUG 11832 --- [           main] c.s.S.SafetyNetAlertsApplication         : get the list of persons
2023-08-12T21:18:50.248+02:00 DEBUG 11832 --- [           main] c.s.S.SafetyNetAlertsApplication         : get the list of persons living at 1509 Culver St
2023-08-12T21:18:50.248+02:00 DEBUG 11832 --- [           main] c.s.S.SafetyNetAlertsApplication         : get the list of medical records
2023-08-12T21:18:50.248+02:00 DEBUG 11832 --- [           main] c.s.S.SafetyNetAlertsApplication         : the person named John Boyd is 39 years old
2023-08-12T21:18:50.248+02:00 DEBUG 11832 --- [           main] c.s.S.SafetyNetAlertsApplication         : the person named John Boyd is allergic to [nillacilan]
2023-08-12T21:18:50.248+02:00 DEBUG 11832 --- [           main] c.s.S.SafetyNetAlertsApplication         : the person named John Boyd is taking the following medications [aznol:350mg, hydrapermazol:100mg]
2023-08-12T21:18:50.248+02:00 DEBUG 11832 --- [           main] c.s.S.SafetyNetAlertsApplication         : get the list of medical records
2023-08-12T21:18:50.248+02:00 DEBUG 11832 --- [           main] c.s.S.SafetyNetAlertsApplication         : the person named Jacob Boyd is 34 years old
2023-08-12T21:18:50.249+02:00 DEBUG 11832 --- [           main] c.s.S.SafetyNetAlertsApplication         : the person named Jacob Boyd is allergic to []
2023-08-12T21:18:50.249+02:00 DEBUG 11832 --- [           main] c.s.S.SafetyNetAlertsApplication         : the person named Jacob Boyd is taking the following medications [pharmacol:5000mg, terazine:10mg, noznazol:250mg]
2023-08-12T21:18:50.249+02:00 DEBUG 11832 --- [           main] c.s.S.SafetyNetAlertsApplication         : get the list of medical records
2023-08-12T21:18:50.249+02:00 DEBUG 11832 --- [           main] c.s.S.SafetyNetAlertsApplication         : the person named Tenley Boyd is 11 years old
2023-08-12T21:18:50.249+02:00 DEBUG 11832 --- [           main] c.s.S.SafetyNetAlertsApplication         : the person named Tenley Boyd is allergic to [peanut]
2023-08-12T21:18:50.249+02:00 DEBUG 11832 --- [           main] c.s.S.SafetyNetAlertsApplication         : the person named Tenley Boyd is taking the following medications []
2023-08-12T21:18:50.249+02:00 DEBUG 11832 --- [           main] c.s.S.SafetyNetAlertsApplication         : get the list of medical records
2023-08-12T21:18:50.249+02:00 DEBUG 11832 --- [           main] c.s.S.SafetyNetAlertsApplication         : the person named Roger Boyd is 5 years old
2023-08-12T21:18:50.249+02:00 DEBUG 11832 --- [           main] c.s.S.SafetyNetAlertsApplication         : the person named Roger Boyd is allergic to []
2023-08-12T21:18:50.249+02:00 DEBUG 11832 --- [           main] c.s.S.SafetyNetAlertsApplication         : the person named Roger Boyd is taking the following medications []
2023-08-12T21:18:50.249+02:00 DEBUG 11832 --- [           main] c.s.S.SafetyNetAlertsApplication         : get the list of medical records
2023-08-12T21:18:50.249+02:00 DEBUG 11832 --- [           main] c.s.S.SafetyNetAlertsApplication         : the person named Felicia Boyd is 37 years old
2023-08-12T21:18:50.249+02:00 DEBUG 11832 --- [           main] c.s.S.SafetyNetAlertsApplication         : the person named Felicia Boyd is allergic to [xilliathal]
2023-08-12T21:18:50.249+02:00 DEBUG 11832 --- [           main] c.s.S.SafetyNetAlertsApplication         : the person named Felicia Boyd is taking the following medications [tetracyclaz:650mg]
2023-08-12T21:18:50.249+02:00 DEBUG 11832 --- [           main] c.s.S.SafetyNetAlertsApplication         : get the list of persons
2023-08-12T21:18:50.249+02:00 DEBUG 11832 --- [           main] c.s.S.SafetyNetAlertsApplication         : get the list of persons living at 834 Binoc Ave
2023-08-12T21:18:50.249+02:00 DEBUG 11832 --- [           main] c.s.S.SafetyNetAlertsApplication         : get the list of medical records
2023-08-12T21:18:50.249+02:00 DEBUG 11832 --- [           main] c.s.S.SafetyNetAlertsApplication         : the person named Tessa Carman is 11 years old
2023-08-12T21:18:50.249+02:00 DEBUG 11832 --- [           main] c.s.S.SafetyNetAlertsApplication         : the person named Tessa Carman is allergic to []
2023-08-12T21:18:50.249+02:00 DEBUG 11832 --- [           main] c.s.S.SafetyNetAlertsApplication         : the person named Tessa Carman is taking the following medications []
2023-08-12T21:18:50.249+02:00 DEBUG 11832 --- [           main] c.s.S.SafetyNetAlertsApplication         : get the list of persons
2023-08-12T21:18:50.249+02:00 DEBUG 11832 --- [           main] c.s.S.SafetyNetAlertsApplication         : get the list of persons living at 748 Townings Dr
2023-08-12T21:18:50.249+02:00 DEBUG 11832 --- [           main] c.s.S.SafetyNetAlertsApplication         : get the list of medical records
2023-08-12T21:18:50.250+02:00 DEBUG 11832 --- [           main] c.s.S.SafetyNetAlertsApplication         : the person named Foster Shepard is 43 years old
2023-08-12T21:18:50.250+02:00 DEBUG 11832 --- [           main] c.s.S.SafetyNetAlertsApplication         : the person named Foster Shepard is allergic to []
2023-08-12T21:18:50.250+02:00 DEBUG 11832 --- [           main] c.s.S.SafetyNetAlertsApplication         : the person named Foster Shepard is taking the following medications []
2023-08-12T21:18:50.250+02:00 DEBUG 11832 --- [           main] c.s.S.SafetyNetAlertsApplication         : get the list of medical records
2023-08-12T21:18:50.250+02:00 DEBUG 11832 --- [           main] c.s.S.SafetyNetAlertsApplication         : the person named Clive Ferguson is 29 years old
2023-08-12T21:18:50.250+02:00 DEBUG 11832 --- [           main] c.s.S.SafetyNetAlertsApplication         : the person named Clive Ferguson is allergic to []
2023-08-12T21:18:50.250+02:00 DEBUG 11832 --- [           main] c.s.S.SafetyNetAlertsApplication         : the person named Clive Ferguson is taking the following medications []
2023-08-12T21:18:50.250+02:00 DEBUG 11832 --- [           main] c.s.S.SafetyNetAlertsApplication         : get the list of persons
2023-08-12T21:18:50.250+02:00 DEBUG 11832 --- [           main] c.s.S.SafetyNetAlertsApplication         : get the list of persons living at 112 Steppes Pl
2023-08-12T21:18:50.250+02:00 DEBUG 11832 --- [           main] c.s.S.SafetyNetAlertsApplication         : get the list of medical records
2023-08-12T21:18:50.250+02:00 DEBUG 11832 --- [           main] c.s.S.SafetyNetAlertsApplication         : the person named Tony Cooper is 29 years old
2023-08-12T21:18:50.250+02:00 DEBUG 11832 --- [           main] c.s.S.SafetyNetAlertsApplication         : the person named Tony Cooper is allergic to [shellfish]
2023-08-12T21:18:50.250+02:00 DEBUG 11832 --- [           main] c.s.S.SafetyNetAlertsApplication         : the person named Tony Cooper is taking the following medications [hydrapermazol:300mg, dodoxadin:30mg]
2023-08-12T21:18:50.250+02:00 DEBUG 11832 --- [           main] c.s.S.SafetyNetAlertsApplication         : get the list of medical records
2023-08-12T21:18:50.250+02:00 DEBUG 11832 --- [           main] c.s.S.SafetyNetAlertsApplication         : the person named Ron Peters is 58 years old
2023-08-12T21:18:50.250+02:00 DEBUG 11832 --- [           main] c.s.S.SafetyNetAlertsApplication         : the person named Ron Peters is allergic to []
2023-08-12T21:18:50.250+02:00 DEBUG 11832 --- [           main] c.s.S.SafetyNetAlertsApplication         : the person named Ron Peters is taking the following medications []
2023-08-12T21:18:50.250+02:00 DEBUG 11832 --- [           main] c.s.S.SafetyNetAlertsApplication         : get the list of medical records
2023-08-12T21:18:50.250+02:00 DEBUG 11832 --- [           main] c.s.S.SafetyNetAlertsApplication         : the person named Allison Boyd is 58 years old
2023-08-12T21:18:50.250+02:00 DEBUG 11832 --- [           main] c.s.S.SafetyNetAlertsApplication         : the person named Allison Boyd is allergic to [nillacilan]
2023-08-12T21:18:50.250+02:00 DEBUG 11832 --- [           main] c.s.S.SafetyNetAlertsApplication         : the person named Allison Boyd is taking the following medications [aznol:200mg]
2023-08-12T21:18:50.251+02:00  INFO 11832 --- [           main] c.s.S.SafetyNetAlertsApplication         : response with 7 family(ies) covered by the fireStation number [2, 3]
]]></system-out>
  </testcase>
  <testcase name="testDeletePersonWithPersonUnknownShouldFail" classname="com.safetynet.SafetyNetAlerts.SafetyNetAlertsControllerTest" time="0.01">
    <system-out><![CDATA[
  .   ____          _            __ _ _
 /\\ / ___'_ __ _ _(_)_ __  __ _ \ \ \ \
( ( )\___ | '_ | '_| | '_ \/ _` | \ \ \ \
 \\/  ___)| |_)| | | | | || (_| |  ) ) ) )
  '  |____| .__|_| |_|_| |_\__, | / / / /
 =========|_|==============|___/=/_/_/_/
 :: Spring Boot ::                (v3.1.1)

2023-08-12T21:18:50.277+02:00  INFO 11832 --- [           main] c.s.S.SafetyNetAlertsControllerTest      : Starting SafetyNetAlertsControllerTest using Java 17.0.6 with PID 11832 (started by indov in C:\Users\indov\git\SafetyNetAlerts\SafetyNetAlerts)
2023-08-12T21:18:50.278+02:00 DEBUG 11832 --- [           main] c.s.S.SafetyNetAlertsControllerTest      : Running with Spring Boot v3.1.1, Spring v6.0.10
2023-08-12T21:18:50.278+02:00  INFO 11832 --- [           main] c.s.S.SafetyNetAlertsControllerTest      : No active profile set, falling back to 1 default profile: "default"
2023-08-12T21:18:50.382+02:00 DEBUG 11832 --- [           main] c.s.S.SafetyNetAlertsApplication         : copy the data file
2023-08-12T21:18:50.382+02:00 DEBUG 11832 --- [           main] c.s.S.SafetyNetAlertsApplication         : create a list of persons
2023-08-12T21:18:50.383+02:00 DEBUG 11832 --- [           main] c.s.S.SafetyNetAlertsApplication         : create a list of fire stations
2023-08-12T21:18:50.384+02:00 DEBUG 11832 --- [           main] c.s.S.SafetyNetAlertsApplication         : create a list of medical records
2023-08-12T21:18:50.384+02:00 DEBUG 11832 --- [           main] c.s.S.SafetyNetAlertsApplication         : the constructor SafetyNetAlertsCatalog succeeded
2023-08-12T21:18:50.485+02:00  INFO 11832 --- [           main] c.s.S.SafetyNetAlertsControllerTest      : Started SafetyNetAlertsControllerTest in 0.222 seconds (process running for 17.62)
2023-08-12T21:18:50.492+02:00  INFO 11832 --- [           main] c.s.S.SafetyNetAlertsApplication         : request a deletion for the person named firstNameUnknown lastNameUnknown
2023-08-12T21:18:50.492+02:00 ERROR 11832 --- [           main] c.s.S.SafetyNetAlertsApplication         : the person named firstNameUnknown lastNameUnknown doesn't exist in our system
]]></system-out>
  </testcase>
  <testcase name="testCreateMedicalRecordShouldPass" classname="com.safetynet.SafetyNetAlerts.SafetyNetAlertsControllerTest" time="0.01">
    <system-out><![CDATA[
  .   ____          _            __ _ _
 /\\ / ___'_ __ _ _(_)_ __  __ _ \ \ \ \
( ( )\___ | '_ | '_| | '_ \/ _` | \ \ \ \
 \\/  ___)| |_)| | | | | || (_| |  ) ) ) )
  '  |____| .__|_| |_|_| |_\__, | / / / /
 =========|_|==============|___/=/_/_/_/
 :: Spring Boot ::                (v3.1.1)

2023-08-12T21:18:50.513+02:00  INFO 11832 --- [           main] c.s.S.SafetyNetAlertsControllerTest      : Starting SafetyNetAlertsControllerTest using Java 17.0.6 with PID 11832 (started by indov in C:\Users\indov\git\SafetyNetAlerts\SafetyNetAlerts)
2023-08-12T21:18:50.513+02:00 DEBUG 11832 --- [           main] c.s.S.SafetyNetAlertsControllerTest      : Running with Spring Boot v3.1.1, Spring v6.0.10
2023-08-12T21:18:50.514+02:00  INFO 11832 --- [           main] c.s.S.SafetyNetAlertsControllerTest      : No active profile set, falling back to 1 default profile: "default"
2023-08-12T21:18:50.675+02:00 DEBUG 11832 --- [           main] c.s.S.SafetyNetAlertsApplication         : copy the data file
2023-08-12T21:18:50.675+02:00 DEBUG 11832 --- [           main] c.s.S.SafetyNetAlertsApplication         : create a list of persons
2023-08-12T21:18:50.676+02:00 DEBUG 11832 --- [           main] c.s.S.SafetyNetAlertsApplication         : create a list of fire stations
2023-08-12T21:18:50.677+02:00 DEBUG 11832 --- [           main] c.s.S.SafetyNetAlertsApplication         : create a list of medical records
2023-08-12T21:18:50.678+02:00 DEBUG 11832 --- [           main] c.s.S.SafetyNetAlertsApplication         : the constructor SafetyNetAlertsCatalog succeeded
2023-08-12T21:18:50.789+02:00  INFO 11832 --- [           main] c.s.S.SafetyNetAlertsControllerTest      : Started SafetyNetAlertsControllerTest in 0.29 seconds (process running for 17.924)
2023-08-12T21:18:50.796+02:00  INFO 11832 --- [           main] c.s.S.SafetyNetAlertsApplication         : creating for the medical record about the person named firstNameTest lastNameTest has been posted
2023-08-12T21:18:50.798+02:00  INFO 11832 --- [           main] c.s.S.SafetyNetAlertsApplication         : The new medical record about the person named firstNameTest lastNameTest has been created correctly
]]></system-out>
  </testcase>
  <testcase name="testGetChildrenFromAddressWithoutParameterShouldFail" classname="com.safetynet.SafetyNetAlerts.SafetyNetAlertsControllerTest" time="0.004">
    <system-out><![CDATA[
  .   ____          _            __ _ _
 /\\ / ___'_ __ _ _(_)_ __  __ _ \ \ \ \
( ( )\___ | '_ | '_| | '_ \/ _` | \ \ \ \
 \\/  ___)| |_)| | | | | || (_| |  ) ) ) )
  '  |____| .__|_| |_|_| |_\__, | / / / /
 =========|_|==============|___/=/_/_/_/
 :: Spring Boot ::                (v3.1.1)

2023-08-12T21:18:50.816+02:00  INFO 11832 --- [           main] c.s.S.SafetyNetAlertsControllerTest      : Starting SafetyNetAlertsControllerTest using Java 17.0.6 with PID 11832 (started by indov in C:\Users\indov\git\SafetyNetAlerts\SafetyNetAlerts)
2023-08-12T21:18:50.816+02:00 DEBUG 11832 --- [           main] c.s.S.SafetyNetAlertsControllerTest      : Running with Spring Boot v3.1.1, Spring v6.0.10
2023-08-12T21:18:50.816+02:00  INFO 11832 --- [           main] c.s.S.SafetyNetAlertsControllerTest      : No active profile set, falling back to 1 default profile: "default"
2023-08-12T21:18:50.942+02:00 DEBUG 11832 --- [           main] c.s.S.SafetyNetAlertsApplication         : copy the data file
2023-08-12T21:18:50.942+02:00 DEBUG 11832 --- [           main] c.s.S.SafetyNetAlertsApplication         : create a list of persons
2023-08-12T21:18:50.943+02:00 DEBUG 11832 --- [           main] c.s.S.SafetyNetAlertsApplication         : create a list of fire stations
2023-08-12T21:18:50.943+02:00 DEBUG 11832 --- [           main] c.s.S.SafetyNetAlertsApplication         : create a list of medical records
2023-08-12T21:18:50.944+02:00 DEBUG 11832 --- [           main] c.s.S.SafetyNetAlertsApplication         : the constructor SafetyNetAlertsCatalog succeeded
2023-08-12T21:18:51.016+02:00  INFO 11832 --- [           main] c.s.S.SafetyNetAlertsControllerTest      : Started SafetyNetAlertsControllerTest in 0.213 seconds (process running for 18.151)
]]></system-out>
  </testcase>
  <testcase name="testUpdatePersonWithPersonUnknownShouldFail" classname="com.safetynet.SafetyNetAlerts.SafetyNetAlertsControllerTest" time="0.008">
    <system-out><![CDATA[
  .   ____          _            __ _ _
 /\\ / ___'_ __ _ _(_)_ __  __ _ \ \ \ \
( ( )\___ | '_ | '_| | '_ \/ _` | \ \ \ \
 \\/  ___)| |_)| | | | | || (_| |  ) ) ) )
  '  |____| .__|_| |_|_| |_\__, | / / / /
 =========|_|==============|___/=/_/_/_/
 :: Spring Boot ::                (v3.1.1)

2023-08-12T21:18:51.034+02:00  INFO 11832 --- [           main] c.s.S.SafetyNetAlertsControllerTest      : Starting SafetyNetAlertsControllerTest using Java 17.0.6 with PID 11832 (started by indov in C:\Users\indov\git\SafetyNetAlerts\SafetyNetAlerts)
2023-08-12T21:18:51.034+02:00 DEBUG 11832 --- [           main] c.s.S.SafetyNetAlertsControllerTest      : Running with Spring Boot v3.1.1, Spring v6.0.10
2023-08-12T21:18:51.034+02:00  INFO 11832 --- [           main] c.s.S.SafetyNetAlertsControllerTest      : No active profile set, falling back to 1 default profile: "default"
2023-08-12T21:18:51.132+02:00 DEBUG 11832 --- [           main] c.s.S.SafetyNetAlertsApplication         : copy the data file
2023-08-12T21:18:51.132+02:00 DEBUG 11832 --- [           main] c.s.S.SafetyNetAlertsApplication         : create a list of persons
2023-08-12T21:18:51.133+02:00 DEBUG 11832 --- [           main] c.s.S.SafetyNetAlertsApplication         : create a list of fire stations
2023-08-12T21:18:51.134+02:00 DEBUG 11832 --- [           main] c.s.S.SafetyNetAlertsApplication         : create a list of medical records
2023-08-12T21:18:51.135+02:00 DEBUG 11832 --- [           main] c.s.S.SafetyNetAlertsApplication         : the constructor SafetyNetAlertsCatalog succeeded
2023-08-12T21:18:51.228+02:00  INFO 11832 --- [           main] c.s.S.SafetyNetAlertsControllerTest      : Started SafetyNetAlertsControllerTest in 0.205 seconds (process running for 18.363)
2023-08-12T21:18:51.233+02:00  INFO 11832 --- [           main] c.s.S.SafetyNetAlertsApplication         : request an update for the person named firstNameUnknown lastNameUnknown
2023-08-12T21:18:51.234+02:00 ERROR 11832 --- [           main] c.s.S.SafetyNetAlertsApplication         : the person named firstNameUnknown lastNameUnknown doesn't exist in our system
]]></system-out>
  </testcase>
  <testcase name="testUpdateFirestationShouldPass" classname="com.safetynet.SafetyNetAlerts.SafetyNetAlertsControllerTest" time="0.009">
    <system-out><![CDATA[
  .   ____          _            __ _ _
 /\\ / ___'_ __ _ _(_)_ __  __ _ \ \ \ \
( ( )\___ | '_ | '_| | '_ \/ _` | \ \ \ \
 \\/  ___)| |_)| | | | | || (_| |  ) ) ) )
  '  |____| .__|_| |_|_| |_\__, | / / / /
 =========|_|==============|___/=/_/_/_/
 :: Spring Boot ::                (v3.1.1)

2023-08-12T21:18:51.252+02:00  INFO 11832 --- [           main] c.s.S.SafetyNetAlertsControllerTest      : Starting SafetyNetAlertsControllerTest using Java 17.0.6 with PID 11832 (started by indov in C:\Users\indov\git\SafetyNetAlerts\SafetyNetAlerts)
2023-08-12T21:18:51.252+02:00 DEBUG 11832 --- [           main] c.s.S.SafetyNetAlertsControllerTest      : Running with Spring Boot v3.1.1, Spring v6.0.10
2023-08-12T21:18:51.252+02:00  INFO 11832 --- [           main] c.s.S.SafetyNetAlertsControllerTest      : No active profile set, falling back to 1 default profile: "default"
2023-08-12T21:18:51.364+02:00 DEBUG 11832 --- [           main] c.s.S.SafetyNetAlertsApplication         : copy the data file
2023-08-12T21:18:51.364+02:00 DEBUG 11832 --- [           main] c.s.S.SafetyNetAlertsApplication         : create a list of persons
2023-08-12T21:18:51.365+02:00 DEBUG 11832 --- [           main] c.s.S.SafetyNetAlertsApplication         : create a list of fire stations
2023-08-12T21:18:51.366+02:00 DEBUG 11832 --- [           main] c.s.S.SafetyNetAlertsApplication         : create a list of medical records
2023-08-12T21:18:51.366+02:00 DEBUG 11832 --- [           main] c.s.S.SafetyNetAlertsApplication         : the constructor SafetyNetAlertsCatalog succeeded
2023-08-12T21:18:51.428+02:00  INFO 11832 --- [           main] c.s.S.SafetyNetAlertsControllerTest      : Started SafetyNetAlertsControllerTest in 0.189 seconds (process running for 18.563)
2023-08-12T21:18:51.434+02:00  INFO 11832 --- [           main] c.s.S.SafetyNetAlertsApplication         : request an update for the mapping firestation/address about the following address "1509 Culver St"
2023-08-12T21:18:51.434+02:00  INFO 11832 --- [           main] c.s.S.SafetyNetAlertsApplication         : The mapping firestation/address about the following address "1509 Culver St" has been updated correctly
]]></system-out>
  </testcase>
  <testcase name="testGetFamiliesFromStationsWithoutParameterShouldFail" classname="com.safetynet.SafetyNetAlerts.SafetyNetAlertsControllerTest" time="0.005">
    <system-out><![CDATA[
  .   ____          _            __ _ _
 /\\ / ___'_ __ _ _(_)_ __  __ _ \ \ \ \
( ( )\___ | '_ | '_| | '_ \/ _` | \ \ \ \
 \\/  ___)| |_)| | | | | || (_| |  ) ) ) )
  '  |____| .__|_| |_|_| |_\__, | / / / /
 =========|_|==============|___/=/_/_/_/
 :: Spring Boot ::                (v3.1.1)

2023-08-12T21:18:51.450+02:00  INFO 11832 --- [           main] c.s.S.SafetyNetAlertsControllerTest      : Starting SafetyNetAlertsControllerTest using Java 17.0.6 with PID 11832 (started by indov in C:\Users\indov\git\SafetyNetAlerts\SafetyNetAlerts)
2023-08-12T21:18:51.450+02:00 DEBUG 11832 --- [           main] c.s.S.SafetyNetAlertsControllerTest      : Running with Spring Boot v3.1.1, Spring v6.0.10
2023-08-12T21:18:51.450+02:00  INFO 11832 --- [           main] c.s.S.SafetyNetAlertsControllerTest      : No active profile set, falling back to 1 default profile: "default"
2023-08-12T21:18:51.570+02:00 DEBUG 11832 --- [           main] c.s.S.SafetyNetAlertsApplication         : copy the data file
2023-08-12T21:18:51.570+02:00 DEBUG 11832 --- [           main] c.s.S.SafetyNetAlertsApplication         : create a list of persons
2023-08-12T21:18:51.571+02:00 DEBUG 11832 --- [           main] c.s.S.SafetyNetAlertsApplication         : create a list of fire stations
2023-08-12T21:18:51.571+02:00 DEBUG 11832 --- [           main] c.s.S.SafetyNetAlertsApplication         : create a list of medical records
2023-08-12T21:18:51.572+02:00 DEBUG 11832 --- [           main] c.s.S.SafetyNetAlertsApplication         : the constructor SafetyNetAlertsCatalog succeeded
2023-08-12T21:18:51.648+02:00  INFO 11832 --- [           main] c.s.S.SafetyNetAlertsControllerTest      : Started SafetyNetAlertsControllerTest in 0.21 seconds (process running for 18.784)
]]></system-out>
  </testcase>
  <testcase name="testDeleteFirestationWithIncompleteBodyShouldFail" classname="com.safetynet.SafetyNetAlerts.SafetyNetAlertsControllerTest" time="0.005">
    <system-out><![CDATA[
  .   ____          _            __ _ _
 /\\ / ___'_ __ _ _(_)_ __  __ _ \ \ \ \
( ( )\___ | '_ | '_| | '_ \/ _` | \ \ \ \
 \\/  ___)| |_)| | | | | || (_| |  ) ) ) )
  '  |____| .__|_| |_|_| |_\__, | / / / /
 =========|_|==============|___/=/_/_/_/
 :: Spring Boot ::                (v3.1.1)

2023-08-12T21:18:51.670+02:00  INFO 11832 --- [           main] c.s.S.SafetyNetAlertsControllerTest      : Starting SafetyNetAlertsControllerTest using Java 17.0.6 with PID 11832 (started by indov in C:\Users\indov\git\SafetyNetAlerts\SafetyNetAlerts)
2023-08-12T21:18:51.670+02:00 DEBUG 11832 --- [           main] c.s.S.SafetyNetAlertsControllerTest      : Running with Spring Boot v3.1.1, Spring v6.0.10
2023-08-12T21:18:51.670+02:00  INFO 11832 --- [           main] c.s.S.SafetyNetAlertsControllerTest      : No active profile set, falling back to 1 default profile: "default"
2023-08-12T21:18:51.776+02:00 DEBUG 11832 --- [           main] c.s.S.SafetyNetAlertsApplication         : copy the data file
2023-08-12T21:18:51.776+02:00 DEBUG 11832 --- [           main] c.s.S.SafetyNetAlertsApplication         : create a list of persons
2023-08-12T21:18:51.777+02:00 DEBUG 11832 --- [           main] c.s.S.SafetyNetAlertsApplication         : create a list of fire stations
2023-08-12T21:18:51.778+02:00 DEBUG 11832 --- [           main] c.s.S.SafetyNetAlertsApplication         : create a list of medical records
2023-08-12T21:18:51.778+02:00 DEBUG 11832 --- [           main] c.s.S.SafetyNetAlertsApplication         : the constructor SafetyNetAlertsCatalog succeeded
2023-08-12T21:18:51.841+02:00  INFO 11832 --- [           main] c.s.S.SafetyNetAlertsControllerTest      : Started SafetyNetAlertsControllerTest in 0.184 seconds (process running for 18.976)
]]></system-out>
  </testcase>
  <testcase name="testGetPersonsWithCounterFromStationWithoutParameterShouldFail" classname="com.safetynet.SafetyNetAlerts.SafetyNetAlertsControllerTest" time="0.004">
    <system-out><![CDATA[
  .   ____          _            __ _ _
 /\\ / ___'_ __ _ _(_)_ __  __ _ \ \ \ \
( ( )\___ | '_ | '_| | '_ \/ _` | \ \ \ \
 \\/  ___)| |_)| | | | | || (_| |  ) ) ) )
  '  |____| .__|_| |_|_| |_\__, | / / / /
 =========|_|==============|___/=/_/_/_/
 :: Spring Boot ::                (v3.1.1)

2023-08-12T21:18:51.857+02:00  INFO 11832 --- [           main] c.s.S.SafetyNetAlertsControllerTest      : Starting SafetyNetAlertsControllerTest using Java 17.0.6 with PID 11832 (started by indov in C:\Users\indov\git\SafetyNetAlerts\SafetyNetAlerts)
2023-08-12T21:18:51.857+02:00 DEBUG 11832 --- [           main] c.s.S.SafetyNetAlertsControllerTest      : Running with Spring Boot v3.1.1, Spring v6.0.10
2023-08-12T21:18:51.857+02:00  INFO 11832 --- [           main] c.s.S.SafetyNetAlertsControllerTest      : No active profile set, falling back to 1 default profile: "default"
2023-08-12T21:18:51.958+02:00 DEBUG 11832 --- [           main] c.s.S.SafetyNetAlertsApplication         : copy the data file
2023-08-12T21:18:51.958+02:00 DEBUG 11832 --- [           main] c.s.S.SafetyNetAlertsApplication         : create a list of persons
2023-08-12T21:18:51.959+02:00 DEBUG 11832 --- [           main] c.s.S.SafetyNetAlertsApplication         : create a list of fire stations
2023-08-12T21:18:51.959+02:00 DEBUG 11832 --- [           main] c.s.S.SafetyNetAlertsApplication         : create a list of medical records
2023-08-12T21:18:51.959+02:00 DEBUG 11832 --- [           main] c.s.S.SafetyNetAlertsApplication         : the constructor SafetyNetAlertsCatalog succeeded
2023-08-12T21:18:52.029+02:00  INFO 11832 --- [           main] c.s.S.SafetyNetAlertsControllerTest      : Started SafetyNetAlertsControllerTest in 0.18 seconds (process running for 19.164)
]]></system-out>
  </testcase>
  <testcase name="testCreateMedicalRecordWithoutBodyShouldFail" classname="com.safetynet.SafetyNetAlerts.SafetyNetAlertsControllerTest" time="0.007">
    <system-out><![CDATA[
  .   ____          _            __ _ _
 /\\ / ___'_ __ _ _(_)_ __  __ _ \ \ \ \
( ( )\___ | '_ | '_| | '_ \/ _` | \ \ \ \
 \\/  ___)| |_)| | | | | || (_| |  ) ) ) )
  '  |____| .__|_| |_|_| |_\__, | / / / /
 =========|_|==============|___/=/_/_/_/
 :: Spring Boot ::                (v3.1.1)

2023-08-12T21:18:52.046+02:00  INFO 11832 --- [           main] c.s.S.SafetyNetAlertsControllerTest      : Starting SafetyNetAlertsControllerTest using Java 17.0.6 with PID 11832 (started by indov in C:\Users\indov\git\SafetyNetAlerts\SafetyNetAlerts)
2023-08-12T21:18:52.046+02:00 DEBUG 11832 --- [           main] c.s.S.SafetyNetAlertsControllerTest      : Running with Spring Boot v3.1.1, Spring v6.0.10
2023-08-12T21:18:52.047+02:00  INFO 11832 --- [           main] c.s.S.SafetyNetAlertsControllerTest      : No active profile set, falling back to 1 default profile: "default"
2023-08-12T21:18:52.146+02:00 DEBUG 11832 --- [           main] c.s.S.SafetyNetAlertsApplication         : copy the data file
2023-08-12T21:18:52.146+02:00 DEBUG 11832 --- [           main] c.s.S.SafetyNetAlertsApplication         : create a list of persons
2023-08-12T21:18:52.147+02:00 DEBUG 11832 --- [           main] c.s.S.SafetyNetAlertsApplication         : create a list of fire stations
2023-08-12T21:18:52.147+02:00 DEBUG 11832 --- [           main] c.s.S.SafetyNetAlertsApplication         : create a list of medical records
2023-08-12T21:18:52.147+02:00 DEBUG 11832 --- [           main] c.s.S.SafetyNetAlertsApplication         : the constructor SafetyNetAlertsCatalog succeeded
2023-08-12T21:18:52.224+02:00  INFO 11832 --- [           main] c.s.S.SafetyNetAlertsControllerTest      : Started SafetyNetAlertsControllerTest in 0.188 seconds (process running for 19.358)
]]></system-out>
  </testcase>
  <testcase name="testCreatePersonShouldPass" classname="com.safetynet.SafetyNetAlerts.SafetyNetAlertsControllerTest" time="0.008">
    <system-out><![CDATA[
  .   ____          _            __ _ _
 /\\ / ___'_ __ _ _(_)_ __  __ _ \ \ \ \
( ( )\___ | '_ | '_| | '_ \/ _` | \ \ \ \
 \\/  ___)| |_)| | | | | || (_| |  ) ) ) )
  '  |____| .__|_| |_|_| |_\__, | / / / /
 =========|_|==============|___/=/_/_/_/
 :: Spring Boot ::                (v3.1.1)

2023-08-12T21:18:52.250+02:00  INFO 11832 --- [           main] c.s.S.SafetyNetAlertsControllerTest      : Starting SafetyNetAlertsControllerTest using Java 17.0.6 with PID 11832 (started by indov in C:\Users\indov\git\SafetyNetAlerts\SafetyNetAlerts)
2023-08-12T21:18:52.250+02:00 DEBUG 11832 --- [           main] c.s.S.SafetyNetAlertsControllerTest      : Running with Spring Boot v3.1.1, Spring v6.0.10
2023-08-12T21:18:52.250+02:00  INFO 11832 --- [           main] c.s.S.SafetyNetAlertsControllerTest      : No active profile set, falling back to 1 default profile: "default"
2023-08-12T21:18:52.372+02:00 DEBUG 11832 --- [           main] c.s.S.SafetyNetAlertsApplication         : copy the data file
2023-08-12T21:18:52.372+02:00 DEBUG 11832 --- [           main] c.s.S.SafetyNetAlertsApplication         : create a list of persons
2023-08-12T21:18:52.373+02:00 DEBUG 11832 --- [           main] c.s.S.SafetyNetAlertsApplication         : create a list of fire stations
2023-08-12T21:18:52.373+02:00 DEBUG 11832 --- [           main] c.s.S.SafetyNetAlertsApplication         : create a list of medical records
2023-08-12T21:18:52.374+02:00 DEBUG 11832 --- [           main] c.s.S.SafetyNetAlertsApplication         : the constructor SafetyNetAlertsCatalog succeeded
2023-08-12T21:18:52.448+02:00  INFO 11832 --- [           main] c.s.S.SafetyNetAlertsControllerTest      : Started SafetyNetAlertsControllerTest in 0.215 seconds (process running for 19.583)
2023-08-12T21:18:52.454+02:00  INFO 11832 --- [           main] c.s.S.SafetyNetAlertsApplication         : creating a new person firstNameTest lastNameTest has been posted
2023-08-12T21:18:52.455+02:00  INFO 11832 --- [           main] c.s.S.SafetyNetAlertsApplication         : The new person firstNameTest lastNameTest has been created correctly
]]></system-out>
  </testcase>
  <testcase name="testDeleteFirestationShouldPass" classname="com.safetynet.SafetyNetAlerts.SafetyNetAlertsControllerTest" time="0.008">
    <system-out><![CDATA[
  .   ____          _            __ _ _
 /\\ / ___'_ __ _ _(_)_ __  __ _ \ \ \ \
( ( )\___ | '_ | '_| | '_ \/ _` | \ \ \ \
 \\/  ___)| |_)| | | | | || (_| |  ) ) ) )
  '  |____| .__|_| |_|_| |_\__, | / / / /
 =========|_|==============|___/=/_/_/_/
 :: Spring Boot ::                (v3.1.1)

2023-08-12T21:18:52.468+02:00  INFO 11832 --- [           main] c.s.S.SafetyNetAlertsControllerTest      : Starting SafetyNetAlertsControllerTest using Java 17.0.6 with PID 11832 (started by indov in C:\Users\indov\git\SafetyNetAlerts\SafetyNetAlerts)
2023-08-12T21:18:52.469+02:00 DEBUG 11832 --- [           main] c.s.S.SafetyNetAlertsControllerTest      : Running with Spring Boot v3.1.1, Spring v6.0.10
2023-08-12T21:18:52.469+02:00  INFO 11832 --- [           main] c.s.S.SafetyNetAlertsControllerTest      : No active profile set, falling back to 1 default profile: "default"
2023-08-12T21:18:52.566+02:00 DEBUG 11832 --- [           main] c.s.S.SafetyNetAlertsApplication         : copy the data file
2023-08-12T21:18:52.566+02:00 DEBUG 11832 --- [           main] c.s.S.SafetyNetAlertsApplication         : create a list of persons
2023-08-12T21:18:52.567+02:00 DEBUG 11832 --- [           main] c.s.S.SafetyNetAlertsApplication         : create a list of fire stations
2023-08-12T21:18:52.567+02:00 DEBUG 11832 --- [           main] c.s.S.SafetyNetAlertsApplication         : create a list of medical records
2023-08-12T21:18:52.568+02:00 DEBUG 11832 --- [           main] c.s.S.SafetyNetAlertsApplication         : the constructor SafetyNetAlertsCatalog succeeded
2023-08-12T21:18:52.640+02:00  INFO 11832 --- [           main] c.s.S.SafetyNetAlertsControllerTest      : Started SafetyNetAlertsControllerTest in 0.18 seconds (process running for 19.774)
2023-08-12T21:18:52.645+02:00  INFO 11832 --- [           main] c.s.S.SafetyNetAlertsApplication         : request a deletion for the mapping firestation/address about the following address "1509 Culver St"
2023-08-12T21:18:52.646+02:00  INFO 11832 --- [           main] c.s.S.SafetyNetAlertsApplication         : The mapping firestation/address about the following address "1509 Culver St" has been deleted correctly
]]></system-out>
  </testcase>
  <testcase name="testUpdateMedicalRecordWithIncompleteBodyShouldFail" classname="com.safetynet.SafetyNetAlerts.SafetyNetAlertsControllerTest" time="0.007">
    <system-out><![CDATA[
  .   ____          _            __ _ _
 /\\ / ___'_ __ _ _(_)_ __  __ _ \ \ \ \
( ( )\___ | '_ | '_| | '_ \/ _` | \ \ \ \
 \\/  ___)| |_)| | | | | || (_| |  ) ) ) )
  '  |____| .__|_| |_|_| |_\__, | / / / /
 =========|_|==============|___/=/_/_/_/
 :: Spring Boot ::                (v3.1.1)

2023-08-12T21:18:52.659+02:00  INFO 11832 --- [           main] c.s.S.SafetyNetAlertsControllerTest      : Starting SafetyNetAlertsControllerTest using Java 17.0.6 with PID 11832 (started by indov in C:\Users\indov\git\SafetyNetAlerts\SafetyNetAlerts)
2023-08-12T21:18:52.660+02:00 DEBUG 11832 --- [           main] c.s.S.SafetyNetAlertsControllerTest      : Running with Spring Boot v3.1.1, Spring v6.0.10
2023-08-12T21:18:52.660+02:00  INFO 11832 --- [           main] c.s.S.SafetyNetAlertsControllerTest      : No active profile set, falling back to 1 default profile: "default"
2023-08-12T21:18:52.747+02:00 DEBUG 11832 --- [           main] c.s.S.SafetyNetAlertsApplication         : copy the data file
2023-08-12T21:18:52.747+02:00 DEBUG 11832 --- [           main] c.s.S.SafetyNetAlertsApplication         : create a list of persons
2023-08-12T21:18:52.748+02:00 DEBUG 11832 --- [           main] c.s.S.SafetyNetAlertsApplication         : create a list of fire stations
2023-08-12T21:18:52.749+02:00 DEBUG 11832 --- [           main] c.s.S.SafetyNetAlertsApplication         : create a list of medical records
2023-08-12T21:18:52.749+02:00 DEBUG 11832 --- [           main] c.s.S.SafetyNetAlertsApplication         : the constructor SafetyNetAlertsCatalog succeeded
2023-08-12T21:18:52.822+02:00  INFO 11832 --- [           main] c.s.S.SafetyNetAlertsControllerTest      : Started SafetyNetAlertsControllerTest in 0.172 seconds (process running for 19.957)
2023-08-12T21:18:52.827+02:00 ERROR 11832 --- [           main] c.s.S.SafetyNetAlertsApplication         : All the parameters are required
]]></system-out>
  </testcase>
  <testcase name="testDeleteMedicalRecordWithPersonUnknownShouldFail" classname="com.safetynet.SafetyNetAlerts.SafetyNetAlertsControllerTest" time="0.008">
    <system-out><![CDATA[
  .   ____          _            __ _ _
 /\\ / ___'_ __ _ _(_)_ __  __ _ \ \ \ \
( ( )\___ | '_ | '_| | '_ \/ _` | \ \ \ \
 \\/  ___)| |_)| | | | | || (_| |  ) ) ) )
  '  |____| .__|_| |_|_| |_\__, | / / / /
 =========|_|==============|___/=/_/_/_/
 :: Spring Boot ::                (v3.1.1)

2023-08-12T21:18:52.843+02:00  INFO 11832 --- [           main] c.s.S.SafetyNetAlertsControllerTest      : Starting SafetyNetAlertsControllerTest using Java 17.0.6 with PID 11832 (started by indov in C:\Users\indov\git\SafetyNetAlerts\SafetyNetAlerts)
2023-08-12T21:18:52.843+02:00 DEBUG 11832 --- [           main] c.s.S.SafetyNetAlertsControllerTest      : Running with Spring Boot v3.1.1, Spring v6.0.10
2023-08-12T21:18:52.843+02:00  INFO 11832 --- [           main] c.s.S.SafetyNetAlertsControllerTest      : No active profile set, falling back to 1 default profile: "default"
2023-08-12T21:18:52.951+02:00 DEBUG 11832 --- [           main] c.s.S.SafetyNetAlertsApplication         : copy the data file
2023-08-12T21:18:52.951+02:00 DEBUG 11832 --- [           main] c.s.S.SafetyNetAlertsApplication         : create a list of persons
2023-08-12T21:18:52.952+02:00 DEBUG 11832 --- [           main] c.s.S.SafetyNetAlertsApplication         : create a list of fire stations
2023-08-12T21:18:52.952+02:00 DEBUG 11832 --- [           main] c.s.S.SafetyNetAlertsApplication         : create a list of medical records
2023-08-12T21:18:52.953+02:00 DEBUG 11832 --- [           main] c.s.S.SafetyNetAlertsApplication         : the constructor SafetyNetAlertsCatalog succeeded
2023-08-12T21:18:53.035+02:00  INFO 11832 --- [           main] c.s.S.SafetyNetAlertsControllerTest      : Started SafetyNetAlertsControllerTest in 0.203 seconds (process running for 20.17)
2023-08-12T21:18:53.040+02:00  INFO 11832 --- [           main] c.s.S.SafetyNetAlertsApplication         : request a deletion for the medical record about the person named firstNameUnknown lastNameUnknown
2023-08-12T21:18:53.041+02:00 ERROR 11832 --- [           main] c.s.S.SafetyNetAlertsApplication         : the person named firstNameUnknown lastNameUnknown hasn't a medical record in our system
]]></system-out>
  </testcase>
  <testcase name="testGetEmailsFromCityWithoutParameterShouldFail" classname="com.safetynet.SafetyNetAlerts.SafetyNetAlertsControllerTest" time="0.003">
    <system-out><![CDATA[
  .   ____          _            __ _ _
 /\\ / ___'_ __ _ _(_)_ __  __ _ \ \ \ \
( ( )\___ | '_ | '_| | '_ \/ _` | \ \ \ \
 \\/  ___)| |_)| | | | | || (_| |  ) ) ) )
  '  |____| .__|_| |_|_| |_\__, | / / / /
 =========|_|==============|___/=/_/_/_/
 :: Spring Boot ::                (v3.1.1)

2023-08-12T21:18:53.055+02:00  INFO 11832 --- [           main] c.s.S.SafetyNetAlertsControllerTest      : Starting SafetyNetAlertsControllerTest using Java 17.0.6 with PID 11832 (started by indov in C:\Users\indov\git\SafetyNetAlerts\SafetyNetAlerts)
2023-08-12T21:18:53.056+02:00 DEBUG 11832 --- [           main] c.s.S.SafetyNetAlertsControllerTest      : Running with Spring Boot v3.1.1, Spring v6.0.10
2023-08-12T21:18:53.056+02:00  INFO 11832 --- [           main] c.s.S.SafetyNetAlertsControllerTest      : No active profile set, falling back to 1 default profile: "default"
2023-08-12T21:18:53.160+02:00 DEBUG 11832 --- [           main] c.s.S.SafetyNetAlertsApplication         : copy the data file
2023-08-12T21:18:53.160+02:00 DEBUG 11832 --- [           main] c.s.S.SafetyNetAlertsApplication         : create a list of persons
2023-08-12T21:18:53.161+02:00 DEBUG 11832 --- [           main] c.s.S.SafetyNetAlertsApplication         : create a list of fire stations
2023-08-12T21:18:53.161+02:00 DEBUG 11832 --- [           main] c.s.S.SafetyNetAlertsApplication         : create a list of medical records
2023-08-12T21:18:53.162+02:00 DEBUG 11832 --- [           main] c.s.S.SafetyNetAlertsApplication         : the constructor SafetyNetAlertsCatalog succeeded
2023-08-12T21:18:53.231+02:00  INFO 11832 --- [           main] c.s.S.SafetyNetAlertsControllerTest      : Started SafetyNetAlertsControllerTest in 0.186 seconds (process running for 20.366)
]]></system-out>
  </testcase>
  <testcase name="testDeleteMedicalRecordWithoutBodyShouldFail" classname="com.safetynet.SafetyNetAlerts.SafetyNetAlertsControllerTest" time="0.004">
    <system-out><![CDATA[
  .   ____          _            __ _ _
 /\\ / ___'_ __ _ _(_)_ __  __ _ \ \ \ \
( ( )\___ | '_ | '_| | '_ \/ _` | \ \ \ \
 \\/  ___)| |_)| | | | | || (_| |  ) ) ) )
  '  |____| .__|_| |_|_| |_\__, | / / / /
 =========|_|==============|___/=/_/_/_/
 :: Spring Boot ::                (v3.1.1)

2023-08-12T21:18:53.247+02:00  INFO 11832 --- [           main] c.s.S.SafetyNetAlertsControllerTest      : Starting SafetyNetAlertsControllerTest using Java 17.0.6 with PID 11832 (started by indov in C:\Users\indov\git\SafetyNetAlerts\SafetyNetAlerts)
2023-08-12T21:18:53.248+02:00 DEBUG 11832 --- [           main] c.s.S.SafetyNetAlertsControllerTest      : Running with Spring Boot v3.1.1, Spring v6.0.10
2023-08-12T21:18:53.248+02:00  INFO 11832 --- [           main] c.s.S.SafetyNetAlertsControllerTest      : No active profile set, falling back to 1 default profile: "default"
2023-08-12T21:18:53.363+02:00 DEBUG 11832 --- [           main] c.s.S.SafetyNetAlertsApplication         : copy the data file
2023-08-12T21:18:53.363+02:00 DEBUG 11832 --- [           main] c.s.S.SafetyNetAlertsApplication         : create a list of persons
2023-08-12T21:18:53.364+02:00 DEBUG 11832 --- [           main] c.s.S.SafetyNetAlertsApplication         : create a list of fire stations
2023-08-12T21:18:53.364+02:00 DEBUG 11832 --- [           main] c.s.S.SafetyNetAlertsApplication         : create a list of medical records
2023-08-12T21:18:53.365+02:00 DEBUG 11832 --- [           main] c.s.S.SafetyNetAlertsApplication         : the constructor SafetyNetAlertsCatalog succeeded
2023-08-12T21:18:53.423+02:00  INFO 11832 --- [           main] c.s.S.SafetyNetAlertsControllerTest      : Started SafetyNetAlertsControllerTest in 0.185 seconds (process running for 20.558)
]]></system-out>
  </testcase>
  <testcase name="testDeleteFirestationWithAddressUnknownShouldFail" classname="com.safetynet.SafetyNetAlerts.SafetyNetAlertsControllerTest" time="0.006">
    <system-out><![CDATA[
  .   ____          _            __ _ _
 /\\ / ___'_ __ _ _(_)_ __  __ _ \ \ \ \
( ( )\___ | '_ | '_| | '_ \/ _` | \ \ \ \
 \\/  ___)| |_)| | | | | || (_| |  ) ) ) )
  '  |____| .__|_| |_|_| |_\__, | / / / /
 =========|_|==============|___/=/_/_/_/
 :: Spring Boot ::                (v3.1.1)

2023-08-12T21:18:53.440+02:00  INFO 11832 --- [           main] c.s.S.SafetyNetAlertsControllerTest      : Starting SafetyNetAlertsControllerTest using Java 17.0.6 with PID 11832 (started by indov in C:\Users\indov\git\SafetyNetAlerts\SafetyNetAlerts)
2023-08-12T21:18:53.440+02:00 DEBUG 11832 --- [           main] c.s.S.SafetyNetAlertsControllerTest      : Running with Spring Boot v3.1.1, Spring v6.0.10
2023-08-12T21:18:53.440+02:00  INFO 11832 --- [           main] c.s.S.SafetyNetAlertsControllerTest      : No active profile set, falling back to 1 default profile: "default"
2023-08-12T21:18:53.533+02:00 DEBUG 11832 --- [           main] c.s.S.SafetyNetAlertsApplication         : copy the data file
2023-08-12T21:18:53.533+02:00 DEBUG 11832 --- [           main] c.s.S.SafetyNetAlertsApplication         : create a list of persons
2023-08-12T21:18:53.533+02:00 DEBUG 11832 --- [           main] c.s.S.SafetyNetAlertsApplication         : create a list of fire stations
2023-08-12T21:18:53.534+02:00 DEBUG 11832 --- [           main] c.s.S.SafetyNetAlertsApplication         : create a list of medical records
2023-08-12T21:18:53.535+02:00 DEBUG 11832 --- [           main] c.s.S.SafetyNetAlertsApplication         : the constructor SafetyNetAlertsCatalog succeeded
2023-08-12T21:18:53.593+02:00  INFO 11832 --- [           main] c.s.S.SafetyNetAlertsControllerTest      : Started SafetyNetAlertsControllerTest in 0.162 seconds (process running for 20.727)
2023-08-12T21:18:53.598+02:00  INFO 11832 --- [           main] c.s.S.SafetyNetAlertsApplication         : request a deletion for the mapping firestation/address about the following address "addressUnknown"
2023-08-12T21:18:53.598+02:00 ERROR 11832 --- [           main] c.s.S.SafetyNetAlertsApplication         : the following address "addressUnknown" about this mapping doesn't exist in our system
]]></system-out>
  </testcase>
  <testcase name="testUpdateMedicalRecordWithoutBodyShouldFail" classname="com.safetynet.SafetyNetAlerts.SafetyNetAlertsControllerTest" time="0.005">
    <system-out><![CDATA[
  .   ____          _            __ _ _
 /\\ / ___'_ __ _ _(_)_ __  __ _ \ \ \ \
( ( )\___ | '_ | '_| | '_ \/ _` | \ \ \ \
 \\/  ___)| |_)| | | | | || (_| |  ) ) ) )
  '  |____| .__|_| |_|_| |_\__, | / / / /
 =========|_|==============|___/=/_/_/_/
 :: Spring Boot ::                (v3.1.1)

2023-08-12T21:18:53.611+02:00  INFO 11832 --- [           main] c.s.S.SafetyNetAlertsControllerTest      : Starting SafetyNetAlertsControllerTest using Java 17.0.6 with PID 11832 (started by indov in C:\Users\indov\git\SafetyNetAlerts\SafetyNetAlerts)
2023-08-12T21:18:53.612+02:00 DEBUG 11832 --- [           main] c.s.S.SafetyNetAlertsControllerTest      : Running with Spring Boot v3.1.1, Spring v6.0.10
2023-08-12T21:18:53.612+02:00  INFO 11832 --- [           main] c.s.S.SafetyNetAlertsControllerTest      : No active profile set, falling back to 1 default profile: "default"
2023-08-12T21:18:53.707+02:00 DEBUG 11832 --- [           main] c.s.S.SafetyNetAlertsApplication         : copy the data file
2023-08-12T21:18:53.707+02:00 DEBUG 11832 --- [           main] c.s.S.SafetyNetAlertsApplication         : create a list of persons
2023-08-12T21:18:53.708+02:00 DEBUG 11832 --- [           main] c.s.S.SafetyNetAlertsApplication         : create a list of fire stations
2023-08-12T21:18:53.708+02:00 DEBUG 11832 --- [           main] c.s.S.SafetyNetAlertsApplication         : create a list of medical records
2023-08-12T21:18:53.709+02:00 DEBUG 11832 --- [           main] c.s.S.SafetyNetAlertsApplication         : the constructor SafetyNetAlertsCatalog succeeded
2023-08-12T21:18:53.778+02:00  INFO 11832 --- [           main] c.s.S.SafetyNetAlertsControllerTest      : Started SafetyNetAlertsControllerTest in 0.176 seconds (process running for 20.913)
]]></system-out>
  </testcase>
  <testcase name="testGetPhonesFromStationShouldPass" classname="com.safetynet.SafetyNetAlerts.SafetyNetAlertsControllerTest" time="0.006">
    <system-out><![CDATA[
  .   ____          _            __ _ _
 /\\ / ___'_ __ _ _(_)_ __  __ _ \ \ \ \
( ( )\___ | '_ | '_| | '_ \/ _` | \ \ \ \
 \\/  ___)| |_)| | | | | || (_| |  ) ) ) )
  '  |____| .__|_| |_|_| |_\__, | / / / /
 =========|_|==============|___/=/_/_/_/
 :: Spring Boot ::                (v3.1.1)

2023-08-12T21:18:53.797+02:00  INFO 11832 --- [           main] c.s.S.SafetyNetAlertsControllerTest      : Starting SafetyNetAlertsControllerTest using Java 17.0.6 with PID 11832 (started by indov in C:\Users\indov\git\SafetyNetAlerts\SafetyNetAlerts)
2023-08-12T21:18:53.797+02:00 DEBUG 11832 --- [           main] c.s.S.SafetyNetAlertsControllerTest      : Running with Spring Boot v3.1.1, Spring v6.0.10
2023-08-12T21:18:53.797+02:00  INFO 11832 --- [           main] c.s.S.SafetyNetAlertsControllerTest      : No active profile set, falling back to 1 default profile: "default"
2023-08-12T21:18:53.892+02:00 DEBUG 11832 --- [           main] c.s.S.SafetyNetAlertsApplication         : copy the data file
2023-08-12T21:18:53.892+02:00 DEBUG 11832 --- [           main] c.s.S.SafetyNetAlertsApplication         : create a list of persons
2023-08-12T21:18:53.893+02:00 DEBUG 11832 --- [           main] c.s.S.SafetyNetAlertsApplication         : create a list of fire stations
2023-08-12T21:18:53.893+02:00 DEBUG 11832 --- [           main] c.s.S.SafetyNetAlertsApplication         : create a list of medical records
2023-08-12T21:18:53.894+02:00 DEBUG 11832 --- [           main] c.s.S.SafetyNetAlertsApplication         : the constructor SafetyNetAlertsCatalog succeeded
2023-08-12T21:18:53.950+02:00  INFO 11832 --- [           main] c.s.S.SafetyNetAlertsControllerTest      : Started SafetyNetAlertsControllerTest in 0.164 seconds (process running for 21.085)
2023-08-12T21:18:53.953+02:00  INFO 11832 --- [           main] c.s.S.SafetyNetAlertsApplication         : request the list of phones from persons living near by the fireStation number 3
2023-08-12T21:18:53.953+02:00 DEBUG 11832 --- [           main] c.s.S.SafetyNetAlertsApplication         : get the list of fireStations
2023-08-12T21:18:53.953+02:00 DEBUG 11832 --- [           main] c.s.S.SafetyNetAlertsApplication         : get the list of addresses that are covered by the fireStation number 3
2023-08-12T21:18:53.953+02:00 DEBUG 11832 --- [           main] c.s.S.SafetyNetAlertsApplication         : get the list of persons
2023-08-12T21:18:53.953+02:00  INFO 11832 --- [           main] c.s.S.SafetyNetAlertsApplication         : response with 7 phone(s) from persons living near by the fireStation number 3
]]></system-out>
  </testcase>
  <testcase name="testDeleteMedicalRecordWithIncompleteBodyShouldFail" classname="com.safetynet.SafetyNetAlerts.SafetyNetAlertsControllerTest" time="0.006">
    <system-out><![CDATA[
  .   ____          _            __ _ _
 /\\ / ___'_ __ _ _(_)_ __  __ _ \ \ \ \
( ( )\___ | '_ | '_| | '_ \/ _` | \ \ \ \
 \\/  ___)| |_)| | | | | || (_| |  ) ) ) )
  '  |____| .__|_| |_|_| |_\__, | / / / /
 =========|_|==============|___/=/_/_/_/
 :: Spring Boot ::                (v3.1.1)

2023-08-12T21:18:53.967+02:00  INFO 11832 --- [           main] c.s.S.SafetyNetAlertsControllerTest      : Starting SafetyNetAlertsControllerTest using Java 17.0.6 with PID 11832 (started by indov in C:\Users\indov\git\SafetyNetAlerts\SafetyNetAlerts)
2023-08-12T21:18:53.967+02:00 DEBUG 11832 --- [           main] c.s.S.SafetyNetAlertsControllerTest      : Running with Spring Boot v3.1.1, Spring v6.0.10
2023-08-12T21:18:53.967+02:00  INFO 11832 --- [           main] c.s.S.SafetyNetAlertsControllerTest      : No active profile set, falling back to 1 default profile: "default"
2023-08-12T21:18:54.059+02:00 DEBUG 11832 --- [           main] c.s.S.SafetyNetAlertsApplication         : copy the data file
2023-08-12T21:18:54.059+02:00 DEBUG 11832 --- [           main] c.s.S.SafetyNetAlertsApplication         : create a list of persons
2023-08-12T21:18:54.060+02:00 DEBUG 11832 --- [           main] c.s.S.SafetyNetAlertsApplication         : create a list of fire stations
2023-08-12T21:18:54.060+02:00 DEBUG 11832 --- [           main] c.s.S.SafetyNetAlertsApplication         : create a list of medical records
2023-08-12T21:18:54.060+02:00 DEBUG 11832 --- [           main] c.s.S.SafetyNetAlertsApplication         : the constructor SafetyNetAlertsCatalog succeeded
2023-08-12T21:18:54.137+02:00  INFO 11832 --- [           main] c.s.S.SafetyNetAlertsControllerTest      : Started SafetyNetAlertsControllerTest in 0.179 seconds (process running for 21.272)
]]></system-out>
  </testcase>
  <testcase name="testGetPhonesFromStationWithoutParameterShouldFail" classname="com.safetynet.SafetyNetAlerts.SafetyNetAlertsControllerTest" time="0.004">
    <system-out><![CDATA[
  .   ____          _            __ _ _
 /\\ / ___'_ __ _ _(_)_ __  __ _ \ \ \ \
( ( )\___ | '_ | '_| | '_ \/ _` | \ \ \ \
 \\/  ___)| |_)| | | | | || (_| |  ) ) ) )
  '  |____| .__|_| |_|_| |_\__, | / / / /
 =========|_|==============|___/=/_/_/_/
 :: Spring Boot ::                (v3.1.1)

2023-08-12T21:18:54.155+02:00  INFO 11832 --- [           main] c.s.S.SafetyNetAlertsControllerTest      : Starting SafetyNetAlertsControllerTest using Java 17.0.6 with PID 11832 (started by indov in C:\Users\indov\git\SafetyNetAlerts\SafetyNetAlerts)
2023-08-12T21:18:54.155+02:00 DEBUG 11832 --- [           main] c.s.S.SafetyNetAlertsControllerTest      : Running with Spring Boot v3.1.1, Spring v6.0.10
2023-08-12T21:18:54.155+02:00  INFO 11832 --- [           main] c.s.S.SafetyNetAlertsControllerTest      : No active profile set, falling back to 1 default profile: "default"
2023-08-12T21:18:54.269+02:00 DEBUG 11832 --- [           main] c.s.S.SafetyNetAlertsApplication         : copy the data file
2023-08-12T21:18:54.270+02:00 DEBUG 11832 --- [           main] c.s.S.SafetyNetAlertsApplication         : create a list of persons
2023-08-12T21:18:54.270+02:00 DEBUG 11832 --- [           main] c.s.S.SafetyNetAlertsApplication         : create a list of fire stations
2023-08-12T21:18:54.271+02:00 DEBUG 11832 --- [           main] c.s.S.SafetyNetAlertsApplication         : create a list of medical records
2023-08-12T21:18:54.271+02:00 DEBUG 11832 --- [           main] c.s.S.SafetyNetAlertsApplication         : the constructor SafetyNetAlertsCatalog succeeded
2023-08-12T21:18:54.330+02:00  INFO 11832 --- [           main] c.s.S.SafetyNetAlertsControllerTest      : Started SafetyNetAlertsControllerTest in 0.185 seconds (process running for 21.465)
]]></system-out>
  </testcase>
  <testcase name="testUpdatePersonWithoutBodyShouldFail" classname="com.safetynet.SafetyNetAlerts.SafetyNetAlertsControllerTest" time="0.005">
    <system-out><![CDATA[
  .   ____          _            __ _ _
 /\\ / ___'_ __ _ _(_)_ __  __ _ \ \ \ \
( ( )\___ | '_ | '_| | '_ \/ _` | \ \ \ \
 \\/  ___)| |_)| | | | | || (_| |  ) ) ) )
  '  |____| .__|_| |_|_| |_\__, | / / / /
 =========|_|==============|___/=/_/_/_/
 :: Spring Boot ::                (v3.1.1)

2023-08-12T21:18:54.345+02:00  INFO 11832 --- [           main] c.s.S.SafetyNetAlertsControllerTest      : Starting SafetyNetAlertsControllerTest using Java 17.0.6 with PID 11832 (started by indov in C:\Users\indov\git\SafetyNetAlerts\SafetyNetAlerts)
2023-08-12T21:18:54.345+02:00 DEBUG 11832 --- [           main] c.s.S.SafetyNetAlertsControllerTest      : Running with Spring Boot v3.1.1, Spring v6.0.10
2023-08-12T21:18:54.345+02:00  INFO 11832 --- [           main] c.s.S.SafetyNetAlertsControllerTest      : No active profile set, falling back to 1 default profile: "default"
2023-08-12T21:18:54.432+02:00 DEBUG 11832 --- [           main] c.s.S.SafetyNetAlertsApplication         : copy the data file
2023-08-12T21:18:54.432+02:00 DEBUG 11832 --- [           main] c.s.S.SafetyNetAlertsApplication         : create a list of persons
2023-08-12T21:18:54.433+02:00 DEBUG 11832 --- [           main] c.s.S.SafetyNetAlertsApplication         : create a list of fire stations
2023-08-12T21:18:54.433+02:00 DEBUG 11832 --- [           main] c.s.S.SafetyNetAlertsApplication         : create a list of medical records
2023-08-12T21:18:54.434+02:00 DEBUG 11832 --- [           main] c.s.S.SafetyNetAlertsApplication         : the constructor SafetyNetAlertsCatalog succeeded
2023-08-12T21:18:54.488+02:00  INFO 11832 --- [           main] c.s.S.SafetyNetAlertsControllerTest      : Started SafetyNetAlertsControllerTest in 0.151 seconds (process running for 21.622)
]]></system-out>
  </testcase>
  <testcase name="testUpdateFirestationWithIncompleteBodyShouldFail" classname="com.safetynet.SafetyNetAlerts.SafetyNetAlertsControllerTest" time="0.005">
    <system-out><![CDATA[
  .   ____          _            __ _ _
 /\\ / ___'_ __ _ _(_)_ __  __ _ \ \ \ \
( ( )\___ | '_ | '_| | '_ \/ _` | \ \ \ \
 \\/  ___)| |_)| | | | | || (_| |  ) ) ) )
  '  |____| .__|_| |_|_| |_\__, | / / / /
 =========|_|==============|___/=/_/_/_/
 :: Spring Boot ::                (v3.1.1)

2023-08-12T21:18:54.505+02:00  INFO 11832 --- [           main] c.s.S.SafetyNetAlertsControllerTest      : Starting SafetyNetAlertsControllerTest using Java 17.0.6 with PID 11832 (started by indov in C:\Users\indov\git\SafetyNetAlerts\SafetyNetAlerts)
2023-08-12T21:18:54.505+02:00 DEBUG 11832 --- [           main] c.s.S.SafetyNetAlertsControllerTest      : Running with Spring Boot v3.1.1, Spring v6.0.10
2023-08-12T21:18:54.505+02:00  INFO 11832 --- [           main] c.s.S.SafetyNetAlertsControllerTest      : No active profile set, falling back to 1 default profile: "default"
2023-08-12T21:18:54.588+02:00 DEBUG 11832 --- [           main] c.s.S.SafetyNetAlertsApplication         : copy the data file
2023-08-12T21:18:54.588+02:00 DEBUG 11832 --- [           main] c.s.S.SafetyNetAlertsApplication         : create a list of persons
2023-08-12T21:18:54.589+02:00 DEBUG 11832 --- [           main] c.s.S.SafetyNetAlertsApplication         : create a list of fire stations
2023-08-12T21:18:54.589+02:00 DEBUG 11832 --- [           main] c.s.S.SafetyNetAlertsApplication         : create a list of medical records
2023-08-12T21:18:54.590+02:00 DEBUG 11832 --- [           main] c.s.S.SafetyNetAlertsApplication         : the constructor SafetyNetAlertsCatalog succeeded
2023-08-12T21:18:54.652+02:00  INFO 11832 --- [           main] c.s.S.SafetyNetAlertsControllerTest      : Started SafetyNetAlertsControllerTest in 0.157 seconds (process running for 21.787)
2023-08-12T21:18:54.656+02:00 ERROR 11832 --- [           main] c.s.S.SafetyNetAlertsApplication         : All the parameters are required
]]></system-out>
  </testcase>
  <testcase name="testDeleteMedicalRecordShouldPass" classname="com.safetynet.SafetyNetAlerts.SafetyNetAlertsControllerTest" time="0.007">
    <system-out><![CDATA[
  .   ____          _            __ _ _
 /\\ / ___'_ __ _ _(_)_ __  __ _ \ \ \ \
( ( )\___ | '_ | '_| | '_ \/ _` | \ \ \ \
 \\/  ___)| |_)| | | | | || (_| |  ) ) ) )
  '  |____| .__|_| |_|_| |_\__, | / / / /
 =========|_|==============|___/=/_/_/_/
 :: Spring Boot ::                (v3.1.1)

2023-08-12T21:18:54.668+02:00  INFO 11832 --- [           main] c.s.S.SafetyNetAlertsControllerTest      : Starting SafetyNetAlertsControllerTest using Java 17.0.6 with PID 11832 (started by indov in C:\Users\indov\git\SafetyNetAlerts\SafetyNetAlerts)
2023-08-12T21:18:54.668+02:00 DEBUG 11832 --- [           main] c.s.S.SafetyNetAlertsControllerTest      : Running with Spring Boot v3.1.1, Spring v6.0.10
2023-08-12T21:18:54.668+02:00  INFO 11832 --- [           main] c.s.S.SafetyNetAlertsControllerTest      : No active profile set, falling back to 1 default profile: "default"
2023-08-12T21:18:54.764+02:00 DEBUG 11832 --- [           main] c.s.S.SafetyNetAlertsApplication         : copy the data file
2023-08-12T21:18:54.764+02:00 DEBUG 11832 --- [           main] c.s.S.SafetyNetAlertsApplication         : create a list of persons
2023-08-12T21:18:54.765+02:00 DEBUG 11832 --- [           main] c.s.S.SafetyNetAlertsApplication         : create a list of fire stations
2023-08-12T21:18:54.765+02:00 DEBUG 11832 --- [           main] c.s.S.SafetyNetAlertsApplication         : create a list of medical records
2023-08-12T21:18:54.766+02:00 DEBUG 11832 --- [           main] c.s.S.SafetyNetAlertsApplication         : the constructor SafetyNetAlertsCatalog succeeded
2023-08-12T21:18:54.830+02:00  INFO 11832 --- [           main] c.s.S.SafetyNetAlertsControllerTest      : Started SafetyNetAlertsControllerTest in 0.17 seconds (process running for 21.965)
2023-08-12T21:18:54.835+02:00  INFO 11832 --- [           main] c.s.S.SafetyNetAlertsApplication         : request a deletion for the medical record about the person named John Boyd
2023-08-12T21:18:54.835+02:00  INFO 11832 --- [           main] c.s.S.SafetyNetAlertsApplication         : The medical record about the person named John Boyd has been deleted correctly
]]></system-out>
  </testcase>
  <testcase name="testGetInformationFromNameWithoutParameterShouldFail" classname="com.safetynet.SafetyNetAlerts.SafetyNetAlertsControllerTest" time="0.005">
    <system-out><![CDATA[
  .   ____          _            __ _ _
 /\\ / ___'_ __ _ _(_)_ __  __ _ \ \ \ \
( ( )\___ | '_ | '_| | '_ \/ _` | \ \ \ \
 \\/  ___)| |_)| | | | | || (_| |  ) ) ) )
  '  |____| .__|_| |_|_| |_\__, | / / / /
 =========|_|==============|___/=/_/_/_/
 :: Spring Boot ::                (v3.1.1)

2023-08-12T21:18:54.848+02:00  INFO 11832 --- [           main] c.s.S.SafetyNetAlertsControllerTest      : Starting SafetyNetAlertsControllerTest using Java 17.0.6 with PID 11832 (started by indov in C:\Users\indov\git\SafetyNetAlerts\SafetyNetAlerts)
2023-08-12T21:18:54.848+02:00 DEBUG 11832 --- [           main] c.s.S.SafetyNetAlertsControllerTest      : Running with Spring Boot v3.1.1, Spring v6.0.10
2023-08-12T21:18:54.849+02:00  INFO 11832 --- [           main] c.s.S.SafetyNetAlertsControllerTest      : No active profile set, falling back to 1 default profile: "default"
2023-08-12T21:18:54.937+02:00 DEBUG 11832 --- [           main] c.s.S.SafetyNetAlertsApplication         : copy the data file
2023-08-12T21:18:54.937+02:00 DEBUG 11832 --- [           main] c.s.S.SafetyNetAlertsApplication         : create a list of persons
2023-08-12T21:18:54.938+02:00 DEBUG 11832 --- [           main] c.s.S.SafetyNetAlertsApplication         : create a list of fire stations
2023-08-12T21:18:54.938+02:00 DEBUG 11832 --- [           main] c.s.S.SafetyNetAlertsApplication         : create a list of medical records
2023-08-12T21:18:54.939+02:00 DEBUG 11832 --- [           main] c.s.S.SafetyNetAlertsApplication         : the constructor SafetyNetAlertsCatalog succeeded
2023-08-12T21:18:55.005+02:00  INFO 11832 --- [           main] c.s.S.SafetyNetAlertsControllerTest      : Started SafetyNetAlertsControllerTest in 0.166 seconds (process running for 22.14)
]]></system-out>
  </testcase>
  <testcase name="testCreateFirestationWithoutBodyShouldFail" classname="com.safetynet.SafetyNetAlerts.SafetyNetAlertsControllerTest" time="0.003">
    <system-out><![CDATA[
  .   ____          _            __ _ _
 /\\ / ___'_ __ _ _(_)_ __  __ _ \ \ \ \
( ( )\___ | '_ | '_| | '_ \/ _` | \ \ \ \
 \\/  ___)| |_)| | | | | || (_| |  ) ) ) )
  '  |____| .__|_| |_|_| |_\__, | / / / /
 =========|_|==============|___/=/_/_/_/
 :: Spring Boot ::                (v3.1.1)

2023-08-12T21:18:55.023+02:00  INFO 11832 --- [           main] c.s.S.SafetyNetAlertsControllerTest      : Starting SafetyNetAlertsControllerTest using Java 17.0.6 with PID 11832 (started by indov in C:\Users\indov\git\SafetyNetAlerts\SafetyNetAlerts)
2023-08-12T21:18:55.023+02:00 DEBUG 11832 --- [           main] c.s.S.SafetyNetAlertsControllerTest      : Running with Spring Boot v3.1.1, Spring v6.0.10
2023-08-12T21:18:55.023+02:00  INFO 11832 --- [           main] c.s.S.SafetyNetAlertsControllerTest      : No active profile set, falling back to 1 default profile: "default"
2023-08-12T21:18:55.114+02:00 DEBUG 11832 --- [           main] c.s.S.SafetyNetAlertsApplication         : copy the data file
2023-08-12T21:18:55.114+02:00 DEBUG 11832 --- [           main] c.s.S.SafetyNetAlertsApplication         : create a list of persons
2023-08-12T21:18:55.115+02:00 DEBUG 11832 --- [           main] c.s.S.SafetyNetAlertsApplication         : create a list of fire stations
2023-08-12T21:18:55.115+02:00 DEBUG 11832 --- [           main] c.s.S.SafetyNetAlertsApplication         : create a list of medical records
2023-08-12T21:18:55.115+02:00 DEBUG 11832 --- [           main] c.s.S.SafetyNetAlertsApplication         : the constructor SafetyNetAlertsCatalog succeeded
2023-08-12T21:18:55.182+02:00  INFO 11832 --- [           main] c.s.S.SafetyNetAlertsControllerTest      : Started SafetyNetAlertsControllerTest in 0.17 seconds (process running for 22.318)
]]></system-out>
  </testcase>
</testsuite>